
          /\      |‾‾| /‾‾/   /‾‾/   
     /\  /  \     |  |/  /   /  /    
    /  \/    \    |     (   /   ‾‾\  
   /          \   |  |\  \ |  (‾)  | 
  / __________ \  |__| \__\ \_____/ .io

     execution: local
        script: keydb/counter/redis.js
        output: -

     scenarios: (100.00%) 2 scenarios, 100 max VUs, 2m30s max duration (incl. graceful stop):
              * test_decr: 50 looping VUs for 2m0s (exec: decr, gracefulStop: 30s)
              * test_incr: 50 looping VUs for 2m0s (exec: incr, gracefulStop: 30s)


running (0m01.0s), 100/100 VUs, 86937 complete and 0 interrupted iterations
test_decr   [   1% ] 50 VUs  0m01.0s/2m0s
test_incr   [   1% ] 50 VUs  0m01.0s/2m0s

running (0m02.0s), 100/100 VUs, 185414 complete and 0 interrupted iterations
test_decr   [   2% ] 50 VUs  0m02.0s/2m0s
test_incr   [   2% ] 50 VUs  0m02.0s/2m0s

running (0m03.0s), 100/100 VUs, 284770 complete and 0 interrupted iterations
test_decr   [   2% ] 50 VUs  0m03.0s/2m0s
test_incr   [   2% ] 50 VUs  0m03.0s/2m0s

running (0m04.0s), 100/100 VUs, 384890 complete and 0 interrupted iterations
test_decr   [   3% ] 50 VUs  0m04.0s/2m0s
test_incr   [   3% ] 50 VUs  0m04.0s/2m0s

running (0m05.0s), 100/100 VUs, 485710 complete and 0 interrupted iterations
test_decr   [   4% ] 50 VUs  0m05.0s/2m0s
test_incr   [   4% ] 50 VUs  0m05.0s/2m0s

running (0m06.0s), 100/100 VUs, 586494 complete and 0 interrupted iterations
test_decr   [   5% ] 50 VUs  0m06.0s/2m0s
test_incr   [   5% ] 50 VUs  0m06.0s/2m0s

running (0m07.0s), 100/100 VUs, 685917 complete and 0 interrupted iterations
test_decr   [   6% ] 50 VUs  0m07.0s/2m0s
test_incr   [   6% ] 50 VUs  0m07.0s/2m0s

running (0m08.0s), 100/100 VUs, 785253 complete and 0 interrupted iterations
test_decr   [   7% ] 50 VUs  0m08.0s/2m0s
test_incr   [   7% ] 50 VUs  0m08.0s/2m0s

running (0m09.0s), 100/100 VUs, 884846 complete and 0 interrupted iterations
test_decr   [   7% ] 50 VUs  0m09.0s/2m0s
test_incr   [   7% ] 50 VUs  0m09.0s/2m0s

running (0m10.0s), 100/100 VUs, 988178 complete and 0 interrupted iterations
test_decr   [   8% ] 50 VUs  0m10.0s/2m0s
test_incr   [   8% ] 50 VUs  0m10.0s/2m0s

running (0m11.0s), 100/100 VUs, 1092039 complete and 0 interrupted iterations
test_decr   [   9% ] 50 VUs  0m11.0s/2m0s
test_incr   [   9% ] 50 VUs  0m11.0s/2m0s

running (0m12.0s), 100/100 VUs, 1195182 complete and 0 interrupted iterations
test_decr   [  10% ] 50 VUs  0m12.0s/2m0s
test_incr   [  10% ] 50 VUs  0m12.0s/2m0s

running (0m13.0s), 100/100 VUs, 1298794 complete and 0 interrupted iterations
test_decr   [  11% ] 50 VUs  0m13.0s/2m0s
test_incr   [  11% ] 50 VUs  0m13.0s/2m0s

running (0m14.0s), 100/100 VUs, 1401314 complete and 0 interrupted iterations
test_decr   [  12% ] 50 VUs  0m14.0s/2m0s
test_incr   [  12% ] 50 VUs  0m14.0s/2m0s

running (0m15.0s), 100/100 VUs, 1503089 complete and 0 interrupted iterations
test_decr   [  12% ] 50 VUs  0m15.0s/2m0s
test_incr   [  12% ] 50 VUs  0m15.0s/2m0s

running (0m16.0s), 100/100 VUs, 1607467 complete and 0 interrupted iterations
test_decr   [  13% ] 50 VUs  0m16.0s/2m0s
test_incr   [  13% ] 50 VUs  0m16.0s/2m0s

running (0m17.0s), 100/100 VUs, 1708835 complete and 0 interrupted iterations
test_decr   [  14% ] 50 VUs  0m17.0s/2m0s
test_incr   [  14% ] 50 VUs  0m17.0s/2m0s

running (0m18.0s), 100/100 VUs, 1814582 complete and 0 interrupted iterations
test_decr   [  15% ] 50 VUs  0m18.0s/2m0s
test_incr   [  15% ] 50 VUs  0m18.0s/2m0s

running (0m19.0s), 100/100 VUs, 1917998 complete and 0 interrupted iterations
test_decr   [  16% ] 50 VUs  0m19.0s/2m0s
test_incr   [  16% ] 50 VUs  0m19.0s/2m0s

running (0m20.0s), 100/100 VUs, 2023606 complete and 0 interrupted iterations
test_decr   [  17% ] 50 VUs  0m20.0s/2m0s
test_incr   [  17% ] 50 VUs  0m20.0s/2m0s

running (0m21.0s), 100/100 VUs, 2127438 complete and 0 interrupted iterations
test_decr   [  17% ] 50 VUs  0m21.0s/2m0s
test_incr   [  17% ] 50 VUs  0m21.0s/2m0s

running (0m22.0s), 100/100 VUs, 2233370 complete and 0 interrupted iterations
test_decr   [  18% ] 50 VUs  0m22.0s/2m0s
test_incr   [  18% ] 50 VUs  0m22.0s/2m0s

running (0m23.0s), 100/100 VUs, 2340346 complete and 0 interrupted iterations
test_decr   [  19% ] 50 VUs  0m23.0s/2m0s
test_incr   [  19% ] 50 VUs  0m23.0s/2m0s

running (0m24.0s), 100/100 VUs, 2446190 complete and 0 interrupted iterations
test_decr   [  20% ] 50 VUs  0m24.0s/2m0s
test_incr   [  20% ] 50 VUs  0m24.0s/2m0s

running (0m25.0s), 100/100 VUs, 2549952 complete and 0 interrupted iterations
test_decr   [  21% ] 50 VUs  0m25.0s/2m0s
test_incr   [  21% ] 50 VUs  0m25.0s/2m0s

running (0m26.0s), 100/100 VUs, 2655463 complete and 0 interrupted iterations
test_decr   [  22% ] 50 VUs  0m26.0s/2m0s
test_incr   [  22% ] 50 VUs  0m26.0s/2m0s

running (0m27.0s), 100/100 VUs, 2760160 complete and 0 interrupted iterations
test_decr   [  22% ] 50 VUs  0m27.0s/2m0s
test_incr   [  22% ] 50 VUs  0m27.0s/2m0s

running (0m28.0s), 100/100 VUs, 2867263 complete and 0 interrupted iterations
test_decr   [  23% ] 50 VUs  0m28.0s/2m0s
test_incr   [  23% ] 50 VUs  0m28.0s/2m0s

running (0m29.0s), 100/100 VUs, 2972019 complete and 0 interrupted iterations
test_decr   [  24% ] 50 VUs  0m29.0s/2m0s
test_incr   [  24% ] 50 VUs  0m29.0s/2m0s

running (0m30.0s), 100/100 VUs, 3077303 complete and 0 interrupted iterations
test_decr   [  25% ] 50 VUs  0m30.0s/2m0s
test_incr   [  25% ] 50 VUs  0m30.0s/2m0s

running (0m31.0s), 100/100 VUs, 3183119 complete and 0 interrupted iterations
test_decr   [  26% ] 50 VUs  0m31.0s/2m0s
test_incr   [  26% ] 50 VUs  0m31.0s/2m0s

running (0m32.0s), 100/100 VUs, 3287016 complete and 0 interrupted iterations
test_decr   [  27% ] 50 VUs  0m32.0s/2m0s
test_incr   [  27% ] 50 VUs  0m32.0s/2m0s

running (0m33.0s), 100/100 VUs, 3396324 complete and 0 interrupted iterations
test_decr   [  27% ] 50 VUs  0m33.0s/2m0s
test_incr   [  27% ] 50 VUs  0m33.0s/2m0s

running (0m34.0s), 100/100 VUs, 3504883 complete and 0 interrupted iterations
test_decr   [  28% ] 50 VUs  0m34.0s/2m0s
test_incr   [  28% ] 50 VUs  0m34.0s/2m0s

running (0m35.0s), 100/100 VUs, 3613292 complete and 0 interrupted iterations
test_decr   [  29% ] 50 VUs  0m35.0s/2m0s
test_incr   [  29% ] 50 VUs  0m35.0s/2m0s

running (0m36.0s), 100/100 VUs, 3720977 complete and 0 interrupted iterations
test_decr   [  30% ] 50 VUs  0m36.0s/2m0s
test_incr   [  30% ] 50 VUs  0m36.0s/2m0s

running (0m37.0s), 100/100 VUs, 3827547 complete and 0 interrupted iterations
test_decr   [  31% ] 50 VUs  0m37.0s/2m0s
test_incr   [  31% ] 50 VUs  0m37.0s/2m0s

running (0m38.0s), 100/100 VUs, 3936987 complete and 0 interrupted iterations
test_decr   [  32% ] 50 VUs  0m38.0s/2m0s
test_incr   [  32% ] 50 VUs  0m38.0s/2m0s

running (0m39.0s), 100/100 VUs, 4045488 complete and 0 interrupted iterations
test_decr   [  33% ] 50 VUs  0m39.0s/2m0s
test_incr   [  33% ] 50 VUs  0m39.0s/2m0s

running (0m40.0s), 100/100 VUs, 4153683 complete and 0 interrupted iterations
test_decr   [  33% ] 50 VUs  0m40.0s/2m0s
test_incr   [  33% ] 50 VUs  0m40.0s/2m0s

running (0m41.0s), 100/100 VUs, 4262963 complete and 0 interrupted iterations
test_decr   [  34% ] 50 VUs  0m41.0s/2m0s
test_incr   [  34% ] 50 VUs  0m41.0s/2m0s

running (0m42.0s), 100/100 VUs, 4372296 complete and 0 interrupted iterations
test_decr   [  35% ] 50 VUs  0m42.0s/2m0s
test_incr   [  35% ] 50 VUs  0m42.0s/2m0s

running (0m43.0s), 100/100 VUs, 4481909 complete and 0 interrupted iterations
test_decr   [  36% ] 50 VUs  0m43.0s/2m0s
test_incr   [  36% ] 50 VUs  0m43.0s/2m0s

running (0m44.0s), 100/100 VUs, 4592695 complete and 0 interrupted iterations
test_decr   [  37% ] 50 VUs  0m44.0s/2m0s
test_incr   [  37% ] 50 VUs  0m44.0s/2m0s

running (0m45.0s), 100/100 VUs, 4706707 complete and 0 interrupted iterations
test_decr   [  37% ] 50 VUs  0m45.0s/2m0s
test_incr   [  37% ] 50 VUs  0m45.0s/2m0s

running (0m46.0s), 100/100 VUs, 4816847 complete and 0 interrupted iterations
test_decr   [  38% ] 50 VUs  0m46.0s/2m0s
test_incr   [  38% ] 50 VUs  0m46.0s/2m0s

running (0m47.0s), 100/100 VUs, 4926180 complete and 0 interrupted iterations
test_decr   [  39% ] 50 VUs  0m47.0s/2m0s
test_incr   [  39% ] 50 VUs  0m47.0s/2m0s

running (0m48.0s), 100/100 VUs, 5036494 complete and 0 interrupted iterations
test_decr   [  40% ] 50 VUs  0m48.0s/2m0s
test_incr   [  40% ] 50 VUs  0m48.0s/2m0s

running (0m49.0s), 100/100 VUs, 5145420 complete and 0 interrupted iterations
test_decr   [  41% ] 50 VUs  0m49.0s/2m0s
test_incr   [  41% ] 50 VUs  0m49.0s/2m0s

running (0m50.0s), 100/100 VUs, 5258567 complete and 0 interrupted iterations
test_decr   [  42% ] 50 VUs  0m50.0s/2m0s
test_incr   [  42% ] 50 VUs  0m50.0s/2m0s

running (0m51.0s), 100/100 VUs, 5368564 complete and 0 interrupted iterations
test_decr   [  42% ] 50 VUs  0m51.0s/2m0s
test_incr   [  42% ] 50 VUs  0m51.0s/2m0s

running (0m52.0s), 100/100 VUs, 5479811 complete and 0 interrupted iterations
test_decr   [  43% ] 50 VUs  0m52.0s/2m0s
test_incr   [  43% ] 50 VUs  0m52.0s/2m0s

running (0m53.0s), 100/100 VUs, 5591590 complete and 0 interrupted iterations
test_decr   [  44% ] 50 VUs  0m53.0s/2m0s
test_incr   [  44% ] 50 VUs  0m53.0s/2m0s

running (0m54.0s), 100/100 VUs, 5705254 complete and 0 interrupted iterations
test_decr   [  45% ] 50 VUs  0m54.0s/2m0s
test_incr   [  45% ] 50 VUs  0m54.0s/2m0s

running (0m55.0s), 100/100 VUs, 5815513 complete and 0 interrupted iterations
test_decr   [  46% ] 50 VUs  0m55.0s/2m0s
test_incr   [  46% ] 50 VUs  0m55.0s/2m0s

running (0m56.0s), 100/100 VUs, 5924146 complete and 0 interrupted iterations
test_decr   [  47% ] 50 VUs  0m56.0s/2m0s
test_incr   [  47% ] 50 VUs  0m56.0s/2m0s

running (0m57.0s), 100/100 VUs, 6038092 complete and 0 interrupted iterations
test_decr   [  47% ] 50 VUs  0m57.0s/2m0s
test_incr   [  47% ] 50 VUs  0m57.0s/2m0s

running (0m58.0s), 100/100 VUs, 6147700 complete and 0 interrupted iterations
test_decr   [  48% ] 50 VUs  0m58.0s/2m0s
test_incr   [  48% ] 50 VUs  0m58.0s/2m0s

running (0m59.0s), 100/100 VUs, 6257881 complete and 0 interrupted iterations
test_decr   [  49% ] 50 VUs  0m59.0s/2m0s
test_incr   [  49% ] 50 VUs  0m59.0s/2m0s

running (1m00.0s), 100/100 VUs, 6368481 complete and 0 interrupted iterations
test_decr   [  50% ] 50 VUs  1m00.0s/2m0s
test_incr   [  50% ] 50 VUs  1m00.0s/2m0s

running (1m01.0s), 100/100 VUs, 6483747 complete and 0 interrupted iterations
test_decr   [  51% ] 50 VUs  1m01.0s/2m0s
test_incr   [  51% ] 50 VUs  1m01.0s/2m0s

running (1m02.0s), 100/100 VUs, 6598898 complete and 0 interrupted iterations
test_decr   [  52% ] 50 VUs  1m02.0s/2m0s
test_incr   [  52% ] 50 VUs  1m02.0s/2m0s

running (1m03.0s), 100/100 VUs, 6714625 complete and 0 interrupted iterations
test_decr   [  52% ] 50 VUs  1m03.0s/2m0s
test_incr   [  52% ] 50 VUs  1m03.0s/2m0s

running (1m04.0s), 100/100 VUs, 6830892 complete and 0 interrupted iterations
test_decr   [  53% ] 50 VUs  1m04.0s/2m0s
test_incr   [  53% ] 50 VUs  1m04.0s/2m0s

running (1m05.0s), 100/100 VUs, 6945702 complete and 0 interrupted iterations
test_decr   [  54% ] 50 VUs  1m05.0s/2m0s
test_incr   [  54% ] 50 VUs  1m05.0s/2m0s

running (1m06.0s), 100/100 VUs, 7064315 complete and 0 interrupted iterations
test_decr   [  55% ] 50 VUs  1m06.0s/2m0s
test_incr   [  55% ] 50 VUs  1m06.0s/2m0s

running (1m07.0s), 100/100 VUs, 7180276 complete and 0 interrupted iterations
test_decr   [  56% ] 50 VUs  1m07.0s/2m0s
test_incr   [  56% ] 50 VUs  1m07.0s/2m0s

running (1m08.0s), 100/100 VUs, 7294603 complete and 0 interrupted iterations
test_decr   [  57% ] 50 VUs  1m08.0s/2m0s
test_incr   [  57% ] 50 VUs  1m08.0s/2m0s

running (1m09.0s), 100/100 VUs, 7409946 complete and 0 interrupted iterations
test_decr   [  57% ] 50 VUs  1m09.0s/2m0s
test_incr   [  57% ] 50 VUs  1m09.0s/2m0s

running (1m10.0s), 100/100 VUs, 7523592 complete and 0 interrupted iterations
test_decr   [  58% ] 50 VUs  1m10.0s/2m0s
test_incr   [  58% ] 50 VUs  1m10.0s/2m0s

running (1m11.0s), 100/100 VUs, 7637742 complete and 0 interrupted iterations
test_decr   [  59% ] 50 VUs  1m11.0s/2m0s
test_incr   [  59% ] 50 VUs  1m11.0s/2m0s

running (1m12.0s), 100/100 VUs, 7753790 complete and 0 interrupted iterations
test_decr   [  60% ] 50 VUs  1m12.0s/2m0s
test_incr   [  60% ] 50 VUs  1m12.0s/2m0s

running (1m13.0s), 100/100 VUs, 7866622 complete and 0 interrupted iterations
test_decr   [  61% ] 50 VUs  1m13.0s/2m0s
test_incr   [  61% ] 50 VUs  1m13.0s/2m0s

running (1m14.0s), 100/100 VUs, 7975774 complete and 0 interrupted iterations
test_decr   [  62% ] 50 VUs  1m14.0s/2m0s
test_incr   [  62% ] 50 VUs  1m14.0s/2m0s

running (1m15.0s), 100/100 VUs, 8093085 complete and 0 interrupted iterations
test_decr   [  62% ] 50 VUs  1m15.0s/2m0s
test_incr   [  62% ] 50 VUs  1m15.0s/2m0s

running (1m16.0s), 100/100 VUs, 8208720 complete and 0 interrupted iterations
test_decr   [  63% ] 50 VUs  1m16.0s/2m0s
test_incr   [  63% ] 50 VUs  1m16.0s/2m0s

running (1m17.0s), 100/100 VUs, 8323657 complete and 0 interrupted iterations
test_decr   [  64% ] 50 VUs  1m17.0s/2m0s
test_incr   [  64% ] 50 VUs  1m17.0s/2m0s

running (1m18.0s), 100/100 VUs, 8438266 complete and 0 interrupted iterations
test_decr   [  65% ] 50 VUs  1m18.0s/2m0s
test_incr   [  65% ] 50 VUs  1m18.0s/2m0s

running (1m19.0s), 100/100 VUs, 8551542 complete and 0 interrupted iterations
test_decr   [  66% ] 50 VUs  1m19.0s/2m0s
test_incr   [  66% ] 50 VUs  1m19.0s/2m0s

running (1m20.0s), 100/100 VUs, 8668747 complete and 0 interrupted iterations
test_decr   [  67% ] 50 VUs  1m20.0s/2m0s
test_incr   [  67% ] 50 VUs  1m20.0s/2m0s

running (1m21.0s), 100/100 VUs, 8783058 complete and 0 interrupted iterations
test_decr   [  67% ] 50 VUs  1m21.0s/2m0s
test_incr   [  67% ] 50 VUs  1m21.0s/2m0s

running (1m22.0s), 100/100 VUs, 8900141 complete and 0 interrupted iterations
test_decr   [  68% ] 50 VUs  1m22.0s/2m0s
test_incr   [  68% ] 50 VUs  1m22.0s/2m0s

running (1m23.0s), 100/100 VUs, 9021133 complete and 0 interrupted iterations
test_decr   [  69% ] 50 VUs  1m23.0s/2m0s
test_incr   [  69% ] 50 VUs  1m23.0s/2m0s

running (1m24.0s), 100/100 VUs, 9138231 complete and 0 interrupted iterations
test_decr   [  70% ] 50 VUs  1m24.0s/2m0s
test_incr   [  70% ] 50 VUs  1m24.0s/2m0s

running (1m25.0s), 100/100 VUs, 9256300 complete and 0 interrupted iterations
test_decr   [  71% ] 50 VUs  1m25.0s/2m0s
test_incr   [  71% ] 50 VUs  1m25.0s/2m0s

running (1m26.0s), 100/100 VUs, 9373671 complete and 0 interrupted iterations
test_decr   [  72% ] 50 VUs  1m26.0s/2m0s
test_incr   [  72% ] 50 VUs  1m26.0s/2m0s

running (1m27.0s), 100/100 VUs, 9491798 complete and 0 interrupted iterations
test_decr   [  72% ] 50 VUs  1m27.0s/2m0s
test_incr   [  72% ] 50 VUs  1m27.0s/2m0s

running (1m28.0s), 100/100 VUs, 9607735 complete and 0 interrupted iterations
test_decr   [  73% ] 50 VUs  1m28.0s/2m0s
test_incr   [  73% ] 50 VUs  1m28.0s/2m0s

running (1m29.0s), 100/100 VUs, 9723007 complete and 0 interrupted iterations
test_decr   [  74% ] 50 VUs  1m29.0s/2m0s
test_incr   [  74% ] 50 VUs  1m29.0s/2m0s

running (1m30.0s), 100/100 VUs, 9838631 complete and 0 interrupted iterations
test_decr   [  75% ] 50 VUs  1m30.0s/2m0s
test_incr   [  75% ] 50 VUs  1m30.0s/2m0s

running (1m31.0s), 100/100 VUs, 9948285 complete and 0 interrupted iterations
test_decr   [  76% ] 50 VUs  1m31.0s/2m0s
test_incr   [  76% ] 50 VUs  1m31.0s/2m0s

running (1m32.0s), 100/100 VUs, 10066329 complete and 0 interrupted iterations
test_decr   [  77% ] 50 VUs  1m32.0s/2m0s
test_incr   [  77% ] 50 VUs  1m32.0s/2m0s

running (1m33.0s), 100/100 VUs, 10184965 complete and 0 interrupted iterations
test_decr   [  77% ] 50 VUs  1m33.0s/2m0s
test_incr   [  77% ] 50 VUs  1m33.0s/2m0s

running (1m34.0s), 100/100 VUs, 10301555 complete and 0 interrupted iterations
test_decr   [  78% ] 50 VUs  1m34.0s/2m0s
test_incr   [  78% ] 50 VUs  1m34.0s/2m0s

running (1m35.0s), 100/100 VUs, 10421039 complete and 0 interrupted iterations
test_decr   [  79% ] 50 VUs  1m35.0s/2m0s
test_incr   [  79% ] 50 VUs  1m35.0s/2m0s

running (1m36.0s), 100/100 VUs, 10541508 complete and 0 interrupted iterations
test_decr   [  80% ] 50 VUs  1m36.0s/2m0s
test_incr   [  80% ] 50 VUs  1m36.0s/2m0s

running (1m37.0s), 100/100 VUs, 10662002 complete and 0 interrupted iterations
test_decr   [  81% ] 50 VUs  1m37.0s/2m0s
test_incr   [  81% ] 50 VUs  1m37.0s/2m0s

running (1m38.0s), 100/100 VUs, 10782481 complete and 0 interrupted iterations
test_decr   [  82% ] 50 VUs  1m38.0s/2m0s
test_incr   [  82% ] 50 VUs  1m38.0s/2m0s

running (1m39.0s), 100/100 VUs, 10896964 complete and 0 interrupted iterations
test_decr   [  82% ] 50 VUs  1m39.0s/2m0s
test_incr   [  82% ] 50 VUs  1m39.0s/2m0s

running (1m40.0s), 100/100 VUs, 11014926 complete and 0 interrupted iterations
test_decr   [  83% ] 50 VUs  1m40.0s/2m0s
test_incr   [  83% ] 50 VUs  1m40.0s/2m0s

running (1m41.0s), 100/100 VUs, 11132672 complete and 0 interrupted iterations
test_decr   [  84% ] 50 VUs  1m41.0s/2m0s
test_incr   [  84% ] 50 VUs  1m41.0s/2m0s

running (1m42.0s), 100/100 VUs, 11248204 complete and 0 interrupted iterations
test_decr   [  85% ] 50 VUs  1m42.0s/2m0s
test_incr   [  85% ] 50 VUs  1m42.0s/2m0s

running (1m43.0s), 100/100 VUs, 11367048 complete and 0 interrupted iterations
test_decr   [  86% ] 50 VUs  1m43.0s/2m0s
test_incr   [  86% ] 50 VUs  1m43.0s/2m0s

running (1m44.0s), 100/100 VUs, 11488207 complete and 0 interrupted iterations
test_decr   [  87% ] 50 VUs  1m44.0s/2m0s
test_incr   [  87% ] 50 VUs  1m44.0s/2m0s

running (1m45.0s), 100/100 VUs, 11604716 complete and 0 interrupted iterations
test_decr   [  87% ] 50 VUs  1m45.0s/2m0s
test_incr   [  87% ] 50 VUs  1m45.0s/2m0s

running (1m46.0s), 100/100 VUs, 11723880 complete and 0 interrupted iterations
test_decr   [  88% ] 50 VUs  1m46.0s/2m0s
test_incr   [  88% ] 50 VUs  1m46.0s/2m0s

running (1m47.0s), 100/100 VUs, 11844022 complete and 0 interrupted iterations
test_decr   [  89% ] 50 VUs  1m47.0s/2m0s
test_incr   [  89% ] 50 VUs  1m47.0s/2m0s

running (1m48.0s), 100/100 VUs, 11962501 complete and 0 interrupted iterations
test_decr   [  90% ] 50 VUs  1m48.0s/2m0s
test_incr   [  90% ] 50 VUs  1m48.0s/2m0s

running (1m49.0s), 100/100 VUs, 12079067 complete and 0 interrupted iterations
test_decr   [  91% ] 50 VUs  1m49.0s/2m0s
test_incr   [  91% ] 50 VUs  1m49.0s/2m0s

running (1m50.0s), 100/100 VUs, 12196910 complete and 0 interrupted iterations
test_decr   [  92% ] 50 VUs  1m50.0s/2m0s
test_incr   [  92% ] 50 VUs  1m50.0s/2m0s

running (1m51.0s), 100/100 VUs, 12314674 complete and 0 interrupted iterations
test_decr   [  92% ] 50 VUs  1m51.0s/2m0s
test_incr   [  92% ] 50 VUs  1m51.0s/2m0s

running (1m52.0s), 100/100 VUs, 12420982 complete and 0 interrupted iterations
test_decr   [  93% ] 50 VUs  1m52.0s/2m0s
test_incr   [  93% ] 50 VUs  1m52.0s/2m0s

running (1m53.0s), 100/100 VUs, 12539962 complete and 0 interrupted iterations
test_decr   [  94% ] 50 VUs  1m53.0s/2m0s
test_incr   [  94% ] 50 VUs  1m53.0s/2m0s

running (1m54.0s), 100/100 VUs, 12658421 complete and 0 interrupted iterations
test_decr   [  95% ] 50 VUs  1m54.0s/2m0s
test_incr   [  95% ] 50 VUs  1m54.0s/2m0s

running (1m55.0s), 100/100 VUs, 12774671 complete and 0 interrupted iterations
test_decr   [  96% ] 50 VUs  1m55.0s/2m0s
test_incr   [  96% ] 50 VUs  1m55.0s/2m0s

running (1m56.0s), 100/100 VUs, 12892532 complete and 0 interrupted iterations
test_decr   [  97% ] 50 VUs  1m56.0s/2m0s
test_incr   [  97% ] 50 VUs  1m56.0s/2m0s

running (1m57.0s), 100/100 VUs, 13010125 complete and 0 interrupted iterations
test_decr   [  97% ] 50 VUs  1m57.0s/2m0s
test_incr   [  97% ] 50 VUs  1m57.0s/2m0s

running (1m58.0s), 100/100 VUs, 13126613 complete and 0 interrupted iterations
test_decr   [  98% ] 50 VUs  1m58.0s/2m0s
test_incr   [  98% ] 50 VUs  1m58.0s/2m0s

running (1m59.0s), 100/100 VUs, 13244979 complete and 0 interrupted iterations
test_decr   [  99% ] 50 VUs  1m59.0s/2m0s
test_incr   [  99% ] 50 VUs  1m59.0s/2m0s

running (2m00.0s), 100/100 VUs, 13362104 complete and 0 interrupted iterations
test_decr   [ 100% ] 50 VUs  2m00.0s/2m0s
test_incr   [ 100% ] 50 VUs  2m00.0s/2m0s

running (2m00.0s), 000/100 VUs, 13362938 complete and 0 interrupted iterations
test_decr ✓ [ 100% ] 50 VUs  2m0s
test_incr ✓ [ 100% ] 50 VUs  2m0s

     data_received........: 116 MB   965 kB/s
     data_sent............: 320 MB   2.7 MB/s
     iteration_duration...: avg=877.76µs min=90.69µs med=627.65µs max=124.45ms p(90)=1.71ms p(95)=2.3ms
     iterations...........: 13362938 111357.138098/s
     vus..................: 100      min=100         max=100
     vus_max..............: 100      min=100         max=100


running (2m00.0s), 000/100 VUs, 13362938 complete and 0 interrupted iterations
test_decr ✓ [ 100% ] 50 VUs  2m0s
test_incr ✓ [ 100% ] 50 VUs  2m0s
