
          /\      |‾‾| /‾‾/   /‾‾/   
     /\  /  \     |  |/  /   /  /    
    /  \/    \    |     (   /   ‾‾\  
   /          \   |  |\  \ |  (‾)  | 
  / __________ \  |__| \__\ \_____/ .io

     execution: local
        script: keydb/key-value/redis.js
        output: -

     scenarios: (100.00%) 1 scenario, 100 max VUs, 2m30s max duration (incl. graceful stop):
              * test: 100 looping VUs for 2m0s (exec: set_keys, gracefulStop: 30s)


running (0m01.0s), 100/100 VUs, 54156 complete and 0 interrupted iterations
test   [   1% ] 100 VUs  0m01.0s/2m0s

running (0m02.0s), 100/100 VUs, 114252 complete and 0 interrupted iterations
test   [   2% ] 100 VUs  0m02.0s/2m0s

running (0m03.0s), 100/100 VUs, 174408 complete and 0 interrupted iterations
test   [   2% ] 100 VUs  0m03.0s/2m0s

running (0m04.0s), 100/100 VUs, 235529 complete and 0 interrupted iterations
test   [   3% ] 100 VUs  0m04.0s/2m0s

running (0m05.0s), 100/100 VUs, 297133 complete and 0 interrupted iterations
test   [   4% ] 100 VUs  0m05.0s/2m0s

running (0m06.0s), 100/100 VUs, 358839 complete and 0 interrupted iterations
test   [   5% ] 100 VUs  0m06.0s/2m0s

running (0m07.0s), 100/100 VUs, 421909 complete and 0 interrupted iterations
test   [   6% ] 100 VUs  0m07.0s/2m0s

running (0m08.0s), 100/100 VUs, 482600 complete and 0 interrupted iterations
test   [   7% ] 100 VUs  0m08.0s/2m0s

running (0m09.0s), 100/100 VUs, 545037 complete and 0 interrupted iterations
test   [   7% ] 100 VUs  0m09.0s/2m0s

running (0m10.0s), 100/100 VUs, 607654 complete and 0 interrupted iterations
test   [   8% ] 100 VUs  0m10.0s/2m0s

running (0m11.0s), 100/100 VUs, 670149 complete and 0 interrupted iterations
test   [   9% ] 100 VUs  0m11.0s/2m0s

running (0m12.0s), 100/100 VUs, 732845 complete and 0 interrupted iterations
test   [  10% ] 100 VUs  0m12.0s/2m0s

running (0m13.0s), 100/100 VUs, 796171 complete and 0 interrupted iterations
test   [  11% ] 100 VUs  0m13.0s/2m0s

running (0m14.0s), 100/100 VUs, 858701 complete and 0 interrupted iterations
test   [  12% ] 100 VUs  0m14.0s/2m0s

running (0m15.0s), 100/100 VUs, 922993 complete and 0 interrupted iterations
test   [  12% ] 100 VUs  0m15.0s/2m0s

running (0m16.0s), 100/100 VUs, 987135 complete and 0 interrupted iterations
test   [  13% ] 100 VUs  0m16.0s/2m0s

running (0m17.0s), 100/100 VUs, 1050652 complete and 0 interrupted iterations
test   [  14% ] 100 VUs  0m17.0s/2m0s

running (0m18.0s), 100/100 VUs, 1114208 complete and 0 interrupted iterations
test   [  15% ] 100 VUs  0m18.0s/2m0s

running (0m19.0s), 100/100 VUs, 1178170 complete and 0 interrupted iterations
test   [  16% ] 100 VUs  0m19.0s/2m0s

running (0m20.0s), 100/100 VUs, 1243446 complete and 0 interrupted iterations
test   [  17% ] 100 VUs  0m20.0s/2m0s

running (0m21.0s), 100/100 VUs, 1307834 complete and 0 interrupted iterations
test   [  17% ] 100 VUs  0m21.0s/2m0s

running (0m22.0s), 100/100 VUs, 1372020 complete and 0 interrupted iterations
test   [  18% ] 100 VUs  0m22.0s/2m0s

running (0m23.0s), 100/100 VUs, 1439257 complete and 0 interrupted iterations
test   [  19% ] 100 VUs  0m23.0s/2m0s

running (0m24.0s), 100/100 VUs, 1504579 complete and 0 interrupted iterations
test   [  20% ] 100 VUs  0m24.0s/2m0s

running (0m25.0s), 100/100 VUs, 1570289 complete and 0 interrupted iterations
test   [  21% ] 100 VUs  0m25.0s/2m0s

running (0m26.0s), 100/100 VUs, 1636369 complete and 0 interrupted iterations
test   [  22% ] 100 VUs  0m26.0s/2m0s

running (0m27.0s), 100/100 VUs, 1701832 complete and 0 interrupted iterations
test   [  22% ] 100 VUs  0m27.0s/2m0s

running (0m28.0s), 100/100 VUs, 1768170 complete and 0 interrupted iterations
test   [  23% ] 100 VUs  0m28.0s/2m0s

running (0m29.0s), 100/100 VUs, 1835506 complete and 0 interrupted iterations
test   [  24% ] 100 VUs  0m29.0s/2m0s

running (0m30.0s), 100/100 VUs, 1902603 complete and 0 interrupted iterations
test   [  25% ] 100 VUs  0m30.0s/2m0s

running (0m31.0s), 100/100 VUs, 1969859 complete and 0 interrupted iterations
test   [  26% ] 100 VUs  0m31.0s/2m0s

running (0m32.0s), 100/100 VUs, 2038179 complete and 0 interrupted iterations
test   [  27% ] 100 VUs  0m32.0s/2m0s

running (0m33.0s), 100/100 VUs, 2104079 complete and 0 interrupted iterations
test   [  27% ] 100 VUs  0m33.0s/2m0s

running (0m34.0s), 100/100 VUs, 2171869 complete and 0 interrupted iterations
test   [  28% ] 100 VUs  0m34.0s/2m0s

running (0m35.0s), 100/100 VUs, 2238830 complete and 0 interrupted iterations
test   [  29% ] 100 VUs  0m35.0s/2m0s

running (0m36.0s), 100/100 VUs, 2306823 complete and 0 interrupted iterations
test   [  30% ] 100 VUs  0m36.0s/2m0s

running (0m37.0s), 100/100 VUs, 2373654 complete and 0 interrupted iterations
test   [  31% ] 100 VUs  0m37.0s/2m0s

running (0m38.0s), 100/100 VUs, 2440267 complete and 0 interrupted iterations
test   [  32% ] 100 VUs  0m38.0s/2m0s

running (0m39.0s), 100/100 VUs, 2508191 complete and 0 interrupted iterations
test   [  32% ] 100 VUs  0m39.0s/2m0s

running (0m40.0s), 100/100 VUs, 2576815 complete and 0 interrupted iterations
test   [  33% ] 100 VUs  0m40.0s/2m0s

running (0m41.0s), 100/100 VUs, 2644632 complete and 0 interrupted iterations
test   [  34% ] 100 VUs  0m41.0s/2m0s

running (0m42.0s), 100/100 VUs, 2714753 complete and 0 interrupted iterations
test   [  35% ] 100 VUs  0m42.0s/2m0s

running (0m43.0s), 100/100 VUs, 2784782 complete and 0 interrupted iterations
test   [  36% ] 100 VUs  0m43.0s/2m0s

running (0m44.0s), 100/100 VUs, 2854489 complete and 0 interrupted iterations
test   [  37% ] 100 VUs  0m44.0s/2m0s

running (0m45.0s), 100/100 VUs, 2923839 complete and 0 interrupted iterations
test   [  37% ] 100 VUs  0m45.0s/2m0s

running (0m46.0s), 100/100 VUs, 2992737 complete and 0 interrupted iterations
test   [  38% ] 100 VUs  0m46.0s/2m0s

running (0m47.0s), 100/100 VUs, 3061837 complete and 0 interrupted iterations
test   [  39% ] 100 VUs  0m47.0s/2m0s

running (0m48.0s), 100/100 VUs, 3128866 complete and 0 interrupted iterations
test   [  40% ] 100 VUs  0m48.0s/2m0s

running (0m49.0s), 100/100 VUs, 3198091 complete and 0 interrupted iterations
test   [  41% ] 100 VUs  0m49.0s/2m0s

running (0m50.0s), 100/100 VUs, 3266710 complete and 0 interrupted iterations
test   [  42% ] 100 VUs  0m50.0s/2m0s

running (0m51.0s), 100/100 VUs, 3337133 complete and 0 interrupted iterations
test   [  42% ] 100 VUs  0m51.0s/2m0s

running (0m52.0s), 100/100 VUs, 3407378 complete and 0 interrupted iterations
test   [  43% ] 100 VUs  0m52.0s/2m0s

running (0m53.0s), 100/100 VUs, 3478185 complete and 0 interrupted iterations
test   [  44% ] 100 VUs  0m53.0s/2m0s

running (0m54.0s), 100/100 VUs, 3550162 complete and 0 interrupted iterations
test   [  45% ] 100 VUs  0m54.0s/2m0s

running (0m55.0s), 100/100 VUs, 3620975 complete and 0 interrupted iterations
test   [  46% ] 100 VUs  0m55.0s/2m0s

running (0m56.0s), 100/100 VUs, 3690800 complete and 0 interrupted iterations
test   [  47% ] 100 VUs  0m56.0s/2m0s

running (0m57.0s), 100/100 VUs, 3762374 complete and 0 interrupted iterations
test   [  47% ] 100 VUs  0m57.0s/2m0s

running (0m58.0s), 100/100 VUs, 3831775 complete and 0 interrupted iterations
test   [  48% ] 100 VUs  0m58.0s/2m0s

running (0m59.0s), 100/100 VUs, 3902503 complete and 0 interrupted iterations
test   [  49% ] 100 VUs  0m59.0s/2m0s

running (1m00.0s), 100/100 VUs, 3972203 complete and 0 interrupted iterations
test   [  50% ] 100 VUs  1m00.0s/2m0s

running (1m01.0s), 100/100 VUs, 4041377 complete and 0 interrupted iterations
test   [  51% ] 100 VUs  1m01.0s/2m0s

running (1m02.0s), 100/100 VUs, 4113805 complete and 0 interrupted iterations
test   [  52% ] 100 VUs  1m02.0s/2m0s

running (1m03.0s), 100/100 VUs, 4186313 complete and 0 interrupted iterations
test   [  52% ] 100 VUs  1m03.0s/2m0s

running (1m04.0s), 100/100 VUs, 4258114 complete and 0 interrupted iterations
test   [  53% ] 100 VUs  1m04.0s/2m0s

running (1m05.0s), 100/100 VUs, 4329311 complete and 0 interrupted iterations
test   [  54% ] 100 VUs  1m05.0s/2m0s

running (1m06.0s), 100/100 VUs, 4401428 complete and 0 interrupted iterations
test   [  55% ] 100 VUs  1m06.0s/2m0s

running (1m07.0s), 100/100 VUs, 4473458 complete and 0 interrupted iterations
test   [  56% ] 100 VUs  1m07.0s/2m0s

running (1m08.0s), 100/100 VUs, 4544798 complete and 0 interrupted iterations
test   [  57% ] 100 VUs  1m08.0s/2m0s

running (1m09.0s), 100/100 VUs, 4616703 complete and 0 interrupted iterations
test   [  57% ] 100 VUs  1m09.0s/2m0s

running (1m10.0s), 100/100 VUs, 4687370 complete and 0 interrupted iterations
test   [  58% ] 100 VUs  1m10.0s/2m0s

running (1m11.0s), 100/100 VUs, 4759588 complete and 0 interrupted iterations
test   [  59% ] 100 VUs  1m11.0s/2m0s

running (1m12.0s), 100/100 VUs, 4832149 complete and 0 interrupted iterations
test   [  60% ] 100 VUs  1m12.0s/2m0s

running (1m13.0s), 100/100 VUs, 4905428 complete and 0 interrupted iterations
test   [  61% ] 100 VUs  1m13.0s/2m0s

running (1m14.0s), 100/100 VUs, 4978101 complete and 0 interrupted iterations
test   [  62% ] 100 VUs  1m14.0s/2m0s

running (1m15.0s), 100/100 VUs, 5049362 complete and 0 interrupted iterations
test   [  62% ] 100 VUs  1m15.0s/2m0s

running (1m16.0s), 100/100 VUs, 5120906 complete and 0 interrupted iterations
test   [  63% ] 100 VUs  1m16.0s/2m0s

running (1m17.0s), 100/100 VUs, 5193399 complete and 0 interrupted iterations
test   [  64% ] 100 VUs  1m17.0s/2m0s

running (1m18.0s), 100/100 VUs, 5266674 complete and 0 interrupted iterations
test   [  65% ] 100 VUs  1m18.0s/2m0s

running (1m19.0s), 100/100 VUs, 5339122 complete and 0 interrupted iterations
test   [  66% ] 100 VUs  1m19.0s/2m0s

running (1m20.0s), 100/100 VUs, 5413070 complete and 0 interrupted iterations
test   [  67% ] 100 VUs  1m20.0s/2m0s

running (1m21.0s), 100/100 VUs, 5486601 complete and 0 interrupted iterations
test   [  67% ] 100 VUs  1m21.0s/2m0s

running (1m22.0s), 100/100 VUs, 5557986 complete and 0 interrupted iterations
test   [  68% ] 100 VUs  1m22.0s/2m0s

running (1m23.0s), 100/100 VUs, 5632247 complete and 0 interrupted iterations
test   [  69% ] 100 VUs  1m23.0s/2m0s

running (1m24.0s), 100/100 VUs, 5706202 complete and 0 interrupted iterations
test   [  70% ] 100 VUs  1m24.0s/2m0s

running (1m25.0s), 100/100 VUs, 5780313 complete and 0 interrupted iterations
test   [  71% ] 100 VUs  1m25.0s/2m0s

running (1m26.0s), 100/100 VUs, 5853673 complete and 0 interrupted iterations
test   [  72% ] 100 VUs  1m26.0s/2m0s

running (1m27.0s), 100/100 VUs, 5927451 complete and 0 interrupted iterations
test   [  72% ] 100 VUs  1m27.0s/2m0s

running (1m28.0s), 100/100 VUs, 6000286 complete and 0 interrupted iterations
test   [  73% ] 100 VUs  1m28.0s/2m0s

running (1m29.0s), 100/100 VUs, 6073384 complete and 0 interrupted iterations
test   [  74% ] 100 VUs  1m29.0s/2m0s

running (1m30.0s), 100/100 VUs, 6146010 complete and 0 interrupted iterations
test   [  75% ] 100 VUs  1m30.0s/2m0s

running (1m31.0s), 100/100 VUs, 6220287 complete and 0 interrupted iterations
test   [  76% ] 100 VUs  1m31.0s/2m0s

running (1m32.0s), 100/100 VUs, 6294268 complete and 0 interrupted iterations
test   [  77% ] 100 VUs  1m32.0s/2m0s

running (1m33.0s), 100/100 VUs, 6367070 complete and 0 interrupted iterations
test   [  77% ] 100 VUs  1m33.0s/2m0s

running (1m34.0s), 100/100 VUs, 6442844 complete and 0 interrupted iterations
test   [  78% ] 100 VUs  1m34.0s/2m0s

running (1m35.0s), 100/100 VUs, 6518115 complete and 0 interrupted iterations
test   [  79% ] 100 VUs  1m35.0s/2m0s

running (1m36.0s), 100/100 VUs, 6595314 complete and 0 interrupted iterations
test   [  80% ] 100 VUs  1m36.0s/2m0s

running (1m37.0s), 100/100 VUs, 6671737 complete and 0 interrupted iterations
test   [  81% ] 100 VUs  1m37.0s/2m0s

running (1m38.0s), 100/100 VUs, 6746343 complete and 0 interrupted iterations
test   [  82% ] 100 VUs  1m38.0s/2m0s

running (1m39.0s), 100/100 VUs, 6820585 complete and 0 interrupted iterations
test   [  82% ] 100 VUs  1m39.0s/2m0s

running (1m40.0s), 100/100 VUs, 6895628 complete and 0 interrupted iterations
test   [  83% ] 100 VUs  1m40.0s/2m0s

running (1m41.0s), 100/100 VUs, 6970630 complete and 0 interrupted iterations
test   [  84% ] 100 VUs  1m41.0s/2m0s

running (1m42.0s), 100/100 VUs, 7046045 complete and 0 interrupted iterations
test   [  85% ] 100 VUs  1m42.0s/2m0s

running (1m43.0s), 100/100 VUs, 7120913 complete and 0 interrupted iterations
test   [  86% ] 100 VUs  1m43.0s/2m0s

running (1m44.0s), 100/100 VUs, 7197027 complete and 0 interrupted iterations
test   [  87% ] 100 VUs  1m44.0s/2m0s

running (1m45.0s), 100/100 VUs, 7272077 complete and 0 interrupted iterations
test   [  87% ] 100 VUs  1m45.0s/2m0s

running (1m46.0s), 100/100 VUs, 7347846 complete and 0 interrupted iterations
test   [  88% ] 100 VUs  1m46.0s/2m0s

running (1m47.0s), 100/100 VUs, 7422887 complete and 0 interrupted iterations
test   [  89% ] 100 VUs  1m47.0s/2m0s

running (1m48.0s), 100/100 VUs, 7496957 complete and 0 interrupted iterations
test   [  90% ] 100 VUs  1m48.0s/2m0s

running (1m49.0s), 100/100 VUs, 7572289 complete and 0 interrupted iterations
test   [  91% ] 100 VUs  1m49.0s/2m0s

running (1m50.0s), 100/100 VUs, 7647916 complete and 0 interrupted iterations
test   [  92% ] 100 VUs  1m50.0s/2m0s

running (1m51.0s), 100/100 VUs, 7723190 complete and 0 interrupted iterations
test   [  92% ] 100 VUs  1m51.0s/2m0s

running (1m52.0s), 100/100 VUs, 7800145 complete and 0 interrupted iterations
test   [  93% ] 100 VUs  1m52.0s/2m0s

running (1m53.0s), 100/100 VUs, 7875744 complete and 0 interrupted iterations
test   [  94% ] 100 VUs  1m53.0s/2m0s

running (1m54.0s), 100/100 VUs, 7948627 complete and 0 interrupted iterations
test   [  95% ] 100 VUs  1m54.0s/2m0s

running (1m55.0s), 100/100 VUs, 8027058 complete and 0 interrupted iterations
test   [  96% ] 100 VUs  1m55.0s/2m0s

running (1m56.0s), 100/100 VUs, 8103887 complete and 0 interrupted iterations
test   [  97% ] 100 VUs  1m56.0s/2m0s

running (1m57.0s), 100/100 VUs, 8181476 complete and 0 interrupted iterations
test   [  97% ] 100 VUs  1m57.0s/2m0s

running (1m58.0s), 100/100 VUs, 8259128 complete and 0 interrupted iterations
test   [  98% ] 100 VUs  1m58.0s/2m0s

running (1m59.0s), 100/100 VUs, 8335897 complete and 0 interrupted iterations
test   [  99% ] 100 VUs  1m59.0s/2m0s

running (2m00.0s), 100/100 VUs, 8412256 complete and 0 interrupted iterations
test   [ 100% ] 100 VUs  2m00.0s/2m0s

running (2m00.0s), 000/100 VUs, 8412769 complete and 0 interrupted iterations
test ✓ [ 100% ] 100 VUs  2m0s

     data_received........: 42 MB   351 kB/s
     data_sent............: 298 MB  2.5 MB/s
     iteration_duration...: avg=1.39ms min=132.72µs med=1.08ms max=180.5ms p(90)=2.71ms p(95)=3.56ms
     iterations...........: 8412769 70105.872472/s
     vus..................: 100     min=100        max=100
     vus_max..............: 100     min=100        max=100


running (2m00.0s), 000/100 VUs, 8412769 complete and 0 interrupted iterations
test ✓ [ 100% ] 100 VUs  2m0s
