
          /\      |‾‾| /‾‾/   /‾‾/   
     /\  /  \     |  |/  /   /  /    
    /  \/    \    |     (   /   ‾‾\  
   /          \   |  |\  \ |  (‾)  | 
  / __________ \  |__| \__\ \_____/ .io

     execution: local
        script: keydb/secondary_index/redis.js
        output: -

     scenarios: (100.00%) 1 scenario, 100 max VUs, 2m30s max duration (incl. graceful stop):
              * test_mem: 100 looping VUs for 2m0s (exec: set_keys, gracefulStop: 30s)


running (0m01.0s), 100/100 VUs, 53426 complete and 0 interrupted iterations
test_mem   [   1% ] 100 VUs  0m01.0s/2m0s

running (0m02.0s), 100/100 VUs, 108429 complete and 0 interrupted iterations
test_mem   [   2% ] 100 VUs  0m02.0s/2m0s

running (0m03.0s), 100/100 VUs, 163511 complete and 0 interrupted iterations
test_mem   [   2% ] 100 VUs  0m03.0s/2m0s

running (0m04.0s), 100/100 VUs, 217650 complete and 0 interrupted iterations
test_mem   [   3% ] 100 VUs  0m04.0s/2m0s

running (0m05.0s), 100/100 VUs, 272351 complete and 0 interrupted iterations
test_mem   [   4% ] 100 VUs  0m05.0s/2m0s

running (0m06.0s), 100/100 VUs, 327940 complete and 0 interrupted iterations
test_mem   [   5% ] 100 VUs  0m06.0s/2m0s

running (0m07.0s), 100/100 VUs, 384163 complete and 0 interrupted iterations
test_mem   [   6% ] 100 VUs  0m07.0s/2m0s

running (0m08.0s), 100/100 VUs, 441119 complete and 0 interrupted iterations
test_mem   [   7% ] 100 VUs  0m08.0s/2m0s

running (0m09.0s), 100/100 VUs, 497286 complete and 0 interrupted iterations
test_mem   [   7% ] 100 VUs  0m09.0s/2m0s

running (0m10.0s), 100/100 VUs, 553576 complete and 0 interrupted iterations
test_mem   [   8% ] 100 VUs  0m10.0s/2m0s

running (0m11.0s), 100/100 VUs, 610304 complete and 0 interrupted iterations
test_mem   [   9% ] 100 VUs  0m11.0s/2m0s

running (0m12.0s), 100/100 VUs, 666046 complete and 0 interrupted iterations
test_mem   [  10% ] 100 VUs  0m12.0s/2m0s

running (0m13.0s), 100/100 VUs, 723316 complete and 0 interrupted iterations
test_mem   [  11% ] 100 VUs  0m13.0s/2m0s

running (0m14.0s), 100/100 VUs, 779252 complete and 0 interrupted iterations
test_mem   [  12% ] 100 VUs  0m14.0s/2m0s

running (0m15.0s), 100/100 VUs, 835732 complete and 0 interrupted iterations
test_mem   [  12% ] 100 VUs  0m15.0s/2m0s

running (0m16.0s), 100/100 VUs, 893151 complete and 0 interrupted iterations
test_mem   [  13% ] 100 VUs  0m16.0s/2m0s

running (0m17.0s), 100/100 VUs, 949642 complete and 0 interrupted iterations
test_mem   [  14% ] 100 VUs  0m17.0s/2m0s

running (0m18.0s), 100/100 VUs, 1005736 complete and 0 interrupted iterations
test_mem   [  15% ] 100 VUs  0m18.0s/2m0s

running (0m19.0s), 100/100 VUs, 1063054 complete and 0 interrupted iterations
test_mem   [  16% ] 100 VUs  0m19.0s/2m0s

running (0m20.0s), 100/100 VUs, 1120587 complete and 0 interrupted iterations
test_mem   [  17% ] 100 VUs  0m20.0s/2m0s

running (0m21.0s), 100/100 VUs, 1178144 complete and 0 interrupted iterations
test_mem   [  17% ] 100 VUs  0m21.0s/2m0s

running (0m22.0s), 100/100 VUs, 1235650 complete and 0 interrupted iterations
test_mem   [  18% ] 100 VUs  0m22.0s/2m0s

running (0m23.0s), 100/100 VUs, 1293133 complete and 0 interrupted iterations
test_mem   [  19% ] 100 VUs  0m23.0s/2m0s

running (0m24.0s), 100/100 VUs, 1350064 complete and 0 interrupted iterations
test_mem   [  20% ] 100 VUs  0m24.0s/2m0s

running (0m25.0s), 100/100 VUs, 1407809 complete and 0 interrupted iterations
test_mem   [  21% ] 100 VUs  0m25.0s/2m0s

running (0m26.0s), 100/100 VUs, 1466685 complete and 0 interrupted iterations
test_mem   [  22% ] 100 VUs  0m26.0s/2m0s

running (0m27.0s), 100/100 VUs, 1525559 complete and 0 interrupted iterations
test_mem   [  22% ] 100 VUs  0m27.0s/2m0s

running (0m28.0s), 100/100 VUs, 1581794 complete and 0 interrupted iterations
test_mem   [  23% ] 100 VUs  0m28.0s/2m0s

running (0m29.0s), 100/100 VUs, 1639668 complete and 0 interrupted iterations
test_mem   [  24% ] 100 VUs  0m29.0s/2m0s

running (0m30.0s), 100/100 VUs, 1697418 complete and 0 interrupted iterations
test_mem   [  25% ] 100 VUs  0m30.0s/2m0s

running (0m31.0s), 100/100 VUs, 1756970 complete and 0 interrupted iterations
test_mem   [  26% ] 100 VUs  0m31.0s/2m0s

running (0m32.0s), 100/100 VUs, 1815431 complete and 0 interrupted iterations
test_mem   [  27% ] 100 VUs  0m32.0s/2m0s

running (0m33.0s), 100/100 VUs, 1873675 complete and 0 interrupted iterations
test_mem   [  27% ] 100 VUs  0m33.0s/2m0s

running (0m34.0s), 100/100 VUs, 1931419 complete and 0 interrupted iterations
test_mem   [  28% ] 100 VUs  0m34.0s/2m0s

running (0m35.0s), 100/100 VUs, 1989549 complete and 0 interrupted iterations
test_mem   [  29% ] 100 VUs  0m35.0s/2m0s

running (0m36.0s), 100/100 VUs, 2048054 complete and 0 interrupted iterations
test_mem   [  30% ] 100 VUs  0m36.0s/2m0s

running (0m37.0s), 100/100 VUs, 2105708 complete and 0 interrupted iterations
test_mem   [  31% ] 100 VUs  0m37.0s/2m0s

running (0m38.0s), 100/100 VUs, 2165195 complete and 0 interrupted iterations
test_mem   [  32% ] 100 VUs  0m38.0s/2m0s

running (0m39.0s), 100/100 VUs, 2223000 complete and 0 interrupted iterations
test_mem   [  32% ] 100 VUs  0m39.0s/2m0s

running (0m40.0s), 100/100 VUs, 2279510 complete and 0 interrupted iterations
test_mem   [  33% ] 100 VUs  0m40.0s/2m0s

running (0m41.0s), 100/100 VUs, 2337178 complete and 0 interrupted iterations
test_mem   [  34% ] 100 VUs  0m41.0s/2m0s

running (0m42.0s), 100/100 VUs, 2392264 complete and 0 interrupted iterations
test_mem   [  35% ] 100 VUs  0m42.0s/2m0s

running (0m43.0s), 100/100 VUs, 2445462 complete and 0 interrupted iterations
test_mem   [  36% ] 100 VUs  0m43.0s/2m0s

running (0m44.0s), 100/100 VUs, 2499218 complete and 0 interrupted iterations
test_mem   [  37% ] 100 VUs  0m44.0s/2m0s

running (0m45.0s), 100/100 VUs, 2557793 complete and 0 interrupted iterations
test_mem   [  37% ] 100 VUs  0m45.0s/2m0s

running (0m46.0s), 100/100 VUs, 2615203 complete and 0 interrupted iterations
test_mem   [  38% ] 100 VUs  0m46.0s/2m0s

running (0m47.0s), 100/100 VUs, 2672767 complete and 0 interrupted iterations
test_mem   [  39% ] 100 VUs  0m47.0s/2m0s

running (0m48.0s), 100/100 VUs, 2730318 complete and 0 interrupted iterations
test_mem   [  40% ] 100 VUs  0m48.0s/2m0s

running (0m49.0s), 100/100 VUs, 2788241 complete and 0 interrupted iterations
test_mem   [  41% ] 100 VUs  0m49.0s/2m0s

running (0m50.0s), 100/100 VUs, 2846120 complete and 0 interrupted iterations
test_mem   [  42% ] 100 VUs  0m50.0s/2m0s

running (0m51.0s), 100/100 VUs, 2905021 complete and 0 interrupted iterations
test_mem   [  43% ] 100 VUs  0m51.0s/2m0s

running (0m52.0s), 100/100 VUs, 2963002 complete and 0 interrupted iterations
test_mem   [  43% ] 100 VUs  0m52.0s/2m0s

running (0m53.0s), 100/100 VUs, 3022864 complete and 0 interrupted iterations
test_mem   [  44% ] 100 VUs  0m53.0s/2m0s

running (0m54.0s), 100/100 VUs, 3080549 complete and 0 interrupted iterations
test_mem   [  45% ] 100 VUs  0m54.0s/2m0s

running (0m55.0s), 100/100 VUs, 3138472 complete and 0 interrupted iterations
test_mem   [  46% ] 100 VUs  0m55.0s/2m0s

running (0m56.0s), 100/100 VUs, 3198314 complete and 0 interrupted iterations
test_mem   [  47% ] 100 VUs  0m56.0s/2m0s

running (0m57.0s), 100/100 VUs, 3256097 complete and 0 interrupted iterations
test_mem   [  47% ] 100 VUs  0m57.0s/2m0s

running (0m58.0s), 100/100 VUs, 3315629 complete and 0 interrupted iterations
test_mem   [  48% ] 100 VUs  0m58.0s/2m0s

running (0m59.0s), 100/100 VUs, 3375740 complete and 0 interrupted iterations
test_mem   [  49% ] 100 VUs  0m59.0s/2m0s

running (1m00.0s), 100/100 VUs, 3435114 complete and 0 interrupted iterations
test_mem   [  50% ] 100 VUs  1m00.0s/2m0s

running (1m01.0s), 100/100 VUs, 3495245 complete and 0 interrupted iterations
test_mem   [  51% ] 100 VUs  1m01.0s/2m0s

running (1m02.0s), 100/100 VUs, 3554775 complete and 0 interrupted iterations
test_mem   [  52% ] 100 VUs  1m02.0s/2m0s

running (1m03.0s), 100/100 VUs, 3613480 complete and 0 interrupted iterations
test_mem   [  52% ] 100 VUs  1m03.0s/2m0s

running (1m04.0s), 100/100 VUs, 3672634 complete and 0 interrupted iterations
test_mem   [  53% ] 100 VUs  1m04.0s/2m0s

running (1m05.0s), 100/100 VUs, 3732462 complete and 0 interrupted iterations
test_mem   [  54% ] 100 VUs  1m05.0s/2m0s

running (1m06.0s), 100/100 VUs, 3793024 complete and 0 interrupted iterations
test_mem   [  55% ] 100 VUs  1m06.0s/2m0s

running (1m07.0s), 100/100 VUs, 3852368 complete and 0 interrupted iterations
test_mem   [  56% ] 100 VUs  1m07.0s/2m0s

running (1m08.0s), 100/100 VUs, 3910870 complete and 0 interrupted iterations
test_mem   [  57% ] 100 VUs  1m08.0s/2m0s

running (1m09.0s), 100/100 VUs, 3969894 complete and 0 interrupted iterations
test_mem   [  57% ] 100 VUs  1m09.0s/2m0s

running (1m10.0s), 100/100 VUs, 4027846 complete and 0 interrupted iterations
test_mem   [  58% ] 100 VUs  1m10.0s/2m0s

running (1m11.0s), 100/100 VUs, 4085643 complete and 0 interrupted iterations
test_mem   [  59% ] 100 VUs  1m11.0s/2m0s

running (1m12.0s), 100/100 VUs, 4145405 complete and 0 interrupted iterations
test_mem   [  60% ] 100 VUs  1m12.0s/2m0s

running (1m13.0s), 100/100 VUs, 4204711 complete and 0 interrupted iterations
test_mem   [  61% ] 100 VUs  1m13.0s/2m0s

running (1m14.0s), 100/100 VUs, 4264236 complete and 0 interrupted iterations
test_mem   [  62% ] 100 VUs  1m14.0s/2m0s

running (1m15.0s), 100/100 VUs, 4322521 complete and 0 interrupted iterations
test_mem   [  62% ] 100 VUs  1m15.0s/2m0s

running (1m16.0s), 100/100 VUs, 4380903 complete and 0 interrupted iterations
test_mem   [  63% ] 100 VUs  1m16.0s/2m0s

running (1m17.0s), 100/100 VUs, 4440492 complete and 0 interrupted iterations
test_mem   [  64% ] 100 VUs  1m17.0s/2m0s

running (1m18.0s), 100/100 VUs, 4500439 complete and 0 interrupted iterations
test_mem   [  65% ] 100 VUs  1m18.0s/2m0s

running (1m19.0s), 100/100 VUs, 4560916 complete and 0 interrupted iterations
test_mem   [  66% ] 100 VUs  1m19.0s/2m0s

running (1m20.0s), 100/100 VUs, 4621180 complete and 0 interrupted iterations
test_mem   [  67% ] 100 VUs  1m20.0s/2m0s

running (1m21.0s), 100/100 VUs, 4681820 complete and 0 interrupted iterations
test_mem   [  67% ] 100 VUs  1m21.0s/2m0s

running (1m22.0s), 100/100 VUs, 4741351 complete and 0 interrupted iterations
test_mem   [  68% ] 100 VUs  1m22.0s/2m0s

running (1m23.0s), 100/100 VUs, 4800360 complete and 0 interrupted iterations
test_mem   [  69% ] 100 VUs  1m23.0s/2m0s

running (1m24.0s), 100/100 VUs, 4858848 complete and 0 interrupted iterations
test_mem   [  70% ] 100 VUs  1m24.0s/2m0s

running (1m25.0s), 100/100 VUs, 4918699 complete and 0 interrupted iterations
test_mem   [  71% ] 100 VUs  1m25.0s/2m0s

running (1m26.0s), 100/100 VUs, 4978968 complete and 0 interrupted iterations
test_mem   [  72% ] 100 VUs  1m26.0s/2m0s

running (1m27.0s), 100/100 VUs, 5038733 complete and 0 interrupted iterations
test_mem   [  72% ] 100 VUs  1m27.0s/2m0s

running (1m28.0s), 100/100 VUs, 5096807 complete and 0 interrupted iterations
test_mem   [  73% ] 100 VUs  1m28.0s/2m0s

running (1m29.0s), 100/100 VUs, 5156964 complete and 0 interrupted iterations
test_mem   [  74% ] 100 VUs  1m29.0s/2m0s

running (1m30.0s), 100/100 VUs, 5218628 complete and 0 interrupted iterations
test_mem   [  75% ] 100 VUs  1m30.0s/2m0s

running (1m31.0s), 100/100 VUs, 5280442 complete and 0 interrupted iterations
test_mem   [  76% ] 100 VUs  1m31.0s/2m0s

running (1m32.0s), 100/100 VUs, 5341761 complete and 0 interrupted iterations
test_mem   [  77% ] 100 VUs  1m32.0s/2m0s

running (1m33.0s), 100/100 VUs, 5402710 complete and 0 interrupted iterations
test_mem   [  77% ] 100 VUs  1m33.0s/2m0s

running (1m34.0s), 100/100 VUs, 5462352 complete and 0 interrupted iterations
test_mem   [  78% ] 100 VUs  1m34.0s/2m0s

running (1m35.0s), 100/100 VUs, 5522539 complete and 0 interrupted iterations
test_mem   [  79% ] 100 VUs  1m35.0s/2m0s

running (1m36.0s), 100/100 VUs, 5583473 complete and 0 interrupted iterations
test_mem   [  80% ] 100 VUs  1m36.0s/2m0s

running (1m37.0s), 100/100 VUs, 5643536 complete and 0 interrupted iterations
test_mem   [  81% ] 100 VUs  1m37.0s/2m0s

running (1m38.0s), 100/100 VUs, 5702132 complete and 0 interrupted iterations
test_mem   [  82% ] 100 VUs  1m38.0s/2m0s

running (1m39.0s), 100/100 VUs, 5763403 complete and 0 interrupted iterations
test_mem   [  82% ] 100 VUs  1m39.0s/2m0s

running (1m40.0s), 100/100 VUs, 5823572 complete and 0 interrupted iterations
test_mem   [  83% ] 100 VUs  1m40.0s/2m0s

running (1m41.0s), 100/100 VUs, 5885377 complete and 0 interrupted iterations
test_mem   [  84% ] 100 VUs  1m41.0s/2m0s

running (1m42.0s), 100/100 VUs, 5946590 complete and 0 interrupted iterations
test_mem   [  85% ] 100 VUs  1m42.0s/2m0s

running (1m43.0s), 100/100 VUs, 6007328 complete and 0 interrupted iterations
test_mem   [  86% ] 100 VUs  1m43.0s/2m0s

running (1m44.0s), 100/100 VUs, 6067208 complete and 0 interrupted iterations
test_mem   [  87% ] 100 VUs  1m44.0s/2m0s

running (1m45.0s), 100/100 VUs, 6126021 complete and 0 interrupted iterations
test_mem   [  87% ] 100 VUs  1m45.0s/2m0s

running (1m46.0s), 100/100 VUs, 6184631 complete and 0 interrupted iterations
test_mem   [  88% ] 100 VUs  1m46.0s/2m0s

running (1m47.0s), 100/100 VUs, 6244807 complete and 0 interrupted iterations
test_mem   [  89% ] 100 VUs  1m47.0s/2m0s

running (1m48.0s), 100/100 VUs, 6300387 complete and 0 interrupted iterations
test_mem   [  90% ] 100 VUs  1m48.0s/2m0s

running (1m49.0s), 100/100 VUs, 6356790 complete and 0 interrupted iterations
test_mem   [  91% ] 100 VUs  1m49.0s/2m0s

running (1m50.0s), 100/100 VUs, 6415601 complete and 0 interrupted iterations
test_mem   [  92% ] 100 VUs  1m50.0s/2m0s

running (1m51.0s), 100/100 VUs, 6476126 complete and 0 interrupted iterations
test_mem   [  92% ] 100 VUs  1m51.0s/2m0s

running (1m52.0s), 100/100 VUs, 6536874 complete and 0 interrupted iterations
test_mem   [  93% ] 100 VUs  1m52.0s/2m0s

running (1m53.0s), 100/100 VUs, 6597650 complete and 0 interrupted iterations
test_mem   [  94% ] 100 VUs  1m53.0s/2m0s

running (1m54.0s), 100/100 VUs, 6659359 complete and 0 interrupted iterations
test_mem   [  95% ] 100 VUs  1m54.0s/2m0s

running (1m55.0s), 100/100 VUs, 6719869 complete and 0 interrupted iterations
test_mem   [  96% ] 100 VUs  1m55.0s/2m0s

running (1m56.0s), 100/100 VUs, 6781216 complete and 0 interrupted iterations
test_mem   [  97% ] 100 VUs  1m56.0s/2m0s

running (1m57.0s), 100/100 VUs, 6839509 complete and 0 interrupted iterations
test_mem   [  97% ] 100 VUs  1m57.0s/2m0s

running (1m58.0s), 100/100 VUs, 6901722 complete and 0 interrupted iterations
test_mem   [  98% ] 100 VUs  1m58.0s/2m0s

running (1m59.0s), 100/100 VUs, 6964481 complete and 0 interrupted iterations
test_mem   [  99% ] 100 VUs  1m59.0s/2m0s

running (2m00.0s), 100/100 VUs, 7025683 complete and 0 interrupted iterations
test_mem   [ 100% ] 100 VUs  2m00.0s/2m0s

     data_received........: 28 MB   234 kB/s
     data_sent............: 405 MB  3.4 MB/s
     iteration_duration...: avg=1.69ms min=154.41µs med=1.54ms max=56.49ms p(90)=2.31ms p(95)=2.98ms
     iterations...........: 7025998 58549.251053/s
     vus..................: 100     min=100        max=100
     vus_max..............: 100     min=100        max=100


running (2m00.0s), 000/100 VUs, 7025998 complete and 0 interrupted iterations
test_mem ✓ [ 100% ] 100 VUs  2m0s
