
          /\      |‾‾| /‾‾/   /‾‾/   
     /\  /  \     |  |/  /   /  /    
    /  \/    \    |     (   /   ‾‾\  
   /          \   |  |\  \ |  (‾)  | 
  / __________ \  |__| \__\ \_____/ .io

     execution: local
        script: kvrocks/counter/redis.js
        output: -

     scenarios: (100.00%) 2 scenarios, 100 max VUs, 2m30s max duration (incl. graceful stop):
              * test_decr: 50 looping VUs for 2m0s (exec: decr, gracefulStop: 30s)
              * test_incr: 50 looping VUs for 2m0s (exec: incr, gracefulStop: 30s)


running (0m01.0s), 100/100 VUs, 200 complete and 0 interrupted iterations
test_decr   [   1% ] 50 VUs  0m01.0s/2m0s
test_incr   [   1% ] 50 VUs  0m01.0s/2m0s

running (0m02.0s), 100/100 VUs, 23066 complete and 0 interrupted iterations
test_decr   [   2% ] 50 VUs  0m02.0s/2m0s
test_incr   [   2% ] 50 VUs  0m02.0s/2m0s

running (0m03.0s), 100/100 VUs, 67959 complete and 0 interrupted iterations
test_decr   [   2% ] 50 VUs  0m03.0s/2m0s
test_incr   [   2% ] 50 VUs  0m03.0s/2m0s

running (0m04.0s), 100/100 VUs, 110124 complete and 0 interrupted iterations
test_decr   [   3% ] 50 VUs  0m04.0s/2m0s
test_incr   [   3% ] 50 VUs  0m04.0s/2m0s

running (0m05.0s), 100/100 VUs, 156287 complete and 0 interrupted iterations
test_decr   [   4% ] 50 VUs  0m05.0s/2m0s
test_incr   [   4% ] 50 VUs  0m05.0s/2m0s

running (0m06.0s), 100/100 VUs, 199566 complete and 0 interrupted iterations
test_decr   [   5% ] 50 VUs  0m06.0s/2m0s
test_incr   [   5% ] 50 VUs  0m06.0s/2m0s

running (0m07.0s), 100/100 VUs, 245350 complete and 0 interrupted iterations
test_decr   [   6% ] 50 VUs  0m07.0s/2m0s
test_incr   [   6% ] 50 VUs  0m07.0s/2m0s

running (0m08.0s), 100/100 VUs, 291022 complete and 0 interrupted iterations
test_decr   [   7% ] 50 VUs  0m08.0s/2m0s
test_incr   [   7% ] 50 VUs  0m08.0s/2m0s

running (0m09.0s), 100/100 VUs, 337037 complete and 0 interrupted iterations
test_decr   [   7% ] 50 VUs  0m09.0s/2m0s
test_incr   [   7% ] 50 VUs  0m09.0s/2m0s

running (0m10.0s), 100/100 VUs, 381588 complete and 0 interrupted iterations
test_decr   [   8% ] 50 VUs  0m10.0s/2m0s
test_incr   [   8% ] 50 VUs  0m10.0s/2m0s

running (0m11.0s), 100/100 VUs, 427234 complete and 0 interrupted iterations
test_decr   [   9% ] 50 VUs  0m11.0s/2m0s
test_incr   [   9% ] 50 VUs  0m11.0s/2m0s

running (0m12.0s), 100/100 VUs, 473188 complete and 0 interrupted iterations
test_decr   [  10% ] 50 VUs  0m12.0s/2m0s
test_incr   [  10% ] 50 VUs  0m12.0s/2m0s

running (0m13.0s), 100/100 VUs, 518748 complete and 0 interrupted iterations
test_decr   [  11% ] 50 VUs  0m13.0s/2m0s
test_incr   [  11% ] 50 VUs  0m13.0s/2m0s

running (0m14.0s), 100/100 VUs, 564040 complete and 0 interrupted iterations
test_decr   [  12% ] 50 VUs  0m14.0s/2m0s
test_incr   [  12% ] 50 VUs  0m14.0s/2m0s

running (0m15.0s), 100/100 VUs, 609734 complete and 0 interrupted iterations
test_decr   [  12% ] 50 VUs  0m15.0s/2m0s
test_incr   [  12% ] 50 VUs  0m15.0s/2m0s

running (0m16.0s), 100/100 VUs, 656351 complete and 0 interrupted iterations
test_decr   [  13% ] 50 VUs  0m16.0s/2m0s
test_incr   [  13% ] 50 VUs  0m16.0s/2m0s

running (0m17.0s), 100/100 VUs, 702839 complete and 0 interrupted iterations
test_decr   [  14% ] 50 VUs  0m17.0s/2m0s
test_incr   [  14% ] 50 VUs  0m17.0s/2m0s

running (0m18.0s), 100/100 VUs, 749670 complete and 0 interrupted iterations
test_decr   [  15% ] 50 VUs  0m18.0s/2m0s
test_incr   [  15% ] 50 VUs  0m18.0s/2m0s

running (0m19.0s), 100/100 VUs, 797775 complete and 0 interrupted iterations
test_decr   [  16% ] 50 VUs  0m19.0s/2m0s
test_incr   [  16% ] 50 VUs  0m19.0s/2m0s

running (0m20.0s), 100/100 VUs, 846251 complete and 0 interrupted iterations
test_decr   [  17% ] 50 VUs  0m20.0s/2m0s
test_incr   [  17% ] 50 VUs  0m20.0s/2m0s

running (0m21.0s), 100/100 VUs, 891587 complete and 0 interrupted iterations
test_decr   [  17% ] 50 VUs  0m21.0s/2m0s
test_incr   [  17% ] 50 VUs  0m21.0s/2m0s

running (0m22.0s), 100/100 VUs, 937872 complete and 0 interrupted iterations
test_decr   [  18% ] 50 VUs  0m22.0s/2m0s
test_incr   [  18% ] 50 VUs  0m22.0s/2m0s

running (0m23.0s), 100/100 VUs, 985054 complete and 0 interrupted iterations
test_decr   [  19% ] 50 VUs  0m23.0s/2m0s
test_incr   [  19% ] 50 VUs  0m23.0s/2m0s

running (0m24.0s), 100/100 VUs, 1032627 complete and 0 interrupted iterations
test_decr   [  20% ] 50 VUs  0m24.0s/2m0s
test_incr   [  20% ] 50 VUs  0m24.0s/2m0s

running (0m25.0s), 100/100 VUs, 1079570 complete and 0 interrupted iterations
test_decr   [  21% ] 50 VUs  0m25.0s/2m0s
test_incr   [  21% ] 50 VUs  0m25.0s/2m0s

running (0m26.0s), 100/100 VUs, 1124667 complete and 0 interrupted iterations
test_decr   [  22% ] 50 VUs  0m26.0s/2m0s
test_incr   [  22% ] 50 VUs  0m26.0s/2m0s

running (0m27.0s), 100/100 VUs, 1169374 complete and 0 interrupted iterations
test_decr   [  22% ] 50 VUs  0m27.0s/2m0s
test_incr   [  22% ] 50 VUs  0m27.0s/2m0s

running (0m28.0s), 100/100 VUs, 1214271 complete and 0 interrupted iterations
test_decr   [  23% ] 50 VUs  0m28.0s/2m0s
test_incr   [  23% ] 50 VUs  0m28.0s/2m0s

running (0m29.0s), 100/100 VUs, 1260254 complete and 0 interrupted iterations
test_decr   [  24% ] 50 VUs  0m29.0s/2m0s
test_incr   [  24% ] 50 VUs  0m29.0s/2m0s

running (0m30.0s), 100/100 VUs, 1306216 complete and 0 interrupted iterations
test_decr   [  25% ] 50 VUs  0m30.0s/2m0s
test_incr   [  25% ] 50 VUs  0m30.0s/2m0s

running (0m31.0s), 100/100 VUs, 1354302 complete and 0 interrupted iterations
test_decr   [  26% ] 50 VUs  0m31.0s/2m0s
test_incr   [  26% ] 50 VUs  0m31.0s/2m0s

running (0m32.0s), 100/100 VUs, 1402144 complete and 0 interrupted iterations
test_decr   [  27% ] 50 VUs  0m32.0s/2m0s
test_incr   [  27% ] 50 VUs  0m32.0s/2m0s

running (0m33.0s), 100/100 VUs, 1448555 complete and 0 interrupted iterations
test_decr   [  27% ] 50 VUs  0m33.0s/2m0s
test_incr   [  27% ] 50 VUs  0m33.0s/2m0s

running (0m34.0s), 100/100 VUs, 1495340 complete and 0 interrupted iterations
test_decr   [  28% ] 50 VUs  0m34.0s/2m0s
test_incr   [  28% ] 50 VUs  0m34.0s/2m0s

running (0m35.0s), 100/100 VUs, 1541572 complete and 0 interrupted iterations
test_decr   [  29% ] 50 VUs  0m35.0s/2m0s
test_incr   [  29% ] 50 VUs  0m35.0s/2m0s

running (0m36.0s), 100/100 VUs, 1588400 complete and 0 interrupted iterations
test_decr   [  30% ] 50 VUs  0m36.0s/2m0s
test_incr   [  30% ] 50 VUs  0m36.0s/2m0s

running (0m37.0s), 100/100 VUs, 1634244 complete and 0 interrupted iterations
test_decr   [  31% ] 50 VUs  0m37.0s/2m0s
test_incr   [  31% ] 50 VUs  0m37.0s/2m0s

running (0m38.0s), 100/100 VUs, 1679067 complete and 0 interrupted iterations
test_decr   [  32% ] 50 VUs  0m38.0s/2m0s
test_incr   [  32% ] 50 VUs  0m38.0s/2m0s

running (0m39.0s), 100/100 VUs, 1727251 complete and 0 interrupted iterations
test_decr   [  32% ] 50 VUs  0m39.0s/2m0s
test_incr   [  32% ] 50 VUs  0m39.0s/2m0s

running (0m40.0s), 100/100 VUs, 1771267 complete and 0 interrupted iterations
test_decr   [  33% ] 50 VUs  0m40.0s/2m0s
test_incr   [  33% ] 50 VUs  0m40.0s/2m0s

running (0m41.0s), 100/100 VUs, 1815760 complete and 0 interrupted iterations
test_decr   [  34% ] 50 VUs  0m41.0s/2m0s
test_incr   [  34% ] 50 VUs  0m41.0s/2m0s

running (0m42.0s), 100/100 VUs, 1862839 complete and 0 interrupted iterations
test_decr   [  35% ] 50 VUs  0m42.0s/2m0s
test_incr   [  35% ] 50 VUs  0m42.0s/2m0s

running (0m43.0s), 100/100 VUs, 1910091 complete and 0 interrupted iterations
test_decr   [  36% ] 50 VUs  0m43.0s/2m0s
test_incr   [  36% ] 50 VUs  0m43.0s/2m0s

running (0m44.0s), 100/100 VUs, 1956706 complete and 0 interrupted iterations
test_decr   [  37% ] 50 VUs  0m44.0s/2m0s
test_incr   [  37% ] 50 VUs  0m44.0s/2m0s

running (0m45.0s), 100/100 VUs, 2001281 complete and 0 interrupted iterations
test_decr   [  37% ] 50 VUs  0m45.0s/2m0s
test_incr   [  37% ] 50 VUs  0m45.0s/2m0s

running (0m46.0s), 100/100 VUs, 2050121 complete and 0 interrupted iterations
test_decr   [  38% ] 50 VUs  0m46.0s/2m0s
test_incr   [  38% ] 50 VUs  0m46.0s/2m0s

running (0m47.0s), 100/100 VUs, 2096779 complete and 0 interrupted iterations
test_decr   [  39% ] 50 VUs  0m47.0s/2m0s
test_incr   [  39% ] 50 VUs  0m47.0s/2m0s

running (0m48.0s), 100/100 VUs, 2144664 complete and 0 interrupted iterations
test_decr   [  40% ] 50 VUs  0m48.0s/2m0s
test_incr   [  40% ] 50 VUs  0m48.0s/2m0s

running (0m49.0s), 100/100 VUs, 2190801 complete and 0 interrupted iterations
test_decr   [  41% ] 50 VUs  0m49.0s/2m0s
test_incr   [  41% ] 50 VUs  0m49.0s/2m0s

running (0m50.0s), 100/100 VUs, 2236076 complete and 0 interrupted iterations
test_decr   [  42% ] 50 VUs  0m50.0s/2m0s
test_incr   [  42% ] 50 VUs  0m50.0s/2m0s

running (0m51.0s), 100/100 VUs, 2281596 complete and 0 interrupted iterations
test_decr   [  42% ] 50 VUs  0m51.0s/2m0s
test_incr   [  42% ] 50 VUs  0m51.0s/2m0s

running (0m52.0s), 100/100 VUs, 2326491 complete and 0 interrupted iterations
test_decr   [  43% ] 50 VUs  0m52.0s/2m0s
test_incr   [  43% ] 50 VUs  0m52.0s/2m0s

running (0m53.0s), 100/100 VUs, 2372969 complete and 0 interrupted iterations
test_decr   [  44% ] 50 VUs  0m53.0s/2m0s
test_incr   [  44% ] 50 VUs  0m53.0s/2m0s

running (0m54.0s), 100/100 VUs, 2420991 complete and 0 interrupted iterations
test_decr   [  45% ] 50 VUs  0m54.0s/2m0s
test_incr   [  45% ] 50 VUs  0m54.0s/2m0s

running (0m55.0s), 100/100 VUs, 2467675 complete and 0 interrupted iterations
test_decr   [  46% ] 50 VUs  0m55.0s/2m0s
test_incr   [  46% ] 50 VUs  0m55.0s/2m0s

running (0m56.0s), 100/100 VUs, 2513913 complete and 0 interrupted iterations
test_decr   [  47% ] 50 VUs  0m56.0s/2m0s
test_incr   [  47% ] 50 VUs  0m56.0s/2m0s

running (0m57.0s), 100/100 VUs, 2563113 complete and 0 interrupted iterations
test_decr   [  47% ] 50 VUs  0m57.0s/2m0s
test_incr   [  47% ] 50 VUs  0m57.0s/2m0s

running (0m58.0s), 100/100 VUs, 2609161 complete and 0 interrupted iterations
test_decr   [  48% ] 50 VUs  0m58.0s/2m0s
test_incr   [  48% ] 50 VUs  0m58.0s/2m0s

running (0m59.0s), 100/100 VUs, 2657080 complete and 0 interrupted iterations
test_decr   [  49% ] 50 VUs  0m59.0s/2m0s
test_incr   [  49% ] 50 VUs  0m59.0s/2m0s

running (1m00.0s), 100/100 VUs, 2707387 complete and 0 interrupted iterations
test_decr   [  50% ] 50 VUs  1m00.0s/2m0s
test_incr   [  50% ] 50 VUs  1m00.0s/2m0s

running (1m01.0s), 100/100 VUs, 2756040 complete and 0 interrupted iterations
test_decr   [  51% ] 50 VUs  1m01.0s/2m0s
test_incr   [  51% ] 50 VUs  1m01.0s/2m0s

running (1m02.0s), 100/100 VUs, 2803830 complete and 0 interrupted iterations
test_decr   [  52% ] 50 VUs  1m02.0s/2m0s
test_incr   [  52% ] 50 VUs  1m02.0s/2m0s

running (1m03.0s), 100/100 VUs, 2853665 complete and 0 interrupted iterations
test_decr   [  52% ] 50 VUs  1m03.0s/2m0s
test_incr   [  52% ] 50 VUs  1m03.0s/2m0s

running (1m04.0s), 100/100 VUs, 2899926 complete and 0 interrupted iterations
test_decr   [  53% ] 50 VUs  1m04.0s/2m0s
test_incr   [  53% ] 50 VUs  1m04.0s/2m0s

running (1m05.0s), 100/100 VUs, 2947147 complete and 0 interrupted iterations
test_decr   [  54% ] 50 VUs  1m05.0s/2m0s
test_incr   [  54% ] 50 VUs  1m05.0s/2m0s

running (1m06.0s), 100/100 VUs, 2994611 complete and 0 interrupted iterations
test_decr   [  55% ] 50 VUs  1m06.0s/2m0s
test_incr   [  55% ] 50 VUs  1m06.0s/2m0s

running (1m07.0s), 100/100 VUs, 3043166 complete and 0 interrupted iterations
test_decr   [  56% ] 50 VUs  1m07.0s/2m0s
test_incr   [  56% ] 50 VUs  1m07.0s/2m0s

running (1m08.0s), 100/100 VUs, 3091358 complete and 0 interrupted iterations
test_decr   [  57% ] 50 VUs  1m08.0s/2m0s
test_incr   [  57% ] 50 VUs  1m08.0s/2m0s

running (1m09.0s), 100/100 VUs, 3140430 complete and 0 interrupted iterations
test_decr   [  57% ] 50 VUs  1m09.0s/2m0s
test_incr   [  57% ] 50 VUs  1m09.0s/2m0s

running (1m10.0s), 100/100 VUs, 3190011 complete and 0 interrupted iterations
test_decr   [  58% ] 50 VUs  1m10.0s/2m0s
test_incr   [  58% ] 50 VUs  1m10.0s/2m0s

running (1m11.0s), 100/100 VUs, 3238612 complete and 0 interrupted iterations
test_decr   [  59% ] 50 VUs  1m11.0s/2m0s
test_incr   [  59% ] 50 VUs  1m11.0s/2m0s

running (1m12.0s), 100/100 VUs, 3286033 complete and 0 interrupted iterations
test_decr   [  60% ] 50 VUs  1m12.0s/2m0s
test_incr   [  60% ] 50 VUs  1m12.0s/2m0s

running (1m13.0s), 100/100 VUs, 3333915 complete and 0 interrupted iterations
test_decr   [  61% ] 50 VUs  1m13.0s/2m0s
test_incr   [  61% ] 50 VUs  1m13.0s/2m0s

running (1m14.0s), 100/100 VUs, 3382332 complete and 0 interrupted iterations
test_decr   [  62% ] 50 VUs  1m14.0s/2m0s
test_incr   [  62% ] 50 VUs  1m14.0s/2m0s

running (1m15.0s), 100/100 VUs, 3428776 complete and 0 interrupted iterations
test_decr   [  62% ] 50 VUs  1m15.0s/2m0s
test_incr   [  62% ] 50 VUs  1m15.0s/2m0s

running (1m16.0s), 100/100 VUs, 3478100 complete and 0 interrupted iterations
test_decr   [  63% ] 50 VUs  1m16.0s/2m0s
test_incr   [  63% ] 50 VUs  1m16.0s/2m0s

running (1m17.0s), 100/100 VUs, 3525089 complete and 0 interrupted iterations
test_decr   [  64% ] 50 VUs  1m17.0s/2m0s
test_incr   [  64% ] 50 VUs  1m17.0s/2m0s

running (1m18.0s), 100/100 VUs, 3571010 complete and 0 interrupted iterations
test_decr   [  65% ] 50 VUs  1m18.0s/2m0s
test_incr   [  65% ] 50 VUs  1m18.0s/2m0s

running (1m19.0s), 100/100 VUs, 3617470 complete and 0 interrupted iterations
test_decr   [  66% ] 50 VUs  1m19.0s/2m0s
test_incr   [  66% ] 50 VUs  1m19.0s/2m0s

running (1m20.0s), 100/100 VUs, 3665868 complete and 0 interrupted iterations
test_decr   [  67% ] 50 VUs  1m20.0s/2m0s
test_incr   [  67% ] 50 VUs  1m20.0s/2m0s

running (1m21.0s), 100/100 VUs, 3713799 complete and 0 interrupted iterations
test_decr   [  67% ] 50 VUs  1m21.0s/2m0s
test_incr   [  67% ] 50 VUs  1m21.0s/2m0s

running (1m22.0s), 100/100 VUs, 3759315 complete and 0 interrupted iterations
test_decr   [  68% ] 50 VUs  1m22.0s/2m0s
test_incr   [  68% ] 50 VUs  1m22.0s/2m0s

running (1m23.0s), 100/100 VUs, 3806168 complete and 0 interrupted iterations
test_decr   [  69% ] 50 VUs  1m23.0s/2m0s
test_incr   [  69% ] 50 VUs  1m23.0s/2m0s

running (1m24.0s), 100/100 VUs, 3852100 complete and 0 interrupted iterations
test_decr   [  70% ] 50 VUs  1m24.0s/2m0s
test_incr   [  70% ] 50 VUs  1m24.0s/2m0s

running (1m25.0s), 100/100 VUs, 3899277 complete and 0 interrupted iterations
test_decr   [  71% ] 50 VUs  1m25.0s/2m0s
test_incr   [  71% ] 50 VUs  1m25.0s/2m0s

running (1m26.0s), 100/100 VUs, 3946218 complete and 0 interrupted iterations
test_decr   [  72% ] 50 VUs  1m26.0s/2m0s
test_incr   [  72% ] 50 VUs  1m26.0s/2m0s

running (1m27.0s), 100/100 VUs, 3993026 complete and 0 interrupted iterations
test_decr   [  72% ] 50 VUs  1m27.0s/2m0s
test_incr   [  72% ] 50 VUs  1m27.0s/2m0s

running (1m28.0s), 100/100 VUs, 4039152 complete and 0 interrupted iterations
test_decr   [  73% ] 50 VUs  1m28.0s/2m0s
test_incr   [  73% ] 50 VUs  1m28.0s/2m0s

running (1m29.0s), 100/100 VUs, 4088977 complete and 0 interrupted iterations
test_decr   [  74% ] 50 VUs  1m29.0s/2m0s
test_incr   [  74% ] 50 VUs  1m29.0s/2m0s

running (1m30.0s), 100/100 VUs, 4136816 complete and 0 interrupted iterations
test_decr   [  75% ] 50 VUs  1m30.0s/2m0s
test_incr   [  75% ] 50 VUs  1m30.0s/2m0s

running (1m31.0s), 100/100 VUs, 4185253 complete and 0 interrupted iterations
test_decr   [  76% ] 50 VUs  1m31.0s/2m0s
test_incr   [  76% ] 50 VUs  1m31.0s/2m0s

running (1m32.0s), 100/100 VUs, 4233683 complete and 0 interrupted iterations
test_decr   [  77% ] 50 VUs  1m32.0s/2m0s
test_incr   [  77% ] 50 VUs  1m32.0s/2m0s

running (1m33.0s), 100/100 VUs, 4281875 complete and 0 interrupted iterations
test_decr   [  77% ] 50 VUs  1m33.0s/2m0s
test_incr   [  77% ] 50 VUs  1m33.0s/2m0s

running (1m34.0s), 100/100 VUs, 4328719 complete and 0 interrupted iterations
test_decr   [  78% ] 50 VUs  1m34.0s/2m0s
test_incr   [  78% ] 50 VUs  1m34.0s/2m0s

running (1m35.0s), 100/100 VUs, 4374633 complete and 0 interrupted iterations
test_decr   [  79% ] 50 VUs  1m35.0s/2m0s
test_incr   [  79% ] 50 VUs  1m35.0s/2m0s

running (1m36.0s), 100/100 VUs, 4420276 complete and 0 interrupted iterations
test_decr   [  80% ] 50 VUs  1m36.0s/2m0s
test_incr   [  80% ] 50 VUs  1m36.0s/2m0s

running (1m37.0s), 100/100 VUs, 4466648 complete and 0 interrupted iterations
test_decr   [  81% ] 50 VUs  1m37.0s/2m0s
test_incr   [  81% ] 50 VUs  1m37.0s/2m0s

running (1m38.0s), 100/100 VUs, 4511935 complete and 0 interrupted iterations
test_decr   [  82% ] 50 VUs  1m38.0s/2m0s
test_incr   [  82% ] 50 VUs  1m38.0s/2m0s

running (1m39.0s), 100/100 VUs, 4555871 complete and 0 interrupted iterations
test_decr   [  82% ] 50 VUs  1m39.0s/2m0s
test_incr   [  82% ] 50 VUs  1m39.0s/2m0s

running (1m40.0s), 100/100 VUs, 4602198 complete and 0 interrupted iterations
test_decr   [  83% ] 50 VUs  1m40.0s/2m0s
test_incr   [  83% ] 50 VUs  1m40.0s/2m0s

running (1m41.0s), 100/100 VUs, 4648470 complete and 0 interrupted iterations
test_decr   [  84% ] 50 VUs  1m41.0s/2m0s
test_incr   [  84% ] 50 VUs  1m41.0s/2m0s

running (1m42.0s), 100/100 VUs, 4695302 complete and 0 interrupted iterations
test_decr   [  85% ] 50 VUs  1m42.0s/2m0s
test_incr   [  85% ] 50 VUs  1m42.0s/2m0s

running (1m43.0s), 100/100 VUs, 4742971 complete and 0 interrupted iterations
test_decr   [  86% ] 50 VUs  1m43.0s/2m0s
test_incr   [  86% ] 50 VUs  1m43.0s/2m0s

running (1m44.0s), 100/100 VUs, 4791736 complete and 0 interrupted iterations
test_decr   [  87% ] 50 VUs  1m44.0s/2m0s
test_incr   [  87% ] 50 VUs  1m44.0s/2m0s

running (1m45.0s), 100/100 VUs, 4840412 complete and 0 interrupted iterations
test_decr   [  87% ] 50 VUs  1m45.0s/2m0s
test_incr   [  87% ] 50 VUs  1m45.0s/2m0s

running (1m46.0s), 100/100 VUs, 4888020 complete and 0 interrupted iterations
test_decr   [  88% ] 50 VUs  1m46.0s/2m0s
test_incr   [  88% ] 50 VUs  1m46.0s/2m0s

running (1m47.0s), 100/100 VUs, 4935056 complete and 0 interrupted iterations
test_decr   [  89% ] 50 VUs  1m47.0s/2m0s
test_incr   [  89% ] 50 VUs  1m47.0s/2m0s

running (1m48.0s), 100/100 VUs, 4982192 complete and 0 interrupted iterations
test_decr   [  90% ] 50 VUs  1m48.0s/2m0s
test_incr   [  90% ] 50 VUs  1m48.0s/2m0s

running (1m49.0s), 100/100 VUs, 5030157 complete and 0 interrupted iterations
test_decr   [  91% ] 50 VUs  1m49.0s/2m0s
test_incr   [  91% ] 50 VUs  1m49.0s/2m0s

running (1m50.0s), 100/100 VUs, 5078167 complete and 0 interrupted iterations
test_decr   [  92% ] 50 VUs  1m50.0s/2m0s
test_incr   [  92% ] 50 VUs  1m50.0s/2m0s

running (1m51.0s), 100/100 VUs, 5126175 complete and 0 interrupted iterations
test_decr   [  92% ] 50 VUs  1m51.0s/2m0s
test_incr   [  92% ] 50 VUs  1m51.0s/2m0s

running (1m52.0s), 100/100 VUs, 5174670 complete and 0 interrupted iterations
test_decr   [  93% ] 50 VUs  1m52.0s/2m0s
test_incr   [  93% ] 50 VUs  1m52.0s/2m0s

running (1m53.0s), 100/100 VUs, 5223096 complete and 0 interrupted iterations
test_decr   [  94% ] 50 VUs  1m53.0s/2m0s
test_incr   [  94% ] 50 VUs  1m53.0s/2m0s

running (1m54.0s), 100/100 VUs, 5273917 complete and 0 interrupted iterations
test_decr   [  95% ] 50 VUs  1m54.0s/2m0s
test_incr   [  95% ] 50 VUs  1m54.0s/2m0s

running (1m55.0s), 100/100 VUs, 5323049 complete and 0 interrupted iterations
test_decr   [  96% ] 50 VUs  1m55.0s/2m0s
test_incr   [  96% ] 50 VUs  1m55.0s/2m0s

running (1m56.0s), 100/100 VUs, 5371044 complete and 0 interrupted iterations
test_decr   [  97% ] 50 VUs  1m56.0s/2m0s
test_incr   [  97% ] 50 VUs  1m56.0s/2m0s

running (1m57.0s), 100/100 VUs, 5420691 complete and 0 interrupted iterations
test_decr   [  97% ] 50 VUs  1m57.0s/2m0s
test_incr   [  97% ] 50 VUs  1m57.0s/2m0s

running (1m58.0s), 100/100 VUs, 5470317 complete and 0 interrupted iterations
test_decr   [  98% ] 50 VUs  1m58.0s/2m0s
test_incr   [  98% ] 50 VUs  1m58.0s/2m0s

running (1m59.0s), 100/100 VUs, 5516943 complete and 0 interrupted iterations
test_decr   [  99% ] 50 VUs  1m59.0s/2m0s
test_incr   [  99% ] 50 VUs  1m59.0s/2m0s

running (2m00.0s), 100/100 VUs, 5563172 complete and 0 interrupted iterations
test_decr   [ 100% ] 50 VUs  2m00.0s/2m0s
test_incr   [ 100% ] 50 VUs  2m00.0s/2m0s

     data_received........: 46 MB   386 kB/s
     data_sent............: 133 MB  1.1 MB/s
     iteration_duration...: avg=2.14ms min=131.65µs med=2.15ms max=551.2ms p(90)=3.02ms p(95)=3.28ms
     iterations...........: 5563453 46360.871429/s
     vus..................: 100     min=100        max=100
     vus_max..............: 100     min=100        max=100


running (2m00.0s), 000/100 VUs, 5563453 complete and 0 interrupted iterations
test_decr ✓ [ 100% ] 50 VUs  2m0s
test_incr ✓ [ 100% ] 50 VUs  2m0s
