
          /\      |‾‾| /‾‾/   /‾‾/   
     /\  /  \     |  |/  /   /  /    
    /  \/    \    |     (   /   ‾‾\  
   /          \   |  |\  \ |  (‾)  | 
  / __________ \  |__| \__\ \_____/ .io

     execution: local
        script: garnet/counter/redis.js
        output: -

     scenarios: (100.00%) 2 scenarios, 100 max VUs, 2m30s max duration (incl. graceful stop):
              * test_decr: 50 looping VUs for 2m0s (exec: decr, gracefulStop: 30s)
              * test_incr: 50 looping VUs for 2m0s (exec: incr, gracefulStop: 30s)


running (0m01.0s), 100/100 VUs, 54391 complete and 0 interrupted iterations
test_decr   [   1% ] 50 VUs  0m01.0s/2m0s
test_incr   [   1% ] 50 VUs  0m01.0s/2m0s

running (0m02.0s), 100/100 VUs, 127630 complete and 0 interrupted iterations
test_decr   [   2% ] 50 VUs  0m02.0s/2m0s
test_incr   [   2% ] 50 VUs  0m02.0s/2m0s

running (0m03.0s), 100/100 VUs, 202333 complete and 0 interrupted iterations
test_decr   [   2% ] 50 VUs  0m03.0s/2m0s
test_incr   [   2% ] 50 VUs  0m03.0s/2m0s

running (0m04.0s), 100/100 VUs, 276979 complete and 0 interrupted iterations
test_decr   [   3% ] 50 VUs  0m04.0s/2m0s
test_incr   [   3% ] 50 VUs  0m04.0s/2m0s

running (0m05.0s), 100/100 VUs, 350311 complete and 0 interrupted iterations
test_decr   [   4% ] 50 VUs  0m05.0s/2m0s
test_incr   [   4% ] 50 VUs  0m05.0s/2m0s

running (0m06.0s), 100/100 VUs, 424735 complete and 0 interrupted iterations
test_decr   [   5% ] 50 VUs  0m06.0s/2m0s
test_incr   [   5% ] 50 VUs  0m06.0s/2m0s

running (0m07.0s), 100/100 VUs, 499399 complete and 0 interrupted iterations
test_decr   [   6% ] 50 VUs  0m07.0s/2m0s
test_incr   [   6% ] 50 VUs  0m07.0s/2m0s

running (0m08.0s), 100/100 VUs, 572749 complete and 0 interrupted iterations
test_decr   [   7% ] 50 VUs  0m08.0s/2m0s
test_incr   [   7% ] 50 VUs  0m08.0s/2m0s

running (0m09.0s), 100/100 VUs, 644704 complete and 0 interrupted iterations
test_decr   [   7% ] 50 VUs  0m09.0s/2m0s
test_incr   [   7% ] 50 VUs  0m09.0s/2m0s

running (0m10.0s), 100/100 VUs, 717565 complete and 0 interrupted iterations
test_decr   [   8% ] 50 VUs  0m10.0s/2m0s
test_incr   [   8% ] 50 VUs  0m10.0s/2m0s

running (0m11.0s), 100/100 VUs, 794626 complete and 0 interrupted iterations
test_decr   [   9% ] 50 VUs  0m11.0s/2m0s
test_incr   [   9% ] 50 VUs  0m11.0s/2m0s

running (0m12.0s), 100/100 VUs, 873957 complete and 0 interrupted iterations
test_decr   [  10% ] 50 VUs  0m12.0s/2m0s
test_incr   [  10% ] 50 VUs  0m12.0s/2m0s

running (0m13.0s), 100/100 VUs, 952179 complete and 0 interrupted iterations
test_decr   [  11% ] 50 VUs  0m13.0s/2m0s
test_incr   [  11% ] 50 VUs  0m13.0s/2m0s

running (0m14.0s), 100/100 VUs, 1029551 complete and 0 interrupted iterations
test_decr   [  12% ] 50 VUs  0m14.0s/2m0s
test_incr   [  12% ] 50 VUs  0m14.0s/2m0s

running (0m15.0s), 100/100 VUs, 1107940 complete and 0 interrupted iterations
test_decr   [  12% ] 50 VUs  0m15.0s/2m0s
test_incr   [  12% ] 50 VUs  0m15.0s/2m0s

running (0m16.0s), 100/100 VUs, 1188696 complete and 0 interrupted iterations
test_decr   [  13% ] 50 VUs  0m16.0s/2m0s
test_incr   [  13% ] 50 VUs  0m16.0s/2m0s

running (0m17.0s), 100/100 VUs, 1268162 complete and 0 interrupted iterations
test_decr   [  14% ] 50 VUs  0m17.0s/2m0s
test_incr   [  14% ] 50 VUs  0m17.0s/2m0s

running (0m18.0s), 100/100 VUs, 1348117 complete and 0 interrupted iterations
test_decr   [  15% ] 50 VUs  0m18.0s/2m0s
test_incr   [  15% ] 50 VUs  0m18.0s/2m0s

running (0m19.0s), 100/100 VUs, 1426873 complete and 0 interrupted iterations
test_decr   [  16% ] 50 VUs  0m19.0s/2m0s
test_incr   [  16% ] 50 VUs  0m19.0s/2m0s

running (0m20.0s), 100/100 VUs, 1506123 complete and 0 interrupted iterations
test_decr   [  17% ] 50 VUs  0m20.0s/2m0s
test_incr   [  17% ] 50 VUs  0m20.0s/2m0s

running (0m21.0s), 100/100 VUs, 1581798 complete and 0 interrupted iterations
test_decr   [  17% ] 50 VUs  0m21.0s/2m0s
test_incr   [  17% ] 50 VUs  0m21.0s/2m0s

running (0m22.0s), 100/100 VUs, 1660006 complete and 0 interrupted iterations
test_decr   [  18% ] 50 VUs  0m22.0s/2m0s
test_incr   [  18% ] 50 VUs  0m22.0s/2m0s

running (0m23.0s), 100/100 VUs, 1738884 complete and 0 interrupted iterations
test_decr   [  19% ] 50 VUs  0m23.0s/2m0s
test_incr   [  19% ] 50 VUs  0m23.0s/2m0s

running (0m24.0s), 100/100 VUs, 1817790 complete and 0 interrupted iterations
test_decr   [  20% ] 50 VUs  0m24.0s/2m0s
test_incr   [  20% ] 50 VUs  0m24.0s/2m0s

running (0m25.0s), 100/100 VUs, 1898922 complete and 0 interrupted iterations
test_decr   [  21% ] 50 VUs  0m25.0s/2m0s
test_incr   [  21% ] 50 VUs  0m25.0s/2m0s

running (0m26.0s), 100/100 VUs, 1978934 complete and 0 interrupted iterations
test_decr   [  22% ] 50 VUs  0m26.0s/2m0s
test_incr   [  22% ] 50 VUs  0m26.0s/2m0s

running (0m27.0s), 100/100 VUs, 2055071 complete and 0 interrupted iterations
test_decr   [  22% ] 50 VUs  0m27.0s/2m0s
test_incr   [  22% ] 50 VUs  0m27.0s/2m0s

running (0m28.0s), 100/100 VUs, 2134749 complete and 0 interrupted iterations
test_decr   [  23% ] 50 VUs  0m28.0s/2m0s
test_incr   [  23% ] 50 VUs  0m28.0s/2m0s

running (0m29.0s), 100/100 VUs, 2215414 complete and 0 interrupted iterations
test_decr   [  24% ] 50 VUs  0m29.0s/2m0s
test_incr   [  24% ] 50 VUs  0m29.0s/2m0s

running (0m30.0s), 100/100 VUs, 2298016 complete and 0 interrupted iterations
test_decr   [  25% ] 50 VUs  0m30.0s/2m0s
test_incr   [  25% ] 50 VUs  0m30.0s/2m0s

running (0m31.0s), 100/100 VUs, 2381693 complete and 0 interrupted iterations
test_decr   [  26% ] 50 VUs  0m31.0s/2m0s
test_incr   [  26% ] 50 VUs  0m31.0s/2m0s

running (0m32.0s), 100/100 VUs, 2462285 complete and 0 interrupted iterations
test_decr   [  27% ] 50 VUs  0m32.0s/2m0s
test_incr   [  27% ] 50 VUs  0m32.0s/2m0s

running (0m33.0s), 100/100 VUs, 2547006 complete and 0 interrupted iterations
test_decr   [  27% ] 50 VUs  0m33.0s/2m0s
test_incr   [  27% ] 50 VUs  0m33.0s/2m0s

running (0m34.0s), 100/100 VUs, 2622591 complete and 0 interrupted iterations
test_decr   [  28% ] 50 VUs  0m34.0s/2m0s
test_incr   [  28% ] 50 VUs  0m34.0s/2m0s

running (0m35.0s), 100/100 VUs, 2703134 complete and 0 interrupted iterations
test_decr   [  29% ] 50 VUs  0m35.0s/2m0s
test_incr   [  29% ] 50 VUs  0m35.0s/2m0s

running (0m36.0s), 100/100 VUs, 2782033 complete and 0 interrupted iterations
test_decr   [  30% ] 50 VUs  0m36.0s/2m0s
test_incr   [  30% ] 50 VUs  0m36.0s/2m0s

running (0m37.0s), 100/100 VUs, 2861491 complete and 0 interrupted iterations
test_decr   [  31% ] 50 VUs  0m37.0s/2m0s
test_incr   [  31% ] 50 VUs  0m37.0s/2m0s

running (0m38.0s), 100/100 VUs, 2948137 complete and 0 interrupted iterations
test_decr   [  32% ] 50 VUs  0m38.0s/2m0s
test_incr   [  32% ] 50 VUs  0m38.0s/2m0s

running (0m39.0s), 100/100 VUs, 3032752 complete and 0 interrupted iterations
test_decr   [  32% ] 50 VUs  0m39.0s/2m0s
test_incr   [  32% ] 50 VUs  0m39.0s/2m0s

running (0m40.0s), 100/100 VUs, 3117756 complete and 0 interrupted iterations
test_decr   [  33% ] 50 VUs  0m40.0s/2m0s
test_incr   [  33% ] 50 VUs  0m40.0s/2m0s

running (0m41.0s), 100/100 VUs, 3196812 complete and 0 interrupted iterations
test_decr   [  34% ] 50 VUs  0m41.0s/2m0s
test_incr   [  34% ] 50 VUs  0m41.0s/2m0s

running (0m42.0s), 100/100 VUs, 3279121 complete and 0 interrupted iterations
test_decr   [  35% ] 50 VUs  0m42.0s/2m0s
test_incr   [  35% ] 50 VUs  0m42.0s/2m0s

running (0m43.0s), 100/100 VUs, 3360079 complete and 0 interrupted iterations
test_decr   [  36% ] 50 VUs  0m43.0s/2m0s
test_incr   [  36% ] 50 VUs  0m43.0s/2m0s

running (0m44.0s), 100/100 VUs, 3447625 complete and 0 interrupted iterations
test_decr   [  37% ] 50 VUs  0m44.0s/2m0s
test_incr   [  37% ] 50 VUs  0m44.0s/2m0s

running (0m45.0s), 100/100 VUs, 3532682 complete and 0 interrupted iterations
test_decr   [  37% ] 50 VUs  0m45.0s/2m0s
test_incr   [  37% ] 50 VUs  0m45.0s/2m0s

running (0m46.0s), 100/100 VUs, 3617135 complete and 0 interrupted iterations
test_decr   [  38% ] 50 VUs  0m46.0s/2m0s
test_incr   [  38% ] 50 VUs  0m46.0s/2m0s

running (0m47.0s), 100/100 VUs, 3704244 complete and 0 interrupted iterations
test_decr   [  39% ] 50 VUs  0m47.0s/2m0s
test_incr   [  39% ] 50 VUs  0m47.0s/2m0s

running (0m48.0s), 100/100 VUs, 3788697 complete and 0 interrupted iterations
test_decr   [  40% ] 50 VUs  0m48.0s/2m0s
test_incr   [  40% ] 50 VUs  0m48.0s/2m0s

running (0m49.0s), 100/100 VUs, 3874225 complete and 0 interrupted iterations
test_decr   [  41% ] 50 VUs  0m49.0s/2m0s
test_incr   [  41% ] 50 VUs  0m49.0s/2m0s

running (0m50.0s), 100/100 VUs, 3962354 complete and 0 interrupted iterations
test_decr   [  42% ] 50 VUs  0m50.0s/2m0s
test_incr   [  42% ] 50 VUs  0m50.0s/2m0s

running (0m51.0s), 100/100 VUs, 4044580 complete and 0 interrupted iterations
test_decr   [  42% ] 50 VUs  0m51.0s/2m0s
test_incr   [  42% ] 50 VUs  0m51.0s/2m0s

running (0m52.0s), 100/100 VUs, 4130170 complete and 0 interrupted iterations
test_decr   [  43% ] 50 VUs  0m52.0s/2m0s
test_incr   [  43% ] 50 VUs  0m52.0s/2m0s

running (0m53.0s), 100/100 VUs, 4214496 complete and 0 interrupted iterations
test_decr   [  44% ] 50 VUs  0m53.0s/2m0s
test_incr   [  44% ] 50 VUs  0m53.0s/2m0s

running (0m54.0s), 100/100 VUs, 4299418 complete and 0 interrupted iterations
test_decr   [  45% ] 50 VUs  0m54.0s/2m0s
test_incr   [  45% ] 50 VUs  0m54.0s/2m0s

running (0m55.0s), 100/100 VUs, 4386805 complete and 0 interrupted iterations
test_decr   [  46% ] 50 VUs  0m55.0s/2m0s
test_incr   [  46% ] 50 VUs  0m55.0s/2m0s

running (0m56.0s), 100/100 VUs, 4472252 complete and 0 interrupted iterations
test_decr   [  47% ] 50 VUs  0m56.0s/2m0s
test_incr   [  47% ] 50 VUs  0m56.0s/2m0s

running (0m57.0s), 100/100 VUs, 4559363 complete and 0 interrupted iterations
test_decr   [  47% ] 50 VUs  0m57.0s/2m0s
test_incr   [  47% ] 50 VUs  0m57.0s/2m0s

running (0m58.0s), 100/100 VUs, 4645158 complete and 0 interrupted iterations
test_decr   [  48% ] 50 VUs  0m58.0s/2m0s
test_incr   [  48% ] 50 VUs  0m58.0s/2m0s

running (0m59.0s), 100/100 VUs, 4730847 complete and 0 interrupted iterations
test_decr   [  49% ] 50 VUs  0m59.0s/2m0s
test_incr   [  49% ] 50 VUs  0m59.0s/2m0s

running (1m00.0s), 100/100 VUs, 4816273 complete and 0 interrupted iterations
test_decr   [  50% ] 50 VUs  1m00.0s/2m0s
test_incr   [  50% ] 50 VUs  1m00.0s/2m0s

running (1m01.0s), 100/100 VUs, 4899092 complete and 0 interrupted iterations
test_decr   [  51% ] 50 VUs  1m01.0s/2m0s
test_incr   [  51% ] 50 VUs  1m01.0s/2m0s

running (1m02.0s), 100/100 VUs, 4984927 complete and 0 interrupted iterations
test_decr   [  52% ] 50 VUs  1m02.0s/2m0s
test_incr   [  52% ] 50 VUs  1m02.0s/2m0s

running (1m03.0s), 100/100 VUs, 5068516 complete and 0 interrupted iterations
test_decr   [  52% ] 50 VUs  1m03.0s/2m0s
test_incr   [  52% ] 50 VUs  1m03.0s/2m0s

running (1m04.0s), 100/100 VUs, 5154618 complete and 0 interrupted iterations
test_decr   [  53% ] 50 VUs  1m04.0s/2m0s
test_incr   [  53% ] 50 VUs  1m04.0s/2m0s

running (1m05.0s), 100/100 VUs, 5242313 complete and 0 interrupted iterations
test_decr   [  54% ] 50 VUs  1m05.0s/2m0s
test_incr   [  54% ] 50 VUs  1m05.0s/2m0s

running (1m06.0s), 100/100 VUs, 5330173 complete and 0 interrupted iterations
test_decr   [  55% ] 50 VUs  1m06.0s/2m0s
test_incr   [  55% ] 50 VUs  1m06.0s/2m0s

running (1m07.0s), 100/100 VUs, 5416018 complete and 0 interrupted iterations
test_decr   [  56% ] 50 VUs  1m07.0s/2m0s
test_incr   [  56% ] 50 VUs  1m07.0s/2m0s

running (1m08.0s), 100/100 VUs, 5501344 complete and 0 interrupted iterations
test_decr   [  57% ] 50 VUs  1m08.0s/2m0s
test_incr   [  57% ] 50 VUs  1m08.0s/2m0s

running (1m09.0s), 100/100 VUs, 5586994 complete and 0 interrupted iterations
test_decr   [  57% ] 50 VUs  1m09.0s/2m0s
test_incr   [  57% ] 50 VUs  1m09.0s/2m0s

running (1m10.0s), 100/100 VUs, 5671298 complete and 0 interrupted iterations
test_decr   [  58% ] 50 VUs  1m10.0s/2m0s
test_incr   [  58% ] 50 VUs  1m10.0s/2m0s

running (1m11.0s), 100/100 VUs, 5757295 complete and 0 interrupted iterations
test_decr   [  59% ] 50 VUs  1m11.0s/2m0s
test_incr   [  59% ] 50 VUs  1m11.0s/2m0s

running (1m12.0s), 100/100 VUs, 5844967 complete and 0 interrupted iterations
test_decr   [  60% ] 50 VUs  1m12.0s/2m0s
test_incr   [  60% ] 50 VUs  1m12.0s/2m0s

running (1m13.0s), 100/100 VUs, 5929754 complete and 0 interrupted iterations
test_decr   [  61% ] 50 VUs  1m13.0s/2m0s
test_incr   [  61% ] 50 VUs  1m13.0s/2m0s

running (1m14.0s), 100/100 VUs, 6014292 complete and 0 interrupted iterations
test_decr   [  62% ] 50 VUs  1m14.0s/2m0s
test_incr   [  62% ] 50 VUs  1m14.0s/2m0s

running (1m15.0s), 100/100 VUs, 6100755 complete and 0 interrupted iterations
test_decr   [  62% ] 50 VUs  1m15.0s/2m0s
test_incr   [  62% ] 50 VUs  1m15.0s/2m0s

running (1m16.0s), 100/100 VUs, 6189499 complete and 0 interrupted iterations
test_decr   [  63% ] 50 VUs  1m16.0s/2m0s
test_incr   [  63% ] 50 VUs  1m16.0s/2m0s

running (1m17.0s), 100/100 VUs, 6274096 complete and 0 interrupted iterations
test_decr   [  64% ] 50 VUs  1m17.0s/2m0s
test_incr   [  64% ] 50 VUs  1m17.0s/2m0s

running (1m18.0s), 100/100 VUs, 6356934 complete and 0 interrupted iterations
test_decr   [  65% ] 50 VUs  1m18.0s/2m0s
test_incr   [  65% ] 50 VUs  1m18.0s/2m0s

running (1m19.0s), 100/100 VUs, 6443535 complete and 0 interrupted iterations
test_decr   [  66% ] 50 VUs  1m19.0s/2m0s
test_incr   [  66% ] 50 VUs  1m19.0s/2m0s

running (1m20.0s), 100/100 VUs, 6526022 complete and 0 interrupted iterations
test_decr   [  67% ] 50 VUs  1m20.0s/2m0s
test_incr   [  67% ] 50 VUs  1m20.0s/2m0s

running (1m21.0s), 100/100 VUs, 6610187 complete and 0 interrupted iterations
test_decr   [  67% ] 50 VUs  1m21.0s/2m0s
test_incr   [  67% ] 50 VUs  1m21.0s/2m0s

running (1m22.0s), 100/100 VUs, 6694218 complete and 0 interrupted iterations
test_decr   [  68% ] 50 VUs  1m22.0s/2m0s
test_incr   [  68% ] 50 VUs  1m22.0s/2m0s

running (1m23.0s), 100/100 VUs, 6779846 complete and 0 interrupted iterations
test_decr   [  69% ] 50 VUs  1m23.0s/2m0s
test_incr   [  69% ] 50 VUs  1m23.0s/2m0s

running (1m24.0s), 100/100 VUs, 6865585 complete and 0 interrupted iterations
test_decr   [  70% ] 50 VUs  1m24.0s/2m0s
test_incr   [  70% ] 50 VUs  1m24.0s/2m0s

running (1m25.0s), 100/100 VUs, 6950792 complete and 0 interrupted iterations
test_decr   [  71% ] 50 VUs  1m25.0s/2m0s
test_incr   [  71% ] 50 VUs  1m25.0s/2m0s

running (1m26.0s), 100/100 VUs, 7040097 complete and 0 interrupted iterations
test_decr   [  72% ] 50 VUs  1m26.0s/2m0s
test_incr   [  72% ] 50 VUs  1m26.0s/2m0s

running (1m27.0s), 100/100 VUs, 7130340 complete and 0 interrupted iterations
test_decr   [  72% ] 50 VUs  1m27.0s/2m0s
test_incr   [  72% ] 50 VUs  1m27.0s/2m0s

running (1m28.0s), 100/100 VUs, 7214635 complete and 0 interrupted iterations
test_decr   [  73% ] 50 VUs  1m28.0s/2m0s
test_incr   [  73% ] 50 VUs  1m28.0s/2m0s

running (1m29.0s), 100/100 VUs, 7298493 complete and 0 interrupted iterations
test_decr   [  74% ] 50 VUs  1m29.0s/2m0s
test_incr   [  74% ] 50 VUs  1m29.0s/2m0s

running (1m30.0s), 100/100 VUs, 7385342 complete and 0 interrupted iterations
test_decr   [  75% ] 50 VUs  1m30.0s/2m0s
test_incr   [  75% ] 50 VUs  1m30.0s/2m0s

running (1m31.0s), 100/100 VUs, 7470080 complete and 0 interrupted iterations
test_decr   [  76% ] 50 VUs  1m31.0s/2m0s
test_incr   [  76% ] 50 VUs  1m31.0s/2m0s

running (1m32.0s), 100/100 VUs, 7557655 complete and 0 interrupted iterations
test_decr   [  77% ] 50 VUs  1m32.0s/2m0s
test_incr   [  77% ] 50 VUs  1m32.0s/2m0s

running (1m33.0s), 100/100 VUs, 7643776 complete and 0 interrupted iterations
test_decr   [  77% ] 50 VUs  1m33.0s/2m0s
test_incr   [  77% ] 50 VUs  1m33.0s/2m0s

running (1m34.0s), 100/100 VUs, 7731960 complete and 0 interrupted iterations
test_decr   [  78% ] 50 VUs  1m34.0s/2m0s
test_incr   [  78% ] 50 VUs  1m34.0s/2m0s

running (1m35.0s), 100/100 VUs, 7821948 complete and 0 interrupted iterations
test_decr   [  79% ] 50 VUs  1m35.0s/2m0s
test_incr   [  79% ] 50 VUs  1m35.0s/2m0s

running (1m36.0s), 100/100 VUs, 7902171 complete and 0 interrupted iterations
test_decr   [  80% ] 50 VUs  1m36.0s/2m0s
test_incr   [  80% ] 50 VUs  1m36.0s/2m0s

running (1m37.0s), 100/100 VUs, 7986725 complete and 0 interrupted iterations
test_decr   [  81% ] 50 VUs  1m37.0s/2m0s
test_incr   [  81% ] 50 VUs  1m37.0s/2m0s

running (1m38.0s), 100/100 VUs, 8072104 complete and 0 interrupted iterations
test_decr   [  82% ] 50 VUs  1m38.0s/2m0s
test_incr   [  82% ] 50 VUs  1m38.0s/2m0s

running (1m39.0s), 100/100 VUs, 8161151 complete and 0 interrupted iterations
test_decr   [  82% ] 50 VUs  1m39.0s/2m0s
test_incr   [  82% ] 50 VUs  1m39.0s/2m0s

running (1m40.0s), 100/100 VUs, 8248222 complete and 0 interrupted iterations
test_decr   [  83% ] 50 VUs  1m40.0s/2m0s
test_incr   [  83% ] 50 VUs  1m40.0s/2m0s

running (1m41.0s), 100/100 VUs, 8336832 complete and 0 interrupted iterations
test_decr   [  84% ] 50 VUs  1m41.0s/2m0s
test_incr   [  84% ] 50 VUs  1m41.0s/2m0s

running (1m42.0s), 100/100 VUs, 8427242 complete and 0 interrupted iterations
test_decr   [  85% ] 50 VUs  1m42.0s/2m0s
test_incr   [  85% ] 50 VUs  1m42.0s/2m0s

running (1m43.0s), 100/100 VUs, 8513521 complete and 0 interrupted iterations
test_decr   [  86% ] 50 VUs  1m43.0s/2m0s
test_incr   [  86% ] 50 VUs  1m43.0s/2m0s

running (1m44.0s), 100/100 VUs, 8598228 complete and 0 interrupted iterations
test_decr   [  87% ] 50 VUs  1m44.0s/2m0s
test_incr   [  87% ] 50 VUs  1m44.0s/2m0s

running (1m45.0s), 100/100 VUs, 8686146 complete and 0 interrupted iterations
test_decr   [  87% ] 50 VUs  1m45.0s/2m0s
test_incr   [  87% ] 50 VUs  1m45.0s/2m0s

running (1m46.0s), 100/100 VUs, 8773957 complete and 0 interrupted iterations
test_decr   [  88% ] 50 VUs  1m46.0s/2m0s
test_incr   [  88% ] 50 VUs  1m46.0s/2m0s

running (1m47.0s), 100/100 VUs, 8863107 complete and 0 interrupted iterations
test_decr   [  89% ] 50 VUs  1m47.0s/2m0s
test_incr   [  89% ] 50 VUs  1m47.0s/2m0s

running (1m48.0s), 100/100 VUs, 8948045 complete and 0 interrupted iterations
test_decr   [  90% ] 50 VUs  1m48.0s/2m0s
test_incr   [  90% ] 50 VUs  1m48.0s/2m0s

running (1m49.0s), 100/100 VUs, 9037896 complete and 0 interrupted iterations
test_decr   [  91% ] 50 VUs  1m49.0s/2m0s
test_incr   [  91% ] 50 VUs  1m49.0s/2m0s

running (1m50.0s), 100/100 VUs, 9128085 complete and 0 interrupted iterations
test_decr   [  92% ] 50 VUs  1m50.0s/2m0s
test_incr   [  92% ] 50 VUs  1m50.0s/2m0s

running (1m51.0s), 100/100 VUs, 9215556 complete and 0 interrupted iterations
test_decr   [  92% ] 50 VUs  1m51.0s/2m0s
test_incr   [  92% ] 50 VUs  1m51.0s/2m0s

running (1m52.0s), 100/100 VUs, 9303340 complete and 0 interrupted iterations
test_decr   [  93% ] 50 VUs  1m52.0s/2m0s
test_incr   [  93% ] 50 VUs  1m52.0s/2m0s

running (1m53.0s), 100/100 VUs, 9392127 complete and 0 interrupted iterations
test_decr   [  94% ] 50 VUs  1m53.0s/2m0s
test_incr   [  94% ] 50 VUs  1m53.0s/2m0s

running (1m54.0s), 100/100 VUs, 9479008 complete and 0 interrupted iterations
test_decr   [  95% ] 50 VUs  1m54.0s/2m0s
test_incr   [  95% ] 50 VUs  1m54.0s/2m0s

running (1m55.0s), 100/100 VUs, 9563449 complete and 0 interrupted iterations
test_decr   [  96% ] 50 VUs  1m55.0s/2m0s
test_incr   [  96% ] 50 VUs  1m55.0s/2m0s

running (1m56.0s), 100/100 VUs, 9654332 complete and 0 interrupted iterations
test_decr   [  97% ] 50 VUs  1m56.0s/2m0s
test_incr   [  97% ] 50 VUs  1m56.0s/2m0s

running (1m57.0s), 100/100 VUs, 9743087 complete and 0 interrupted iterations
test_decr   [  97% ] 50 VUs  1m57.0s/2m0s
test_incr   [  97% ] 50 VUs  1m57.0s/2m0s

running (1m58.0s), 100/100 VUs, 9831418 complete and 0 interrupted iterations
test_decr   [  98% ] 50 VUs  1m58.0s/2m0s
test_incr   [  98% ] 50 VUs  1m58.0s/2m0s

running (1m59.0s), 100/100 VUs, 9911919 complete and 0 interrupted iterations
test_decr   [  99% ] 50 VUs  1m59.0s/2m0s
test_incr   [  99% ] 50 VUs  1m59.0s/2m0s

running (2m00.0s), 100/100 VUs, 9999223 complete and 0 interrupted iterations
test_decr   [ 100% ] 50 VUs  2m00.0s/2m0s
test_incr   [ 100% ] 50 VUs  2m00.0s/2m0s

running (2m00.0s), 000/100 VUs, 9999839 complete and 0 interrupted iterations
test_decr ✓ [ 100% ] 50 VUs  2m0s
test_incr ✓ [ 100% ] 50 VUs  2m0s

     data_received........: 84 MB   699 kB/s
     data_sent............: 239 MB  2.0 MB/s
     iteration_duration...: avg=1.18ms min=98.8µs med=1.03ms max=143.82ms p(90)=2.06ms p(95)=2.42ms
     iterations...........: 9999839 83331.307449/s
     vus..................: 100     min=100        max=100
     vus_max..............: 100     min=100        max=100


running (2m00.0s), 000/100 VUs, 9999839 complete and 0 interrupted iterations
test_decr ✓ [ 100% ] 50 VUs  2m0s
test_incr ✓ [ 100% ] 50 VUs  2m0s
