
          /\      |‾‾| /‾‾/   /‾‾/   
     /\  /  \     |  |/  /   /  /    
    /  \/    \    |     (   /   ‾‾\  
   /          \   |  |\  \ |  (‾)  | 
  / __________ \  |__| \__\ \_____/ .io

     execution: local
        script: garnet/sets/redis.js
        output: -

     scenarios: (100.00%) 1 scenario, 100 max VUs, 2m30s max duration (incl. graceful stop):
              * test: 100 looping VUs for 2m0s (exec: add, gracefulStop: 30s)


running (0m01.0s), 100/100 VUs, 46697 complete and 0 interrupted iterations
test   [   1% ] 100 VUs  0m01.0s/2m0s

running (0m02.0s), 100/100 VUs, 105079 complete and 0 interrupted iterations
test   [   2% ] 100 VUs  0m02.0s/2m0s

running (0m03.0s), 100/100 VUs, 167769 complete and 0 interrupted iterations
test   [   2% ] 100 VUs  0m03.0s/2m0s

running (0m04.0s), 100/100 VUs, 227851 complete and 0 interrupted iterations
test   [   3% ] 100 VUs  0m04.0s/2m0s

running (0m05.0s), 100/100 VUs, 290488 complete and 0 interrupted iterations
test   [   4% ] 100 VUs  0m05.0s/2m0s

running (0m06.0s), 100/100 VUs, 352825 complete and 0 interrupted iterations
test   [   5% ] 100 VUs  0m06.0s/2m0s

running (0m07.0s), 100/100 VUs, 416168 complete and 0 interrupted iterations
test   [   6% ] 100 VUs  0m07.0s/2m0s

running (0m08.0s), 100/100 VUs, 478407 complete and 0 interrupted iterations
test   [   7% ] 100 VUs  0m08.0s/2m0s

running (0m09.0s), 100/100 VUs, 541323 complete and 0 interrupted iterations
test   [   7% ] 100 VUs  0m09.0s/2m0s

running (0m10.0s), 100/100 VUs, 605081 complete and 0 interrupted iterations
test   [   8% ] 100 VUs  0m10.0s/2m0s

running (0m11.0s), 100/100 VUs, 667738 complete and 0 interrupted iterations
test   [   9% ] 100 VUs  0m11.0s/2m0s

running (0m12.0s), 100/100 VUs, 732189 complete and 0 interrupted iterations
test   [  10% ] 100 VUs  0m12.0s/2m0s

running (0m13.0s), 100/100 VUs, 795133 complete and 0 interrupted iterations
test   [  11% ] 100 VUs  0m13.0s/2m0s

running (0m14.0s), 100/100 VUs, 858641 complete and 0 interrupted iterations
test   [  12% ] 100 VUs  0m14.0s/2m0s

running (0m15.0s), 100/100 VUs, 921586 complete and 0 interrupted iterations
test   [  12% ] 100 VUs  0m15.0s/2m0s

running (0m16.0s), 100/100 VUs, 986096 complete and 0 interrupted iterations
test   [  13% ] 100 VUs  0m16.0s/2m0s

running (0m17.0s), 100/100 VUs, 1050710 complete and 0 interrupted iterations
test   [  14% ] 100 VUs  0m17.0s/2m0s

running (0m18.0s), 100/100 VUs, 1116392 complete and 0 interrupted iterations
test   [  15% ] 100 VUs  0m18.0s/2m0s

running (0m19.0s), 100/100 VUs, 1180992 complete and 0 interrupted iterations
test   [  16% ] 100 VUs  0m19.0s/2m0s

running (0m20.0s), 100/100 VUs, 1245338 complete and 0 interrupted iterations
test   [  17% ] 100 VUs  0m20.0s/2m0s

running (0m21.0s), 100/100 VUs, 1309137 complete and 0 interrupted iterations
test   [  17% ] 100 VUs  0m21.0s/2m0s

running (0m22.0s), 100/100 VUs, 1372692 complete and 0 interrupted iterations
test   [  18% ] 100 VUs  0m22.0s/2m0s

running (0m23.0s), 100/100 VUs, 1437337 complete and 0 interrupted iterations
test   [  19% ] 100 VUs  0m23.0s/2m0s

running (0m24.0s), 100/100 VUs, 1502126 complete and 0 interrupted iterations
test   [  20% ] 100 VUs  0m24.0s/2m0s

running (0m25.0s), 100/100 VUs, 1566319 complete and 0 interrupted iterations
test   [  21% ] 100 VUs  0m25.0s/2m0s

running (0m26.0s), 100/100 VUs, 1631462 complete and 0 interrupted iterations
test   [  22% ] 100 VUs  0m26.0s/2m0s

running (0m27.0s), 100/100 VUs, 1696833 complete and 0 interrupted iterations
test   [  22% ] 100 VUs  0m27.0s/2m0s

running (0m28.0s), 100/100 VUs, 1760457 complete and 0 interrupted iterations
test   [  23% ] 100 VUs  0m28.0s/2m0s

running (0m29.0s), 100/100 VUs, 1826865 complete and 0 interrupted iterations
test   [  24% ] 100 VUs  0m29.0s/2m0s

running (0m30.0s), 100/100 VUs, 1892458 complete and 0 interrupted iterations
test   [  25% ] 100 VUs  0m30.0s/2m0s

running (0m31.0s), 100/100 VUs, 1958467 complete and 0 interrupted iterations
test   [  26% ] 100 VUs  0m31.0s/2m0s

running (0m32.0s), 100/100 VUs, 2025642 complete and 0 interrupted iterations
test   [  27% ] 100 VUs  0m32.0s/2m0s

running (0m33.0s), 100/100 VUs, 2091725 complete and 0 interrupted iterations
test   [  27% ] 100 VUs  0m33.0s/2m0s

running (0m34.0s), 100/100 VUs, 2156285 complete and 0 interrupted iterations
test   [  28% ] 100 VUs  0m34.0s/2m0s

running (0m35.0s), 100/100 VUs, 2221548 complete and 0 interrupted iterations
test   [  29% ] 100 VUs  0m35.0s/2m0s

running (0m36.0s), 100/100 VUs, 2288156 complete and 0 interrupted iterations
test   [  30% ] 100 VUs  0m36.0s/2m0s

running (0m37.0s), 100/100 VUs, 2352921 complete and 0 interrupted iterations
test   [  31% ] 100 VUs  0m37.0s/2m0s

running (0m38.0s), 100/100 VUs, 2420350 complete and 0 interrupted iterations
test   [  32% ] 100 VUs  0m38.0s/2m0s

running (0m39.0s), 100/100 VUs, 2487133 complete and 0 interrupted iterations
test   [  32% ] 100 VUs  0m39.0s/2m0s

running (0m40.0s), 100/100 VUs, 2546892 complete and 0 interrupted iterations
test   [  33% ] 100 VUs  0m40.0s/2m0s

running (0m41.0s), 100/100 VUs, 2611183 complete and 0 interrupted iterations
test   [  34% ] 100 VUs  0m41.0s/2m0s

running (0m42.0s), 100/100 VUs, 2676964 complete and 0 interrupted iterations
test   [  35% ] 100 VUs  0m42.0s/2m0s

running (0m43.0s), 100/100 VUs, 2743520 complete and 0 interrupted iterations
test   [  36% ] 100 VUs  0m43.0s/2m0s

running (0m44.0s), 100/100 VUs, 2812395 complete and 0 interrupted iterations
test   [  37% ] 100 VUs  0m44.0s/2m0s

running (0m45.0s), 100/100 VUs, 2880833 complete and 0 interrupted iterations
test   [  37% ] 100 VUs  0m45.0s/2m0s

running (0m46.0s), 100/100 VUs, 2947686 complete and 0 interrupted iterations
test   [  38% ] 100 VUs  0m46.0s/2m0s

running (0m47.0s), 100/100 VUs, 3015109 complete and 0 interrupted iterations
test   [  39% ] 100 VUs  0m47.0s/2m0s

running (0m48.0s), 100/100 VUs, 3084435 complete and 0 interrupted iterations
test   [  40% ] 100 VUs  0m48.0s/2m0s

running (0m49.0s), 100/100 VUs, 3151229 complete and 0 interrupted iterations
test   [  41% ] 100 VUs  0m49.0s/2m0s

running (0m50.0s), 100/100 VUs, 3220803 complete and 0 interrupted iterations
test   [  42% ] 100 VUs  0m50.0s/2m0s

running (0m51.0s), 100/100 VUs, 3288673 complete and 0 interrupted iterations
test   [  42% ] 100 VUs  0m51.0s/2m0s

running (0m52.0s), 100/100 VUs, 3357404 complete and 0 interrupted iterations
test   [  43% ] 100 VUs  0m52.0s/2m0s

running (0m53.0s), 100/100 VUs, 3425408 complete and 0 interrupted iterations
test   [  44% ] 100 VUs  0m53.0s/2m0s

running (0m54.0s), 100/100 VUs, 3492735 complete and 0 interrupted iterations
test   [  45% ] 100 VUs  0m54.0s/2m0s

running (0m55.0s), 100/100 VUs, 3562606 complete and 0 interrupted iterations
test   [  46% ] 100 VUs  0m55.0s/2m0s

running (0m56.0s), 100/100 VUs, 3633500 complete and 0 interrupted iterations
test   [  47% ] 100 VUs  0m56.0s/2m0s

running (0m57.0s), 100/100 VUs, 3697951 complete and 0 interrupted iterations
test   [  47% ] 100 VUs  0m57.0s/2m0s

running (0m58.0s), 100/100 VUs, 3766618 complete and 0 interrupted iterations
test   [  48% ] 100 VUs  0m58.0s/2m0s

running (0m59.0s), 100/100 VUs, 3835895 complete and 0 interrupted iterations
test   [  49% ] 100 VUs  0m59.0s/2m0s

running (1m00.0s), 100/100 VUs, 3905112 complete and 0 interrupted iterations
test   [  50% ] 100 VUs  1m00.0s/2m0s

running (1m01.0s), 100/100 VUs, 3973668 complete and 0 interrupted iterations
test   [  51% ] 100 VUs  1m01.0s/2m0s

running (1m02.0s), 100/100 VUs, 4042040 complete and 0 interrupted iterations
test   [  52% ] 100 VUs  1m02.0s/2m0s

running (1m03.0s), 100/100 VUs, 4111655 complete and 0 interrupted iterations
test   [  52% ] 100 VUs  1m03.0s/2m0s

running (1m04.0s), 100/100 VUs, 4182729 complete and 0 interrupted iterations
test   [  53% ] 100 VUs  1m04.0s/2m0s

running (1m05.0s), 100/100 VUs, 4252535 complete and 0 interrupted iterations
test   [  54% ] 100 VUs  1m05.0s/2m0s

running (1m06.0s), 100/100 VUs, 4323545 complete and 0 interrupted iterations
test   [  55% ] 100 VUs  1m06.0s/2m0s

running (1m07.0s), 100/100 VUs, 4391055 complete and 0 interrupted iterations
test   [  56% ] 100 VUs  1m07.0s/2m0s

running (1m08.0s), 100/100 VUs, 4459931 complete and 0 interrupted iterations
test   [  57% ] 100 VUs  1m08.0s/2m0s

running (1m09.0s), 100/100 VUs, 4529484 complete and 0 interrupted iterations
test   [  57% ] 100 VUs  1m09.0s/2m0s

running (1m10.0s), 100/100 VUs, 4599980 complete and 0 interrupted iterations
test   [  58% ] 100 VUs  1m10.0s/2m0s

running (1m11.0s), 100/100 VUs, 4670110 complete and 0 interrupted iterations
test   [  59% ] 100 VUs  1m11.0s/2m0s

running (1m12.0s), 100/100 VUs, 4739806 complete and 0 interrupted iterations
test   [  60% ] 100 VUs  1m12.0s/2m0s

running (1m13.0s), 100/100 VUs, 4810205 complete and 0 interrupted iterations
test   [  61% ] 100 VUs  1m13.0s/2m0s

running (1m14.0s), 100/100 VUs, 4879646 complete and 0 interrupted iterations
test   [  62% ] 100 VUs  1m14.0s/2m0s

running (1m15.0s), 100/100 VUs, 4948883 complete and 0 interrupted iterations
test   [  62% ] 100 VUs  1m15.0s/2m0s

running (1m16.0s), 100/100 VUs, 5019355 complete and 0 interrupted iterations
test   [  63% ] 100 VUs  1m16.0s/2m0s

running (1m17.0s), 100/100 VUs, 5086676 complete and 0 interrupted iterations
test   [  64% ] 100 VUs  1m17.0s/2m0s

running (1m18.0s), 100/100 VUs, 5157725 complete and 0 interrupted iterations
test   [  65% ] 100 VUs  1m18.0s/2m0s

running (1m19.0s), 100/100 VUs, 5229341 complete and 0 interrupted iterations
test   [  66% ] 100 VUs  1m19.0s/2m0s

running (1m20.0s), 100/100 VUs, 5301589 complete and 0 interrupted iterations
test   [  67% ] 100 VUs  1m20.0s/2m0s

running (1m21.0s), 100/100 VUs, 5373578 complete and 0 interrupted iterations
test   [  67% ] 100 VUs  1m21.0s/2m0s

running (1m22.0s), 100/100 VUs, 5446056 complete and 0 interrupted iterations
test   [  68% ] 100 VUs  1m22.0s/2m0s

running (1m23.0s), 100/100 VUs, 5517163 complete and 0 interrupted iterations
test   [  69% ] 100 VUs  1m23.0s/2m0s

running (1m24.0s), 100/100 VUs, 5586860 complete and 0 interrupted iterations
test   [  70% ] 100 VUs  1m24.0s/2m0s

running (1m25.0s), 100/100 VUs, 5659333 complete and 0 interrupted iterations
test   [  71% ] 100 VUs  1m25.0s/2m0s

running (1m26.0s), 100/100 VUs, 5728693 complete and 0 interrupted iterations
test   [  72% ] 100 VUs  1m26.0s/2m0s

running (1m27.0s), 100/100 VUs, 5800000 complete and 0 interrupted iterations
test   [  72% ] 100 VUs  1m27.0s/2m0s

running (1m28.0s), 100/100 VUs, 5870198 complete and 0 interrupted iterations
test   [  73% ] 100 VUs  1m28.0s/2m0s

running (1m29.0s), 100/100 VUs, 5939381 complete and 0 interrupted iterations
test   [  74% ] 100 VUs  1m29.0s/2m0s

running (1m30.0s), 100/100 VUs, 6010125 complete and 0 interrupted iterations
test   [  75% ] 100 VUs  1m30.0s/2m0s

running (1m31.0s), 100/100 VUs, 6081826 complete and 0 interrupted iterations
test   [  76% ] 100 VUs  1m31.0s/2m0s

running (1m32.0s), 100/100 VUs, 6151760 complete and 0 interrupted iterations
test   [  77% ] 100 VUs  1m32.0s/2m0s

running (1m33.0s), 100/100 VUs, 6223705 complete and 0 interrupted iterations
test   [  77% ] 100 VUs  1m33.0s/2m0s

running (1m34.0s), 100/100 VUs, 6295009 complete and 0 interrupted iterations
test   [  78% ] 100 VUs  1m34.0s/2m0s

running (1m35.0s), 100/100 VUs, 6364672 complete and 0 interrupted iterations
test   [  79% ] 100 VUs  1m35.0s/2m0s

running (1m36.0s), 100/100 VUs, 6438715 complete and 0 interrupted iterations
test   [  80% ] 100 VUs  1m36.0s/2m0s

running (1m37.0s), 100/100 VUs, 6510967 complete and 0 interrupted iterations
test   [  81% ] 100 VUs  1m37.0s/2m0s

running (1m38.0s), 100/100 VUs, 6584810 complete and 0 interrupted iterations
test   [  82% ] 100 VUs  1m38.0s/2m0s

running (1m39.0s), 100/100 VUs, 6658207 complete and 0 interrupted iterations
test   [  82% ] 100 VUs  1m39.0s/2m0s

running (1m40.0s), 100/100 VUs, 6731537 complete and 0 interrupted iterations
test   [  83% ] 100 VUs  1m40.0s/2m0s

running (1m41.0s), 100/100 VUs, 6804834 complete and 0 interrupted iterations
test   [  84% ] 100 VUs  1m41.0s/2m0s

running (1m42.0s), 100/100 VUs, 6877276 complete and 0 interrupted iterations
test   [  85% ] 100 VUs  1m42.0s/2m0s

running (1m43.0s), 100/100 VUs, 6949564 complete and 0 interrupted iterations
test   [  86% ] 100 VUs  1m43.0s/2m0s

running (1m44.0s), 100/100 VUs, 7021140 complete and 0 interrupted iterations
test   [  87% ] 100 VUs  1m44.0s/2m0s

running (1m45.0s), 100/100 VUs, 7096272 complete and 0 interrupted iterations
test   [  87% ] 100 VUs  1m45.0s/2m0s

running (1m46.0s), 100/100 VUs, 7168687 complete and 0 interrupted iterations
test   [  88% ] 100 VUs  1m46.0s/2m0s

running (1m47.0s), 100/100 VUs, 7241626 complete and 0 interrupted iterations
test   [  89% ] 100 VUs  1m47.0s/2m0s

running (1m48.0s), 100/100 VUs, 7310669 complete and 0 interrupted iterations
test   [  90% ] 100 VUs  1m48.0s/2m0s

running (1m49.0s), 100/100 VUs, 7383517 complete and 0 interrupted iterations
test   [  91% ] 100 VUs  1m49.0s/2m0s

running (1m50.0s), 100/100 VUs, 7457558 complete and 0 interrupted iterations
test   [  92% ] 100 VUs  1m50.0s/2m0s

running (1m51.0s), 100/100 VUs, 7531178 complete and 0 interrupted iterations
test   [  92% ] 100 VUs  1m51.0s/2m0s

running (1m52.0s), 100/100 VUs, 7597491 complete and 0 interrupted iterations
test   [  93% ] 100 VUs  1m52.0s/2m0s

running (1m53.0s), 100/100 VUs, 7669624 complete and 0 interrupted iterations
test   [  94% ] 100 VUs  1m53.0s/2m0s

running (1m54.0s), 100/100 VUs, 7742123 complete and 0 interrupted iterations
test   [  95% ] 100 VUs  1m54.0s/2m0s

running (1m55.0s), 100/100 VUs, 7813927 complete and 0 interrupted iterations
test   [  96% ] 100 VUs  1m55.0s/2m0s

running (1m56.0s), 100/100 VUs, 7886858 complete and 0 interrupted iterations
test   [  97% ] 100 VUs  1m56.0s/2m0s

running (1m57.0s), 100/100 VUs, 7957455 complete and 0 interrupted iterations
test   [  97% ] 100 VUs  1m57.0s/2m0s

running (1m58.0s), 100/100 VUs, 8031539 complete and 0 interrupted iterations
test   [  98% ] 100 VUs  1m58.0s/2m0s

running (1m59.0s), 100/100 VUs, 8103801 complete and 0 interrupted iterations
test   [  99% ] 100 VUs  1m59.0s/2m0s

running (2m00.0s), 100/100 VUs, 8176664 complete and 0 interrupted iterations
test   [ 100% ] 100 VUs  2m00.0s/2m0s

running (2m00.0s), 000/100 VUs, 8177269 complete and 0 interrupted iterations
test ✓ [ 100% ] 100 VUs  2m0s

     data_received........: 33 MB   273 kB/s
     data_sent............: 326 MB  2.7 MB/s
     iteration_duration...: avg=1.44ms min=124.93µs med=1.23ms max=132.67ms p(90)=2.45ms p(95)=3.16ms
     iterations...........: 8177269 68142.800224/s
     vus..................: 100     min=100        max=100
     vus_max..............: 100     min=100        max=100


running (2m00.0s), 000/100 VUs, 8177269 complete and 0 interrupted iterations
test ✓ [ 100% ] 100 VUs  2m0s
