
          /\      |‾‾| /‾‾/   /‾‾/   
     /\  /  \     |  |/  /   /  /    
    /  \/    \    |     (   /   ‾‾\  
   /          \   |  |\  \ |  (‾)  | 
  / __________ \  |__| \__\ \_____/ .io

     execution: local
        script: dragonfly/secondary_index/redis.js
        output: -

     scenarios: (100.00%) 1 scenario, 100 max VUs, 2m30s max duration (incl. graceful stop):
              * test_mem: 100 looping VUs for 2m0s (exec: set_keys, gracefulStop: 30s)


running (0m01.0s), 100/100 VUs, 51546 complete and 0 interrupted iterations
test_mem   [   1% ] 100 VUs  0m01.0s/2m0s

running (0m02.0s), 100/100 VUs, 110359 complete and 0 interrupted iterations
test_mem   [   2% ] 100 VUs  0m02.0s/2m0s

running (0m03.0s), 100/100 VUs, 168797 complete and 0 interrupted iterations
test_mem   [   2% ] 100 VUs  0m03.0s/2m0s

running (0m04.0s), 100/100 VUs, 227730 complete and 0 interrupted iterations
test_mem   [   3% ] 100 VUs  0m04.0s/2m0s

running (0m05.0s), 100/100 VUs, 287608 complete and 0 interrupted iterations
test_mem   [   4% ] 100 VUs  0m05.0s/2m0s

running (0m06.0s), 100/100 VUs, 347100 complete and 0 interrupted iterations
test_mem   [   5% ] 100 VUs  0m06.0s/2m0s

running (0m07.0s), 100/100 VUs, 405770 complete and 0 interrupted iterations
test_mem   [   6% ] 100 VUs  0m07.0s/2m0s

running (0m08.0s), 100/100 VUs, 466154 complete and 0 interrupted iterations
test_mem   [   7% ] 100 VUs  0m08.0s/2m0s

running (0m09.0s), 100/100 VUs, 526405 complete and 0 interrupted iterations
test_mem   [   7% ] 100 VUs  0m09.0s/2m0s

running (0m10.0s), 100/100 VUs, 586755 complete and 0 interrupted iterations
test_mem   [   8% ] 100 VUs  0m10.0s/2m0s

running (0m11.0s), 100/100 VUs, 647440 complete and 0 interrupted iterations
test_mem   [   9% ] 100 VUs  0m11.0s/2m0s

running (0m12.0s), 100/100 VUs, 706692 complete and 0 interrupted iterations
test_mem   [  10% ] 100 VUs  0m12.0s/2m0s

running (0m13.0s), 100/100 VUs, 767283 complete and 0 interrupted iterations
test_mem   [  11% ] 100 VUs  0m13.0s/2m0s

running (0m14.0s), 100/100 VUs, 828775 complete and 0 interrupted iterations
test_mem   [  12% ] 100 VUs  0m14.0s/2m0s

running (0m15.0s), 100/100 VUs, 889500 complete and 0 interrupted iterations
test_mem   [  12% ] 100 VUs  0m15.0s/2m0s

running (0m16.0s), 100/100 VUs, 951467 complete and 0 interrupted iterations
test_mem   [  13% ] 100 VUs  0m16.0s/2m0s

running (0m17.0s), 100/100 VUs, 1013859 complete and 0 interrupted iterations
test_mem   [  14% ] 100 VUs  0m17.0s/2m0s

running (0m18.0s), 100/100 VUs, 1073628 complete and 0 interrupted iterations
test_mem   [  15% ] 100 VUs  0m18.0s/2m0s

running (0m19.0s), 100/100 VUs, 1135713 complete and 0 interrupted iterations
test_mem   [  16% ] 100 VUs  0m19.0s/2m0s

running (0m20.0s), 100/100 VUs, 1197833 complete and 0 interrupted iterations
test_mem   [  17% ] 100 VUs  0m20.0s/2m0s

running (0m21.0s), 100/100 VUs, 1259632 complete and 0 interrupted iterations
test_mem   [  17% ] 100 VUs  0m21.0s/2m0s

running (0m22.0s), 100/100 VUs, 1320998 complete and 0 interrupted iterations
test_mem   [  18% ] 100 VUs  0m22.0s/2m0s

running (0m23.0s), 100/100 VUs, 1381830 complete and 0 interrupted iterations
test_mem   [  19% ] 100 VUs  0m23.0s/2m0s

running (0m24.0s), 100/100 VUs, 1444475 complete and 0 interrupted iterations
test_mem   [  20% ] 100 VUs  0m24.0s/2m0s

running (0m25.0s), 100/100 VUs, 1506359 complete and 0 interrupted iterations
test_mem   [  21% ] 100 VUs  0m25.0s/2m0s

running (0m26.0s), 100/100 VUs, 1568192 complete and 0 interrupted iterations
test_mem   [  22% ] 100 VUs  0m26.0s/2m0s

running (0m27.0s), 100/100 VUs, 1629706 complete and 0 interrupted iterations
test_mem   [  22% ] 100 VUs  0m27.0s/2m0s

running (0m28.0s), 100/100 VUs, 1691288 complete and 0 interrupted iterations
test_mem   [  23% ] 100 VUs  0m28.0s/2m0s

running (0m29.0s), 100/100 VUs, 1753815 complete and 0 interrupted iterations
test_mem   [  24% ] 100 VUs  0m29.0s/2m0s

running (0m30.0s), 100/100 VUs, 1816767 complete and 0 interrupted iterations
test_mem   [  25% ] 100 VUs  0m30.0s/2m0s

running (0m31.0s), 100/100 VUs, 1879960 complete and 0 interrupted iterations
test_mem   [  26% ] 100 VUs  0m31.0s/2m0s

running (0m32.0s), 100/100 VUs, 1943797 complete and 0 interrupted iterations
test_mem   [  27% ] 100 VUs  0m32.0s/2m0s

running (0m33.0s), 100/100 VUs, 2006948 complete and 0 interrupted iterations
test_mem   [  27% ] 100 VUs  0m33.0s/2m0s

running (0m34.0s), 100/100 VUs, 2070566 complete and 0 interrupted iterations
test_mem   [  28% ] 100 VUs  0m34.0s/2m0s

running (0m35.0s), 100/100 VUs, 2133116 complete and 0 interrupted iterations
test_mem   [  29% ] 100 VUs  0m35.0s/2m0s

running (0m36.0s), 100/100 VUs, 2196993 complete and 0 interrupted iterations
test_mem   [  30% ] 100 VUs  0m36.0s/2m0s

running (0m37.0s), 100/100 VUs, 2259165 complete and 0 interrupted iterations
test_mem   [  31% ] 100 VUs  0m37.0s/2m0s

running (0m38.0s), 100/100 VUs, 2322662 complete and 0 interrupted iterations
test_mem   [  32% ] 100 VUs  0m38.0s/2m0s

running (0m39.0s), 100/100 VUs, 2387533 complete and 0 interrupted iterations
test_mem   [  32% ] 100 VUs  0m39.0s/2m0s

running (0m40.0s), 100/100 VUs, 2451565 complete and 0 interrupted iterations
test_mem   [  33% ] 100 VUs  0m40.0s/2m0s

running (0m41.0s), 100/100 VUs, 2515516 complete and 0 interrupted iterations
test_mem   [  34% ] 100 VUs  0m41.0s/2m0s

running (0m42.0s), 100/100 VUs, 2579356 complete and 0 interrupted iterations
test_mem   [  35% ] 100 VUs  0m42.0s/2m0s

running (0m43.0s), 100/100 VUs, 2641286 complete and 0 interrupted iterations
test_mem   [  36% ] 100 VUs  0m43.0s/2m0s

running (0m44.0s), 100/100 VUs, 2707198 complete and 0 interrupted iterations
test_mem   [  37% ] 100 VUs  0m44.0s/2m0s

running (0m45.0s), 100/100 VUs, 2771562 complete and 0 interrupted iterations
test_mem   [  37% ] 100 VUs  0m45.0s/2m0s

running (0m46.0s), 100/100 VUs, 2835887 complete and 0 interrupted iterations
test_mem   [  38% ] 100 VUs  0m46.0s/2m0s

running (0m47.0s), 100/100 VUs, 2899649 complete and 0 interrupted iterations
test_mem   [  39% ] 100 VUs  0m47.0s/2m0s

running (0m48.0s), 100/100 VUs, 2964514 complete and 0 interrupted iterations
test_mem   [  40% ] 100 VUs  0m48.0s/2m0s

running (0m49.0s), 100/100 VUs, 3029161 complete and 0 interrupted iterations
test_mem   [  41% ] 100 VUs  0m49.0s/2m0s

running (0m50.0s), 100/100 VUs, 3093623 complete and 0 interrupted iterations
test_mem   [  42% ] 100 VUs  0m50.0s/2m0s

running (0m51.0s), 100/100 VUs, 3158415 complete and 0 interrupted iterations
test_mem   [  42% ] 100 VUs  0m51.0s/2m0s

running (0m52.0s), 100/100 VUs, 3222710 complete and 0 interrupted iterations
test_mem   [  43% ] 100 VUs  0m52.0s/2m0s

running (0m53.0s), 100/100 VUs, 3286434 complete and 0 interrupted iterations
test_mem   [  44% ] 100 VUs  0m53.0s/2m0s

running (0m54.0s), 100/100 VUs, 3351360 complete and 0 interrupted iterations
test_mem   [  45% ] 100 VUs  0m54.0s/2m0s

running (0m55.0s), 100/100 VUs, 3416312 complete and 0 interrupted iterations
test_mem   [  46% ] 100 VUs  0m55.0s/2m0s

running (0m56.0s), 100/100 VUs, 3481727 complete and 0 interrupted iterations
test_mem   [  47% ] 100 VUs  0m56.0s/2m0s

running (0m57.0s), 100/100 VUs, 3546907 complete and 0 interrupted iterations
test_mem   [  47% ] 100 VUs  0m57.0s/2m0s

running (0m58.0s), 100/100 VUs, 3611952 complete and 0 interrupted iterations
test_mem   [  48% ] 100 VUs  0m58.0s/2m0s

running (0m59.0s), 100/100 VUs, 3677051 complete and 0 interrupted iterations
test_mem   [  49% ] 100 VUs  0m59.0s/2m0s

running (1m00.0s), 100/100 VUs, 3742195 complete and 0 interrupted iterations
test_mem   [  50% ] 100 VUs  1m00.0s/2m0s

running (1m01.0s), 100/100 VUs, 3809089 complete and 0 interrupted iterations
test_mem   [  51% ] 100 VUs  1m01.0s/2m0s

running (1m02.0s), 100/100 VUs, 3874313 complete and 0 interrupted iterations
test_mem   [  52% ] 100 VUs  1m02.0s/2m0s

running (1m03.0s), 100/100 VUs, 3939527 complete and 0 interrupted iterations
test_mem   [  52% ] 100 VUs  1m03.0s/2m0s

running (1m04.0s), 100/100 VUs, 4003908 complete and 0 interrupted iterations
test_mem   [  53% ] 100 VUs  1m04.0s/2m0s

running (1m05.0s), 100/100 VUs, 4069161 complete and 0 interrupted iterations
test_mem   [  54% ] 100 VUs  1m05.0s/2m0s

running (1m06.0s), 100/100 VUs, 4135365 complete and 0 interrupted iterations
test_mem   [  55% ] 100 VUs  1m06.0s/2m0s

running (1m07.0s), 100/100 VUs, 4201264 complete and 0 interrupted iterations
test_mem   [  56% ] 100 VUs  1m07.0s/2m0s

running (1m08.0s), 100/100 VUs, 4267070 complete and 0 interrupted iterations
test_mem   [  57% ] 100 VUs  1m08.0s/2m0s

running (1m09.0s), 100/100 VUs, 4332456 complete and 0 interrupted iterations
test_mem   [  57% ] 100 VUs  1m09.0s/2m0s

running (1m10.0s), 100/100 VUs, 4399192 complete and 0 interrupted iterations
test_mem   [  58% ] 100 VUs  1m10.0s/2m0s

running (1m11.0s), 100/100 VUs, 4465611 complete and 0 interrupted iterations
test_mem   [  59% ] 100 VUs  1m11.0s/2m0s

running (1m12.0s), 100/100 VUs, 4531794 complete and 0 interrupted iterations
test_mem   [  60% ] 100 VUs  1m12.0s/2m0s

running (1m13.0s), 100/100 VUs, 4598290 complete and 0 interrupted iterations
test_mem   [  61% ] 100 VUs  1m13.0s/2m0s

running (1m14.0s), 100/100 VUs, 4663879 complete and 0 interrupted iterations
test_mem   [  62% ] 100 VUs  1m14.0s/2m0s

running (1m15.0s), 100/100 VUs, 4730595 complete and 0 interrupted iterations
test_mem   [  62% ] 100 VUs  1m15.0s/2m0s

running (1m16.0s), 100/100 VUs, 4796907 complete and 0 interrupted iterations
test_mem   [  63% ] 100 VUs  1m16.0s/2m0s

running (1m17.0s), 100/100 VUs, 4862732 complete and 0 interrupted iterations
test_mem   [  64% ] 100 VUs  1m17.0s/2m0s

running (1m18.0s), 100/100 VUs, 4930013 complete and 0 interrupted iterations
test_mem   [  65% ] 100 VUs  1m18.0s/2m0s

running (1m19.0s), 100/100 VUs, 4997091 complete and 0 interrupted iterations
test_mem   [  66% ] 100 VUs  1m19.0s/2m0s

running (1m20.0s), 100/100 VUs, 5060598 complete and 0 interrupted iterations
test_mem   [  67% ] 100 VUs  1m20.0s/2m0s

running (1m21.0s), 100/100 VUs, 5128218 complete and 0 interrupted iterations
test_mem   [  67% ] 100 VUs  1m21.0s/2m0s

running (1m22.0s), 100/100 VUs, 5196994 complete and 0 interrupted iterations
test_mem   [  68% ] 100 VUs  1m22.0s/2m0s

running (1m23.0s), 100/100 VUs, 5263893 complete and 0 interrupted iterations
test_mem   [  69% ] 100 VUs  1m23.0s/2m0s

running (1m24.0s), 100/100 VUs, 5332036 complete and 0 interrupted iterations
test_mem   [  70% ] 100 VUs  1m24.0s/2m0s

running (1m25.0s), 100/100 VUs, 5400253 complete and 0 interrupted iterations
test_mem   [  71% ] 100 VUs  1m25.0s/2m0s

running (1m26.0s), 100/100 VUs, 5469233 complete and 0 interrupted iterations
test_mem   [  72% ] 100 VUs  1m26.0s/2m0s

running (1m27.0s), 100/100 VUs, 5536976 complete and 0 interrupted iterations
test_mem   [  72% ] 100 VUs  1m27.0s/2m0s

running (1m28.0s), 100/100 VUs, 5603866 complete and 0 interrupted iterations
test_mem   [  73% ] 100 VUs  1m28.0s/2m0s

running (1m29.0s), 100/100 VUs, 5673233 complete and 0 interrupted iterations
test_mem   [  74% ] 100 VUs  1m29.0s/2m0s

running (1m30.0s), 100/100 VUs, 5742450 complete and 0 interrupted iterations
test_mem   [  75% ] 100 VUs  1m30.0s/2m0s

running (1m31.0s), 100/100 VUs, 5811309 complete and 0 interrupted iterations
test_mem   [  76% ] 100 VUs  1m31.0s/2m0s

running (1m32.0s), 100/100 VUs, 5878116 complete and 0 interrupted iterations
test_mem   [  77% ] 100 VUs  1m32.0s/2m0s

running (1m33.0s), 100/100 VUs, 5946284 complete and 0 interrupted iterations
test_mem   [  77% ] 100 VUs  1m33.0s/2m0s

running (1m34.0s), 100/100 VUs, 6013914 complete and 0 interrupted iterations
test_mem   [  78% ] 100 VUs  1m34.0s/2m0s

running (1m35.0s), 100/100 VUs, 6082529 complete and 0 interrupted iterations
test_mem   [  79% ] 100 VUs  1m35.0s/2m0s

running (1m36.0s), 100/100 VUs, 6149324 complete and 0 interrupted iterations
test_mem   [  80% ] 100 VUs  1m36.0s/2m0s

running (1m37.0s), 100/100 VUs, 6217095 complete and 0 interrupted iterations
test_mem   [  81% ] 100 VUs  1m37.0s/2m0s

running (1m38.0s), 100/100 VUs, 6284505 complete and 0 interrupted iterations
test_mem   [  82% ] 100 VUs  1m38.0s/2m0s

running (1m39.0s), 100/100 VUs, 6350088 complete and 0 interrupted iterations
test_mem   [  82% ] 100 VUs  1m39.0s/2m0s

running (1m40.0s), 100/100 VUs, 6419381 complete and 0 interrupted iterations
test_mem   [  83% ] 100 VUs  1m40.0s/2m0s

running (1m41.0s), 100/100 VUs, 6488853 complete and 0 interrupted iterations
test_mem   [  84% ] 100 VUs  1m41.0s/2m0s

running (1m42.0s), 100/100 VUs, 6557080 complete and 0 interrupted iterations
test_mem   [  85% ] 100 VUs  1m42.0s/2m0s

running (1m43.0s), 100/100 VUs, 6626688 complete and 0 interrupted iterations
test_mem   [  86% ] 100 VUs  1m43.0s/2m0s

running (1m44.0s), 100/100 VUs, 6696500 complete and 0 interrupted iterations
test_mem   [  87% ] 100 VUs  1m44.0s/2m0s

running (1m45.0s), 100/100 VUs, 6766906 complete and 0 interrupted iterations
test_mem   [  87% ] 100 VUs  1m45.0s/2m0s

running (1m46.0s), 100/100 VUs, 6835527 complete and 0 interrupted iterations
test_mem   [  88% ] 100 VUs  1m46.0s/2m0s

running (1m47.0s), 100/100 VUs, 6905213 complete and 0 interrupted iterations
test_mem   [  89% ] 100 VUs  1m47.0s/2m0s

running (1m48.0s), 100/100 VUs, 6974222 complete and 0 interrupted iterations
test_mem   [  90% ] 100 VUs  1m48.0s/2m0s

running (1m49.0s), 100/100 VUs, 7044164 complete and 0 interrupted iterations
test_mem   [  91% ] 100 VUs  1m49.0s/2m0s

running (1m50.0s), 100/100 VUs, 7113647 complete and 0 interrupted iterations
test_mem   [  92% ] 100 VUs  1m50.0s/2m0s

running (1m51.0s), 100/100 VUs, 7183149 complete and 0 interrupted iterations
test_mem   [  92% ] 100 VUs  1m51.0s/2m0s

running (1m52.0s), 100/100 VUs, 7251476 complete and 0 interrupted iterations
test_mem   [  93% ] 100 VUs  1m52.0s/2m0s

running (1m53.0s), 100/100 VUs, 7319753 complete and 0 interrupted iterations
test_mem   [  94% ] 100 VUs  1m53.0s/2m0s

running (1m54.0s), 100/100 VUs, 7388900 complete and 0 interrupted iterations
test_mem   [  95% ] 100 VUs  1m54.0s/2m0s

running (1m55.0s), 100/100 VUs, 7458301 complete and 0 interrupted iterations
test_mem   [  96% ] 100 VUs  1m55.0s/2m0s

running (1m56.0s), 100/100 VUs, 7527985 complete and 0 interrupted iterations
test_mem   [  97% ] 100 VUs  1m56.0s/2m0s

running (1m57.0s), 100/100 VUs, 7596254 complete and 0 interrupted iterations
test_mem   [  97% ] 100 VUs  1m57.0s/2m0s

running (1m58.0s), 100/100 VUs, 7664984 complete and 0 interrupted iterations
test_mem   [  98% ] 100 VUs  1m58.0s/2m0s

running (1m59.0s), 100/100 VUs, 7734078 complete and 0 interrupted iterations
test_mem   [  99% ] 100 VUs  1m59.0s/2m0s

running (2m00.0s), 100/100 VUs, 7802353 complete and 0 interrupted iterations
test_mem   [ 100% ] 100 VUs  2m00.0s/2m0s

running (2m00.0s), 000/100 VUs, 7802600 complete and 0 interrupted iterations
test_mem ✓ [ 100% ] 100 VUs  2m0s

     data_received........: 31 MB   260 kB/s
     data_sent............: 450 MB  3.8 MB/s
     iteration_duration...: avg=1.49ms min=113.69µs med=1.28ms max=134.86ms p(90)=2.61ms p(95)=3.37ms
     iterations...........: 7802600 65020.84046/s
     vus..................: 100     min=100       max=100
     vus_max..............: 100     min=100       max=100


running (2m00.0s), 000/100 VUs, 7802600 complete and 0 interrupted iterations
test_mem ✓ [ 100% ] 100 VUs  2m0s
