
          /\      |‾‾| /‾‾/   /‾‾/   
     /\  /  \     |  |/  /   /  /    
    /  \/    \    |     (   /   ‾‾\  
   /          \   |  |\  \ |  (‾)  | 
  / __________ \  |__| \__\ \_____/ .io

     execution: local
        script: redis/secondary_index/redis.js
        output: -

     scenarios: (100.00%) 1 scenario, 100 max VUs, 2m30s max duration (incl. graceful stop):
              * test_mem: 100 looping VUs for 2m0s (exec: set_keys, gracefulStop: 30s)


running (0m01.0s), 100/100 VUs, 49871 complete and 0 interrupted iterations
test_mem   [   1% ] 100 VUs  0m01.0s/2m0s

running (0m02.0s), 100/100 VUs, 105298 complete and 0 interrupted iterations
test_mem   [   2% ] 100 VUs  0m02.0s/2m0s

running (0m03.0s), 100/100 VUs, 161878 complete and 0 interrupted iterations
test_mem   [   2% ] 100 VUs  0m03.0s/2m0s

running (0m04.0s), 100/100 VUs, 217944 complete and 0 interrupted iterations
test_mem   [   3% ] 100 VUs  0m04.0s/2m0s

running (0m05.0s), 100/100 VUs, 274787 complete and 0 interrupted iterations
test_mem   [   4% ] 100 VUs  0m05.0s/2m0s

running (0m06.0s), 100/100 VUs, 332088 complete and 0 interrupted iterations
test_mem   [   5% ] 100 VUs  0m06.0s/2m0s

running (0m07.0s), 100/100 VUs, 390127 complete and 0 interrupted iterations
test_mem   [   6% ] 100 VUs  0m07.0s/2m0s

running (0m08.0s), 100/100 VUs, 447510 complete and 0 interrupted iterations
test_mem   [   7% ] 100 VUs  0m08.0s/2m0s

running (0m09.0s), 100/100 VUs, 504200 complete and 0 interrupted iterations
test_mem   [   7% ] 100 VUs  0m09.0s/2m0s

running (0m10.0s), 100/100 VUs, 562564 complete and 0 interrupted iterations
test_mem   [   8% ] 100 VUs  0m10.0s/2m0s

running (0m11.0s), 100/100 VUs, 620853 complete and 0 interrupted iterations
test_mem   [   9% ] 100 VUs  0m11.0s/2m0s

running (0m12.0s), 100/100 VUs, 678912 complete and 0 interrupted iterations
test_mem   [  10% ] 100 VUs  0m12.0s/2m0s

running (0m13.0s), 100/100 VUs, 737280 complete and 0 interrupted iterations
test_mem   [  11% ] 100 VUs  0m13.0s/2m0s

running (0m14.0s), 100/100 VUs, 794995 complete and 0 interrupted iterations
test_mem   [  12% ] 100 VUs  0m14.0s/2m0s

running (0m15.0s), 100/100 VUs, 855131 complete and 0 interrupted iterations
test_mem   [  12% ] 100 VUs  0m15.0s/2m0s

running (0m16.0s), 100/100 VUs, 914542 complete and 0 interrupted iterations
test_mem   [  13% ] 100 VUs  0m16.0s/2m0s

running (0m17.0s), 100/100 VUs, 973241 complete and 0 interrupted iterations
test_mem   [  14% ] 100 VUs  0m17.0s/2m0s

running (0m18.0s), 100/100 VUs, 1032885 complete and 0 interrupted iterations
test_mem   [  15% ] 100 VUs  0m18.0s/2m0s

running (0m19.0s), 100/100 VUs, 1088944 complete and 0 interrupted iterations
test_mem   [  16% ] 100 VUs  0m19.0s/2m0s

running (0m20.0s), 100/100 VUs, 1145874 complete and 0 interrupted iterations
test_mem   [  17% ] 100 VUs  0m20.0s/2m0s

running (0m21.0s), 100/100 VUs, 1202499 complete and 0 interrupted iterations
test_mem   [  17% ] 100 VUs  0m21.0s/2m0s

running (0m22.0s), 100/100 VUs, 1260106 complete and 0 interrupted iterations
test_mem   [  18% ] 100 VUs  0m22.0s/2m0s

running (0m23.0s), 100/100 VUs, 1317978 complete and 0 interrupted iterations
test_mem   [  19% ] 100 VUs  0m23.0s/2m0s

running (0m24.0s), 100/100 VUs, 1376288 complete and 0 interrupted iterations
test_mem   [  20% ] 100 VUs  0m24.0s/2m0s

running (0m25.0s), 100/100 VUs, 1435714 complete and 0 interrupted iterations
test_mem   [  21% ] 100 VUs  0m25.0s/2m0s

running (0m26.0s), 100/100 VUs, 1494085 complete and 0 interrupted iterations
test_mem   [  22% ] 100 VUs  0m26.0s/2m0s

running (0m27.0s), 100/100 VUs, 1552994 complete and 0 interrupted iterations
test_mem   [  22% ] 100 VUs  0m27.0s/2m0s

running (0m28.0s), 100/100 VUs, 1610888 complete and 0 interrupted iterations
test_mem   [  23% ] 100 VUs  0m28.0s/2m0s

running (0m29.0s), 100/100 VUs, 1668344 complete and 0 interrupted iterations
test_mem   [  24% ] 100 VUs  0m29.0s/2m0s

running (0m30.0s), 100/100 VUs, 1725338 complete and 0 interrupted iterations
test_mem   [  25% ] 100 VUs  0m30.0s/2m0s

running (0m31.0s), 100/100 VUs, 1783675 complete and 0 interrupted iterations
test_mem   [  26% ] 100 VUs  0m31.0s/2m0s

running (0m32.0s), 100/100 VUs, 1840774 complete and 0 interrupted iterations
test_mem   [  27% ] 100 VUs  0m32.0s/2m0s

running (0m33.0s), 100/100 VUs, 1899472 complete and 0 interrupted iterations
test_mem   [  27% ] 100 VUs  0m33.0s/2m0s

running (0m34.0s), 100/100 VUs, 1957434 complete and 0 interrupted iterations
test_mem   [  28% ] 100 VUs  0m34.0s/2m0s

running (0m35.0s), 100/100 VUs, 2014608 complete and 0 interrupted iterations
test_mem   [  29% ] 100 VUs  0m35.0s/2m0s

running (0m36.0s), 100/100 VUs, 2072626 complete and 0 interrupted iterations
test_mem   [  30% ] 100 VUs  0m36.0s/2m0s

running (0m37.0s), 100/100 VUs, 2130795 complete and 0 interrupted iterations
test_mem   [  31% ] 100 VUs  0m37.0s/2m0s

running (0m38.0s), 100/100 VUs, 2190599 complete and 0 interrupted iterations
test_mem   [  32% ] 100 VUs  0m38.0s/2m0s

running (0m39.0s), 100/100 VUs, 2250339 complete and 0 interrupted iterations
test_mem   [  32% ] 100 VUs  0m39.0s/2m0s

running (0m40.0s), 100/100 VUs, 2307037 complete and 0 interrupted iterations
test_mem   [  33% ] 100 VUs  0m40.0s/2m0s

running (0m41.0s), 100/100 VUs, 2366331 complete and 0 interrupted iterations
test_mem   [  34% ] 100 VUs  0m41.0s/2m0s

running (0m42.0s), 100/100 VUs, 2426288 complete and 0 interrupted iterations
test_mem   [  35% ] 100 VUs  0m42.0s/2m0s

running (0m43.0s), 100/100 VUs, 2484641 complete and 0 interrupted iterations
test_mem   [  36% ] 100 VUs  0m43.0s/2m0s

running (0m44.0s), 100/100 VUs, 2543088 complete and 0 interrupted iterations
test_mem   [  37% ] 100 VUs  0m44.0s/2m0s

running (0m45.0s), 100/100 VUs, 2601973 complete and 0 interrupted iterations
test_mem   [  37% ] 100 VUs  0m45.0s/2m0s

running (0m46.0s), 100/100 VUs, 2662238 complete and 0 interrupted iterations
test_mem   [  38% ] 100 VUs  0m46.0s/2m0s

running (0m47.0s), 100/100 VUs, 2722488 complete and 0 interrupted iterations
test_mem   [  39% ] 100 VUs  0m47.0s/2m0s

running (0m48.0s), 100/100 VUs, 2782655 complete and 0 interrupted iterations
test_mem   [  40% ] 100 VUs  0m48.0s/2m0s

running (0m49.0s), 100/100 VUs, 2841619 complete and 0 interrupted iterations
test_mem   [  41% ] 100 VUs  0m49.0s/2m0s

running (0m50.0s), 100/100 VUs, 2901006 complete and 0 interrupted iterations
test_mem   [  42% ] 100 VUs  0m50.0s/2m0s

running (0m51.0s), 100/100 VUs, 2961065 complete and 0 interrupted iterations
test_mem   [  42% ] 100 VUs  0m51.0s/2m0s

running (0m52.0s), 100/100 VUs, 3020838 complete and 0 interrupted iterations
test_mem   [  43% ] 100 VUs  0m52.0s/2m0s

running (0m53.0s), 100/100 VUs, 3081711 complete and 0 interrupted iterations
test_mem   [  44% ] 100 VUs  0m53.0s/2m0s

running (0m54.0s), 100/100 VUs, 3141104 complete and 0 interrupted iterations
test_mem   [  45% ] 100 VUs  0m54.0s/2m0s

running (0m55.0s), 100/100 VUs, 3200620 complete and 0 interrupted iterations
test_mem   [  46% ] 100 VUs  0m55.0s/2m0s

running (0m56.0s), 100/100 VUs, 3259451 complete and 0 interrupted iterations
test_mem   [  47% ] 100 VUs  0m56.0s/2m0s

running (0m57.0s), 100/100 VUs, 3319795 complete and 0 interrupted iterations
test_mem   [  47% ] 100 VUs  0m57.0s/2m0s

running (0m58.0s), 100/100 VUs, 3380587 complete and 0 interrupted iterations
test_mem   [  48% ] 100 VUs  0m58.0s/2m0s

running (0m59.0s), 100/100 VUs, 3438888 complete and 0 interrupted iterations
test_mem   [  49% ] 100 VUs  0m59.0s/2m0s

running (1m00.0s), 100/100 VUs, 3497088 complete and 0 interrupted iterations
test_mem   [  50% ] 100 VUs  1m00.0s/2m0s

running (1m01.0s), 100/100 VUs, 3553607 complete and 0 interrupted iterations
test_mem   [  51% ] 100 VUs  1m01.0s/2m0s

running (1m02.0s), 100/100 VUs, 3610470 complete and 0 interrupted iterations
test_mem   [  52% ] 100 VUs  1m02.0s/2m0s

running (1m03.0s), 100/100 VUs, 3669564 complete and 0 interrupted iterations
test_mem   [  52% ] 100 VUs  1m03.0s/2m0s

running (1m04.0s), 100/100 VUs, 3728021 complete and 0 interrupted iterations
test_mem   [  53% ] 100 VUs  1m04.0s/2m0s

running (1m05.0s), 100/100 VUs, 3787695 complete and 0 interrupted iterations
test_mem   [  54% ] 100 VUs  1m05.0s/2m0s

running (1m06.0s), 100/100 VUs, 3846999 complete and 0 interrupted iterations
test_mem   [  55% ] 100 VUs  1m06.0s/2m0s

running (1m07.0s), 100/100 VUs, 3907255 complete and 0 interrupted iterations
test_mem   [  56% ] 100 VUs  1m07.0s/2m0s

running (1m08.0s), 100/100 VUs, 3966217 complete and 0 interrupted iterations
test_mem   [  57% ] 100 VUs  1m08.0s/2m0s

running (1m09.0s), 100/100 VUs, 4024336 complete and 0 interrupted iterations
test_mem   [  57% ] 100 VUs  1m09.0s/2m0s

running (1m10.0s), 100/100 VUs, 4082717 complete and 0 interrupted iterations
test_mem   [  58% ] 100 VUs  1m10.0s/2m0s

running (1m11.0s), 100/100 VUs, 4142272 complete and 0 interrupted iterations
test_mem   [  59% ] 100 VUs  1m11.0s/2m0s

running (1m12.0s), 100/100 VUs, 4200292 complete and 0 interrupted iterations
test_mem   [  60% ] 100 VUs  1m12.0s/2m0s

running (1m13.0s), 100/100 VUs, 4259555 complete and 0 interrupted iterations
test_mem   [  61% ] 100 VUs  1m13.0s/2m0s

running (1m14.0s), 100/100 VUs, 4317771 complete and 0 interrupted iterations
test_mem   [  62% ] 100 VUs  1m14.0s/2m0s

running (1m15.0s), 100/100 VUs, 4378484 complete and 0 interrupted iterations
test_mem   [  62% ] 100 VUs  1m15.0s/2m0s

running (1m16.0s), 100/100 VUs, 4437840 complete and 0 interrupted iterations
test_mem   [  63% ] 100 VUs  1m16.0s/2m0s

running (1m17.0s), 100/100 VUs, 4497539 complete and 0 interrupted iterations
test_mem   [  64% ] 100 VUs  1m17.0s/2m0s

running (1m18.0s), 100/100 VUs, 4557832 complete and 0 interrupted iterations
test_mem   [  65% ] 100 VUs  1m18.0s/2m0s

running (1m19.0s), 100/100 VUs, 4617917 complete and 0 interrupted iterations
test_mem   [  66% ] 100 VUs  1m19.0s/2m0s

running (1m20.0s), 100/100 VUs, 4675363 complete and 0 interrupted iterations
test_mem   [  67% ] 100 VUs  1m20.0s/2m0s

running (1m21.0s), 100/100 VUs, 4736163 complete and 0 interrupted iterations
test_mem   [  67% ] 100 VUs  1m21.0s/2m0s

running (1m22.0s), 100/100 VUs, 4795962 complete and 0 interrupted iterations
test_mem   [  68% ] 100 VUs  1m22.0s/2m0s

running (1m23.0s), 100/100 VUs, 4854095 complete and 0 interrupted iterations
test_mem   [  69% ] 100 VUs  1m23.0s/2m0s

running (1m24.0s), 100/100 VUs, 4914126 complete and 0 interrupted iterations
test_mem   [  70% ] 100 VUs  1m24.0s/2m0s

running (1m25.0s), 100/100 VUs, 4973935 complete and 0 interrupted iterations
test_mem   [  71% ] 100 VUs  1m25.0s/2m0s

running (1m26.0s), 100/100 VUs, 5032625 complete and 0 interrupted iterations
test_mem   [  72% ] 100 VUs  1m26.0s/2m0s

running (1m27.0s), 100/100 VUs, 5092623 complete and 0 interrupted iterations
test_mem   [  72% ] 100 VUs  1m27.0s/2m0s

running (1m28.0s), 100/100 VUs, 5151580 complete and 0 interrupted iterations
test_mem   [  73% ] 100 VUs  1m28.0s/2m0s

running (1m29.0s), 100/100 VUs, 5212281 complete and 0 interrupted iterations
test_mem   [  74% ] 100 VUs  1m29.0s/2m0s

running (1m30.0s), 100/100 VUs, 5271994 complete and 0 interrupted iterations
test_mem   [  75% ] 100 VUs  1m30.0s/2m0s

running (1m31.0s), 100/100 VUs, 5332519 complete and 0 interrupted iterations
test_mem   [  76% ] 100 VUs  1m31.0s/2m0s

running (1m32.0s), 100/100 VUs, 5393501 complete and 0 interrupted iterations
test_mem   [  77% ] 100 VUs  1m32.0s/2m0s

running (1m33.0s), 100/100 VUs, 5455643 complete and 0 interrupted iterations
test_mem   [  77% ] 100 VUs  1m33.0s/2m0s

running (1m34.0s), 100/100 VUs, 5514775 complete and 0 interrupted iterations
test_mem   [  78% ] 100 VUs  1m34.0s/2m0s

running (1m35.0s), 100/100 VUs, 5575225 complete and 0 interrupted iterations
test_mem   [  79% ] 100 VUs  1m35.0s/2m0s

running (1m36.0s), 100/100 VUs, 5636186 complete and 0 interrupted iterations
test_mem   [  80% ] 100 VUs  1m36.0s/2m0s

running (1m37.0s), 100/100 VUs, 5697836 complete and 0 interrupted iterations
test_mem   [  81% ] 100 VUs  1m37.0s/2m0s

running (1m38.0s), 100/100 VUs, 5759070 complete and 0 interrupted iterations
test_mem   [  82% ] 100 VUs  1m38.0s/2m0s

running (1m39.0s), 100/100 VUs, 5816895 complete and 0 interrupted iterations
test_mem   [  82% ] 100 VUs  1m39.0s/2m0s

running (1m40.0s), 100/100 VUs, 5875213 complete and 0 interrupted iterations
test_mem   [  83% ] 100 VUs  1m40.0s/2m0s

running (1m41.0s), 100/100 VUs, 5935570 complete and 0 interrupted iterations
test_mem   [  84% ] 100 VUs  1m41.0s/2m0s

running (1m42.0s), 100/100 VUs, 5996917 complete and 0 interrupted iterations
test_mem   [  85% ] 100 VUs  1m42.0s/2m0s

running (1m43.0s), 100/100 VUs, 6058077 complete and 0 interrupted iterations
test_mem   [  86% ] 100 VUs  1m43.0s/2m0s

running (1m44.0s), 100/100 VUs, 6118898 complete and 0 interrupted iterations
test_mem   [  87% ] 100 VUs  1m44.0s/2m0s

running (1m45.0s), 100/100 VUs, 6181028 complete and 0 interrupted iterations
test_mem   [  87% ] 100 VUs  1m45.0s/2m0s

running (1m46.0s), 100/100 VUs, 6243386 complete and 0 interrupted iterations
test_mem   [  88% ] 100 VUs  1m46.0s/2m0s

running (1m47.0s), 100/100 VUs, 6305030 complete and 0 interrupted iterations
test_mem   [  89% ] 100 VUs  1m47.0s/2m0s

running (1m48.0s), 100/100 VUs, 6365005 complete and 0 interrupted iterations
test_mem   [  90% ] 100 VUs  1m48.0s/2m0s

running (1m49.0s), 100/100 VUs, 6426673 complete and 0 interrupted iterations
test_mem   [  91% ] 100 VUs  1m49.0s/2m0s

running (1m50.0s), 100/100 VUs, 6488552 complete and 0 interrupted iterations
test_mem   [  92% ] 100 VUs  1m50.0s/2m0s

running (1m51.0s), 100/100 VUs, 6548794 complete and 0 interrupted iterations
test_mem   [  92% ] 100 VUs  1m51.0s/2m0s

running (1m52.0s), 100/100 VUs, 6607787 complete and 0 interrupted iterations
test_mem   [  93% ] 100 VUs  1m52.0s/2m0s

running (1m53.0s), 100/100 VUs, 6667415 complete and 0 interrupted iterations
test_mem   [  94% ] 100 VUs  1m53.0s/2m0s

running (1m54.0s), 100/100 VUs, 6729699 complete and 0 interrupted iterations
test_mem   [  95% ] 100 VUs  1m54.0s/2m0s

running (1m55.0s), 100/100 VUs, 6791505 complete and 0 interrupted iterations
test_mem   [  96% ] 100 VUs  1m55.0s/2m0s

running (1m56.0s), 100/100 VUs, 6853308 complete and 0 interrupted iterations
test_mem   [  97% ] 100 VUs  1m56.0s/2m0s

running (1m57.0s), 100/100 VUs, 6915144 complete and 0 interrupted iterations
test_mem   [  97% ] 100 VUs  1m57.0s/2m0s

running (1m58.0s), 100/100 VUs, 6976856 complete and 0 interrupted iterations
test_mem   [  98% ] 100 VUs  1m58.0s/2m0s

running (1m59.0s), 100/100 VUs, 7036886 complete and 0 interrupted iterations
test_mem   [  99% ] 100 VUs  1m59.0s/2m0s

running (2m00.0s), 100/100 VUs, 7097348 complete and 0 interrupted iterations
test_mem   [ 100% ] 100 VUs  2m00.0s/2m0s

     data_received........: 28 MB   237 kB/s
     data_sent............: 409 MB  3.4 MB/s
     iteration_duration...: avg=1.67ms min=156µs med=1.52ms max=115.23ms p(90)=2.29ms p(95)=2.97ms
     iterations...........: 7097934 59148.884544/s
     vus..................: 100     min=100        max=100
     vus_max..............: 100     min=100        max=100


running (2m00.0s), 000/100 VUs, 7097934 complete and 0 interrupted iterations
test_mem ✓ [ 100% ] 100 VUs  2m0s
