
          /\      |‾‾| /‾‾/   /‾‾/   
     /\  /  \     |  |/  /   /  /    
    /  \/    \    |     (   /   ‾‾\  
   /          \   |  |\  \ |  (‾)  | 
  / __________ \  |__| \__\ \_____/ .io

     execution: local
        script: redis/sets/redis.js
        output: -

     scenarios: (100.00%) 1 scenario, 100 max VUs, 2m30s max duration (incl. graceful stop):
              * test: 100 looping VUs for 2m0s (exec: add, gracefulStop: 30s)


running (0m01.0s), 100/100 VUs, 48631 complete and 0 interrupted iterations
test   [   1% ] 100 VUs  0m01.0s/2m0s

running (0m02.0s), 100/100 VUs, 103988 complete and 0 interrupted iterations
test   [   2% ] 100 VUs  0m02.0s/2m0s

running (0m03.0s), 100/100 VUs, 158012 complete and 0 interrupted iterations
test   [   2% ] 100 VUs  0m03.0s/2m0s

running (0m04.0s), 100/100 VUs, 213357 complete and 0 interrupted iterations
test   [   3% ] 100 VUs  0m04.0s/2m0s

running (0m05.0s), 100/100 VUs, 268690 complete and 0 interrupted iterations
test   [   4% ] 100 VUs  0m05.0s/2m0s

running (0m06.0s), 100/100 VUs, 323536 complete and 0 interrupted iterations
test   [   5% ] 100 VUs  0m06.0s/2m0s

running (0m07.0s), 100/100 VUs, 378004 complete and 0 interrupted iterations
test   [   6% ] 100 VUs  0m07.0s/2m0s

running (0m08.0s), 100/100 VUs, 432941 complete and 0 interrupted iterations
test   [   7% ] 100 VUs  0m08.0s/2m0s

running (0m09.0s), 100/100 VUs, 488414 complete and 0 interrupted iterations
test   [   7% ] 100 VUs  0m09.0s/2m0s

running (0m10.0s), 100/100 VUs, 542952 complete and 0 interrupted iterations
test   [   8% ] 100 VUs  0m10.0s/2m0s

running (0m11.0s), 100/100 VUs, 598278 complete and 0 interrupted iterations
test   [   9% ] 100 VUs  0m11.0s/2m0s

running (0m12.0s), 100/100 VUs, 651351 complete and 0 interrupted iterations
test   [  10% ] 100 VUs  0m12.0s/2m0s

running (0m13.0s), 100/100 VUs, 707357 complete and 0 interrupted iterations
test   [  11% ] 100 VUs  0m13.0s/2m0s

running (0m14.0s), 100/100 VUs, 764240 complete and 0 interrupted iterations
test   [  12% ] 100 VUs  0m14.0s/2m0s

running (0m15.0s), 100/100 VUs, 820170 complete and 0 interrupted iterations
test   [  12% ] 100 VUs  0m15.0s/2m0s

running (0m16.0s), 100/100 VUs, 874732 complete and 0 interrupted iterations
test   [  13% ] 100 VUs  0m16.0s/2m0s

running (0m17.0s), 100/100 VUs, 929695 complete and 0 interrupted iterations
test   [  14% ] 100 VUs  0m17.0s/2m0s

running (0m18.0s), 100/100 VUs, 984022 complete and 0 interrupted iterations
test   [  15% ] 100 VUs  0m18.0s/2m0s

running (0m19.0s), 100/100 VUs, 1039264 complete and 0 interrupted iterations
test   [  16% ] 100 VUs  0m19.0s/2m0s

running (0m20.0s), 100/100 VUs, 1095436 complete and 0 interrupted iterations
test   [  17% ] 100 VUs  0m20.0s/2m0s

running (0m21.0s), 100/100 VUs, 1151262 complete and 0 interrupted iterations
test   [  17% ] 100 VUs  0m21.0s/2m0s

running (0m22.0s), 100/100 VUs, 1206272 complete and 0 interrupted iterations
test   [  18% ] 100 VUs  0m22.0s/2m0s

running (0m23.0s), 100/100 VUs, 1262219 complete and 0 interrupted iterations
test   [  19% ] 100 VUs  0m23.0s/2m0s

running (0m24.0s), 100/100 VUs, 1316788 complete and 0 interrupted iterations
test   [  20% ] 100 VUs  0m24.0s/2m0s

running (0m25.0s), 100/100 VUs, 1373467 complete and 0 interrupted iterations
test   [  21% ] 100 VUs  0m25.0s/2m0s

running (0m26.0s), 100/100 VUs, 1429957 complete and 0 interrupted iterations
test   [  22% ] 100 VUs  0m26.0s/2m0s

running (0m27.0s), 100/100 VUs, 1485608 complete and 0 interrupted iterations
test   [  22% ] 100 VUs  0m27.0s/2m0s

running (0m28.0s), 100/100 VUs, 1544038 complete and 0 interrupted iterations
test   [  23% ] 100 VUs  0m28.0s/2m0s

running (0m29.0s), 100/100 VUs, 1599808 complete and 0 interrupted iterations
test   [  24% ] 100 VUs  0m29.0s/2m0s

running (0m30.0s), 100/100 VUs, 1654533 complete and 0 interrupted iterations
test   [  25% ] 100 VUs  0m30.0s/2m0s

running (0m31.0s), 100/100 VUs, 1709307 complete and 0 interrupted iterations
test   [  26% ] 100 VUs  0m31.0s/2m0s

running (0m32.0s), 100/100 VUs, 1764275 complete and 0 interrupted iterations
test   [  27% ] 100 VUs  0m32.0s/2m0s

running (0m33.0s), 100/100 VUs, 1819879 complete and 0 interrupted iterations
test   [  27% ] 100 VUs  0m33.0s/2m0s

running (0m34.0s), 100/100 VUs, 1875927 complete and 0 interrupted iterations
test   [  28% ] 100 VUs  0m34.0s/2m0s

running (0m35.0s), 100/100 VUs, 1932738 complete and 0 interrupted iterations
test   [  29% ] 100 VUs  0m35.0s/2m0s

running (0m36.0s), 100/100 VUs, 1988734 complete and 0 interrupted iterations
test   [  30% ] 100 VUs  0m36.0s/2m0s

running (0m37.0s), 100/100 VUs, 2044461 complete and 0 interrupted iterations
test   [  31% ] 100 VUs  0m37.0s/2m0s

running (0m38.0s), 100/100 VUs, 2099037 complete and 0 interrupted iterations
test   [  32% ] 100 VUs  0m38.0s/2m0s

running (0m39.0s), 100/100 VUs, 2154865 complete and 0 interrupted iterations
test   [  32% ] 100 VUs  0m39.0s/2m0s

running (0m40.0s), 100/100 VUs, 2210428 complete and 0 interrupted iterations
test   [  33% ] 100 VUs  0m40.0s/2m0s

running (0m41.0s), 100/100 VUs, 2266754 complete and 0 interrupted iterations
test   [  34% ] 100 VUs  0m41.0s/2m0s

running (0m42.0s), 100/100 VUs, 2321965 complete and 0 interrupted iterations
test   [  35% ] 100 VUs  0m42.0s/2m0s

running (0m43.0s), 100/100 VUs, 2376718 complete and 0 interrupted iterations
test   [  36% ] 100 VUs  0m43.0s/2m0s

running (0m44.0s), 100/100 VUs, 2432321 complete and 0 interrupted iterations
test   [  37% ] 100 VUs  0m44.0s/2m0s

running (0m45.0s), 100/100 VUs, 2487943 complete and 0 interrupted iterations
test   [  37% ] 100 VUs  0m45.0s/2m0s

running (0m46.0s), 100/100 VUs, 2543875 complete and 0 interrupted iterations
test   [  38% ] 100 VUs  0m46.0s/2m0s

running (0m47.0s), 100/100 VUs, 2598987 complete and 0 interrupted iterations
test   [  39% ] 100 VUs  0m47.0s/2m0s

running (0m48.0s), 100/100 VUs, 2654858 complete and 0 interrupted iterations
test   [  40% ] 100 VUs  0m48.0s/2m0s

running (0m49.0s), 100/100 VUs, 2712755 complete and 0 interrupted iterations
test   [  41% ] 100 VUs  0m49.0s/2m0s

running (0m50.0s), 100/100 VUs, 2771427 complete and 0 interrupted iterations
test   [  42% ] 100 VUs  0m50.0s/2m0s

running (0m51.0s), 100/100 VUs, 2829916 complete and 0 interrupted iterations
test   [  42% ] 100 VUs  0m51.0s/2m0s

running (0m52.0s), 100/100 VUs, 2887313 complete and 0 interrupted iterations
test   [  43% ] 100 VUs  0m52.0s/2m0s

running (0m53.0s), 100/100 VUs, 2945133 complete and 0 interrupted iterations
test   [  44% ] 100 VUs  0m53.0s/2m0s

running (0m54.0s), 100/100 VUs, 3001522 complete and 0 interrupted iterations
test   [  45% ] 100 VUs  0m54.0s/2m0s

running (0m55.0s), 100/100 VUs, 3057403 complete and 0 interrupted iterations
test   [  46% ] 100 VUs  0m55.0s/2m0s

running (0m56.0s), 100/100 VUs, 3114906 complete and 0 interrupted iterations
test   [  47% ] 100 VUs  0m56.0s/2m0s

running (0m57.0s), 100/100 VUs, 3172366 complete and 0 interrupted iterations
test   [  47% ] 100 VUs  0m57.0s/2m0s

running (0m58.0s), 100/100 VUs, 3230967 complete and 0 interrupted iterations
test   [  48% ] 100 VUs  0m58.0s/2m0s

running (0m59.0s), 100/100 VUs, 3287673 complete and 0 interrupted iterations
test   [  49% ] 100 VUs  0m59.0s/2m0s

running (1m00.0s), 100/100 VUs, 3340619 complete and 0 interrupted iterations
test   [  50% ] 100 VUs  1m00.0s/2m0s

running (1m01.0s), 100/100 VUs, 3394840 complete and 0 interrupted iterations
test   [  51% ] 100 VUs  1m01.0s/2m0s

running (1m02.0s), 100/100 VUs, 3450329 complete and 0 interrupted iterations
test   [  52% ] 100 VUs  1m02.0s/2m0s

running (1m03.0s), 100/100 VUs, 3504275 complete and 0 interrupted iterations
test   [  52% ] 100 VUs  1m03.0s/2m0s

running (1m04.0s), 100/100 VUs, 3557780 complete and 0 interrupted iterations
test   [  53% ] 100 VUs  1m04.0s/2m0s

running (1m05.0s), 100/100 VUs, 3612641 complete and 0 interrupted iterations
test   [  54% ] 100 VUs  1m05.0s/2m0s

running (1m06.0s), 100/100 VUs, 3667876 complete and 0 interrupted iterations
test   [  55% ] 100 VUs  1m06.0s/2m0s

running (1m07.0s), 100/100 VUs, 3725051 complete and 0 interrupted iterations
test   [  56% ] 100 VUs  1m07.0s/2m0s

running (1m08.0s), 100/100 VUs, 3781014 complete and 0 interrupted iterations
test   [  57% ] 100 VUs  1m08.0s/2m0s

running (1m09.0s), 100/100 VUs, 3838094 complete and 0 interrupted iterations
test   [  57% ] 100 VUs  1m09.0s/2m0s

running (1m10.0s), 100/100 VUs, 3892669 complete and 0 interrupted iterations
test   [  58% ] 100 VUs  1m10.0s/2m0s

running (1m11.0s), 100/100 VUs, 3948721 complete and 0 interrupted iterations
test   [  59% ] 100 VUs  1m11.0s/2m0s

running (1m12.0s), 100/100 VUs, 4003764 complete and 0 interrupted iterations
test   [  60% ] 100 VUs  1m12.0s/2m0s

running (1m13.0s), 100/100 VUs, 4059265 complete and 0 interrupted iterations
test   [  61% ] 100 VUs  1m13.0s/2m0s

running (1m14.0s), 100/100 VUs, 4116134 complete and 0 interrupted iterations
test   [  62% ] 100 VUs  1m14.0s/2m0s

running (1m15.0s), 100/100 VUs, 4173249 complete and 0 interrupted iterations
test   [  62% ] 100 VUs  1m15.0s/2m0s

running (1m16.0s), 100/100 VUs, 4229820 complete and 0 interrupted iterations
test   [  63% ] 100 VUs  1m16.0s/2m0s

running (1m17.0s), 100/100 VUs, 4286239 complete and 0 interrupted iterations
test   [  64% ] 100 VUs  1m17.0s/2m0s

running (1m18.0s), 100/100 VUs, 4342530 complete and 0 interrupted iterations
test   [  65% ] 100 VUs  1m18.0s/2m0s

running (1m19.0s), 100/100 VUs, 4398182 complete and 0 interrupted iterations
test   [  66% ] 100 VUs  1m19.0s/2m0s

running (1m20.0s), 100/100 VUs, 4455450 complete and 0 interrupted iterations
test   [  67% ] 100 VUs  1m20.0s/2m0s

running (1m21.0s), 100/100 VUs, 4511429 complete and 0 interrupted iterations
test   [  67% ] 100 VUs  1m21.0s/2m0s

running (1m22.0s), 100/100 VUs, 4566347 complete and 0 interrupted iterations
test   [  68% ] 100 VUs  1m22.0s/2m0s

running (1m23.0s), 100/100 VUs, 4623894 complete and 0 interrupted iterations
test   [  69% ] 100 VUs  1m23.0s/2m0s

running (1m24.0s), 100/100 VUs, 4679656 complete and 0 interrupted iterations
test   [  70% ] 100 VUs  1m24.0s/2m0s

running (1m25.0s), 100/100 VUs, 4736723 complete and 0 interrupted iterations
test   [  71% ] 100 VUs  1m25.0s/2m0s

running (1m26.0s), 100/100 VUs, 4794090 complete and 0 interrupted iterations
test   [  72% ] 100 VUs  1m26.0s/2m0s

running (1m27.0s), 100/100 VUs, 4850825 complete and 0 interrupted iterations
test   [  72% ] 100 VUs  1m27.0s/2m0s

running (1m28.0s), 100/100 VUs, 4907833 complete and 0 interrupted iterations
test   [  73% ] 100 VUs  1m28.0s/2m0s

running (1m29.0s), 100/100 VUs, 4963456 complete and 0 interrupted iterations
test   [  74% ] 100 VUs  1m29.0s/2m0s

running (1m30.0s), 100/100 VUs, 5019026 complete and 0 interrupted iterations
test   [  75% ] 100 VUs  1m30.0s/2m0s

running (1m31.0s), 100/100 VUs, 5072618 complete and 0 interrupted iterations
test   [  76% ] 100 VUs  1m31.0s/2m0s

running (1m32.0s), 100/100 VUs, 5128113 complete and 0 interrupted iterations
test   [  77% ] 100 VUs  1m32.0s/2m0s

running (1m33.0s), 100/100 VUs, 5184094 complete and 0 interrupted iterations
test   [  77% ] 100 VUs  1m33.0s/2m0s

running (1m34.0s), 100/100 VUs, 5241168 complete and 0 interrupted iterations
test   [  78% ] 100 VUs  1m34.0s/2m0s

running (1m35.0s), 100/100 VUs, 5299783 complete and 0 interrupted iterations
test   [  79% ] 100 VUs  1m35.0s/2m0s

running (1m36.0s), 100/100 VUs, 5358318 complete and 0 interrupted iterations
test   [  80% ] 100 VUs  1m36.0s/2m0s

running (1m37.0s), 100/100 VUs, 5415477 complete and 0 interrupted iterations
test   [  81% ] 100 VUs  1m37.0s/2m0s

running (1m38.0s), 100/100 VUs, 5472164 complete and 0 interrupted iterations
test   [  82% ] 100 VUs  1m38.0s/2m0s

running (1m39.0s), 100/100 VUs, 5529832 complete and 0 interrupted iterations
test   [  82% ] 100 VUs  1m39.0s/2m0s

running (1m40.0s), 100/100 VUs, 5589092 complete and 0 interrupted iterations
test   [  83% ] 100 VUs  1m40.0s/2m0s

running (1m41.0s), 100/100 VUs, 5649596 complete and 0 interrupted iterations
test   [  84% ] 100 VUs  1m41.0s/2m0s

running (1m42.0s), 100/100 VUs, 5708456 complete and 0 interrupted iterations
test   [  85% ] 100 VUs  1m42.0s/2m0s

running (1m43.0s), 100/100 VUs, 5767358 complete and 0 interrupted iterations
test   [  86% ] 100 VUs  1m43.0s/2m0s

running (1m44.0s), 100/100 VUs, 5826110 complete and 0 interrupted iterations
test   [  87% ] 100 VUs  1m44.0s/2m0s

running (1m45.0s), 100/100 VUs, 5886729 complete and 0 interrupted iterations
test   [  87% ] 100 VUs  1m45.0s/2m0s

running (1m46.0s), 100/100 VUs, 5947506 complete and 0 interrupted iterations
test   [  88% ] 100 VUs  1m46.0s/2m0s

running (1m47.0s), 100/100 VUs, 6007261 complete and 0 interrupted iterations
test   [  89% ] 100 VUs  1m47.0s/2m0s

running (1m48.0s), 100/100 VUs, 6066167 complete and 0 interrupted iterations
test   [  90% ] 100 VUs  1m48.0s/2m0s

running (1m49.0s), 100/100 VUs, 6124801 complete and 0 interrupted iterations
test   [  91% ] 100 VUs  1m49.0s/2m0s

running (1m50.0s), 100/100 VUs, 6182779 complete and 0 interrupted iterations
test   [  92% ] 100 VUs  1m50.0s/2m0s

running (1m51.0s), 100/100 VUs, 6241816 complete and 0 interrupted iterations
test   [  92% ] 100 VUs  1m51.0s/2m0s

running (1m52.0s), 100/100 VUs, 6298507 complete and 0 interrupted iterations
test   [  93% ] 100 VUs  1m52.0s/2m0s

running (1m53.0s), 100/100 VUs, 6355451 complete and 0 interrupted iterations
test   [  94% ] 100 VUs  1m53.0s/2m0s

running (1m54.0s), 100/100 VUs, 6413859 complete and 0 interrupted iterations
test   [  95% ] 100 VUs  1m54.0s/2m0s

running (1m55.0s), 100/100 VUs, 6472520 complete and 0 interrupted iterations
test   [  96% ] 100 VUs  1m55.0s/2m0s

running (1m56.0s), 100/100 VUs, 6531464 complete and 0 interrupted iterations
test   [  97% ] 100 VUs  1m56.0s/2m0s

running (1m57.0s), 100/100 VUs, 6582494 complete and 0 interrupted iterations
test   [  97% ] 100 VUs  1m57.0s/2m0s

running (1m58.0s), 100/100 VUs, 6636783 complete and 0 interrupted iterations
test   [  98% ] 100 VUs  1m58.0s/2m0s

running (1m59.0s), 100/100 VUs, 6692917 complete and 0 interrupted iterations
test   [  99% ] 100 VUs  1m59.0s/2m0s

running (2m00.0s), 100/100 VUs, 6749119 complete and 0 interrupted iterations
test   [ 100% ] 100 VUs  2m00.0s/2m0s

     data_received........: 27 MB   225 kB/s
     data_sent............: 269 MB  2.2 MB/s
     iteration_duration...: avg=1.76ms min=154.98µs med=1.61ms max=146.27ms p(90)=2.39ms p(95)=3.03ms
     iterations...........: 6749364 56243.431576/s
     vus..................: 100     min=100        max=100
     vus_max..............: 100     min=100        max=100


running (2m00.0s), 000/100 VUs, 6749364 complete and 0 interrupted iterations
test ✓ [ 100% ] 100 VUs  2m0s
