
          /\      |‾‾| /‾‾/   /‾‾/   
     /\  /  \     |  |/  /   /  /    
    /  \/    \    |     (   /   ‾‾\  
   /          \   |  |\  \ |  (‾)  | 
  / __________ \  |__| \__\ \_____/ .io

     execution: local
        script: tarantool/key-value/tnt.js
        output: -

     scenarios: (100.00%) 1 scenario, 100 max VUs, 2m30s max duration (incl. graceful stop):
              * test: 100 looping VUs for 2m0s (exec: set, gracefulStop: 30s)


running (0m00.8s), 100/100 VUs, 40421 complete and 0 interrupted iterations
test   [   1% ] 100 VUs  0m00.8s/2m0s

running (0m01.8s), 100/100 VUs, 96354 complete and 0 interrupted iterations
test   [   2% ] 100 VUs  0m01.8s/2m0s

running (0m02.8s), 100/100 VUs, 150031 complete and 0 interrupted iterations
test   [   2% ] 100 VUs  0m02.8s/2m0s

running (0m03.8s), 100/100 VUs, 204668 complete and 0 interrupted iterations
test   [   3% ] 100 VUs  0m03.8s/2m0s

running (0m04.8s), 100/100 VUs, 259285 complete and 0 interrupted iterations
test   [   4% ] 100 VUs  0m04.8s/2m0s

running (0m05.8s), 100/100 VUs, 314948 complete and 0 interrupted iterations
test   [   5% ] 100 VUs  0m05.8s/2m0s

running (0m06.8s), 100/100 VUs, 370434 complete and 0 interrupted iterations
test   [   6% ] 100 VUs  0m06.8s/2m0s

running (0m07.8s), 100/100 VUs, 426591 complete and 0 interrupted iterations
test   [   7% ] 100 VUs  0m07.8s/2m0s

running (0m08.8s), 100/100 VUs, 481152 complete and 0 interrupted iterations
test   [   7% ] 100 VUs  0m08.8s/2m0s

running (0m09.8s), 100/100 VUs, 537459 complete and 0 interrupted iterations
test   [   8% ] 100 VUs  0m09.8s/2m0s

running (0m10.8s), 100/100 VUs, 595000 complete and 0 interrupted iterations
test   [   9% ] 100 VUs  0m10.8s/2m0s

running (0m11.8s), 100/100 VUs, 651723 complete and 0 interrupted iterations
test   [  10% ] 100 VUs  0m11.8s/2m0s

running (0m12.8s), 100/100 VUs, 709213 complete and 0 interrupted iterations
test   [  11% ] 100 VUs  0m12.8s/2m0s

running (0m13.8s), 100/100 VUs, 765895 complete and 0 interrupted iterations
test   [  12% ] 100 VUs  0m13.8s/2m0s

running (0m14.8s), 100/100 VUs, 821511 complete and 0 interrupted iterations
test   [  12% ] 100 VUs  0m14.8s/2m0s

running (0m15.8s), 100/100 VUs, 878014 complete and 0 interrupted iterations
test   [  13% ] 100 VUs  0m15.8s/2m0s

running (0m16.8s), 100/100 VUs, 934707 complete and 0 interrupted iterations
test   [  14% ] 100 VUs  0m16.8s/2m0s

running (0m17.8s), 100/100 VUs, 992788 complete and 0 interrupted iterations
test   [  15% ] 100 VUs  0m17.8s/2m0s

running (0m18.8s), 100/100 VUs, 1049414 complete and 0 interrupted iterations
test   [  16% ] 100 VUs  0m18.8s/2m0s

running (0m19.8s), 100/100 VUs, 1106507 complete and 0 interrupted iterations
test   [  17% ] 100 VUs  0m19.8s/2m0s

running (0m20.8s), 100/100 VUs, 1165065 complete and 0 interrupted iterations
test   [  17% ] 100 VUs  0m20.8s/2m0s

running (0m21.8s), 100/100 VUs, 1222913 complete and 0 interrupted iterations
test   [  18% ] 100 VUs  0m21.8s/2m0s

running (0m22.8s), 100/100 VUs, 1280545 complete and 0 interrupted iterations
test   [  19% ] 100 VUs  0m22.8s/2m0s

running (0m23.8s), 100/100 VUs, 1338212 complete and 0 interrupted iterations
test   [  20% ] 100 VUs  0m23.8s/2m0s

running (0m24.8s), 100/100 VUs, 1396710 complete and 0 interrupted iterations
test   [  21% ] 100 VUs  0m24.8s/2m0s

running (0m25.8s), 100/100 VUs, 1454263 complete and 0 interrupted iterations
test   [  22% ] 100 VUs  0m25.8s/2m0s

running (0m26.8s), 100/100 VUs, 1512700 complete and 0 interrupted iterations
test   [  22% ] 100 VUs  0m26.8s/2m0s

running (0m27.8s), 100/100 VUs, 1569591 complete and 0 interrupted iterations
test   [  23% ] 100 VUs  0m27.8s/2m0s

running (0m28.8s), 100/100 VUs, 1626312 complete and 0 interrupted iterations
test   [  24% ] 100 VUs  0m28.8s/2m0s

running (0m29.8s), 100/100 VUs, 1683142 complete and 0 interrupted iterations
test   [  25% ] 100 VUs  0m29.8s/2m0s

running (0m30.8s), 100/100 VUs, 1740377 complete and 0 interrupted iterations
test   [  26% ] 100 VUs  0m30.8s/2m0s

running (0m31.8s), 100/100 VUs, 1797814 complete and 0 interrupted iterations
test   [  27% ] 100 VUs  0m31.8s/2m0s

running (0m32.8s), 100/100 VUs, 1855553 complete and 0 interrupted iterations
test   [  27% ] 100 VUs  0m32.8s/2m0s

running (0m33.8s), 100/100 VUs, 1914408 complete and 0 interrupted iterations
test   [  28% ] 100 VUs  0m33.8s/2m0s

running (0m34.8s), 100/100 VUs, 1971308 complete and 0 interrupted iterations
test   [  29% ] 100 VUs  0m34.8s/2m0s

running (0m35.8s), 100/100 VUs, 2027299 complete and 0 interrupted iterations
test   [  30% ] 100 VUs  0m35.8s/2m0s

running (0m36.8s), 100/100 VUs, 2083482 complete and 0 interrupted iterations
test   [  31% ] 100 VUs  0m36.8s/2m0s

running (0m37.8s), 100/100 VUs, 2140652 complete and 0 interrupted iterations
test   [  32% ] 100 VUs  0m37.8s/2m0s

running (0m38.8s), 100/100 VUs, 2193886 complete and 0 interrupted iterations
test   [  32% ] 100 VUs  0m38.8s/2m0s

running (0m39.8s), 100/100 VUs, 2248778 complete and 0 interrupted iterations
test   [  33% ] 100 VUs  0m39.8s/2m0s

running (0m40.8s), 100/100 VUs, 2304067 complete and 0 interrupted iterations
test   [  34% ] 100 VUs  0m40.8s/2m0s

running (0m41.8s), 100/100 VUs, 2357197 complete and 0 interrupted iterations
test   [  35% ] 100 VUs  0m41.8s/2m0s

running (0m42.8s), 100/100 VUs, 2410045 complete and 0 interrupted iterations
test   [  36% ] 100 VUs  0m42.8s/2m0s

running (0m43.8s), 100/100 VUs, 2463782 complete and 0 interrupted iterations
test   [  37% ] 100 VUs  0m43.8s/2m0s

running (0m44.8s), 100/100 VUs, 2519995 complete and 0 interrupted iterations
test   [  37% ] 100 VUs  0m44.8s/2m0s

running (0m45.8s), 100/100 VUs, 2575525 complete and 0 interrupted iterations
test   [  38% ] 100 VUs  0m45.8s/2m0s

running (0m46.8s), 100/100 VUs, 2630657 complete and 0 interrupted iterations
test   [  39% ] 100 VUs  0m46.8s/2m0s

running (0m47.8s), 100/100 VUs, 2688000 complete and 0 interrupted iterations
test   [  40% ] 100 VUs  0m47.8s/2m0s

running (0m48.8s), 100/100 VUs, 2744890 complete and 0 interrupted iterations
test   [  41% ] 100 VUs  0m48.8s/2m0s

running (0m49.8s), 100/100 VUs, 2800243 complete and 0 interrupted iterations
test   [  42% ] 100 VUs  0m49.8s/2m0s

running (0m50.8s), 100/100 VUs, 2857021 complete and 0 interrupted iterations
test   [  42% ] 100 VUs  0m50.8s/2m0s

running (0m51.8s), 100/100 VUs, 2915794 complete and 0 interrupted iterations
test   [  43% ] 100 VUs  0m51.8s/2m0s

running (0m52.8s), 100/100 VUs, 2974112 complete and 0 interrupted iterations
test   [  44% ] 100 VUs  0m52.8s/2m0s

running (0m53.8s), 100/100 VUs, 3031363 complete and 0 interrupted iterations
test   [  45% ] 100 VUs  0m53.8s/2m0s

running (0m54.8s), 100/100 VUs, 3087680 complete and 0 interrupted iterations
test   [  46% ] 100 VUs  0m54.8s/2m0s

running (0m55.8s), 100/100 VUs, 3144712 complete and 0 interrupted iterations
test   [  47% ] 100 VUs  0m55.8s/2m0s

running (0m56.8s), 100/100 VUs, 3202755 complete and 0 interrupted iterations
test   [  47% ] 100 VUs  0m56.8s/2m0s

running (0m57.8s), 100/100 VUs, 3259895 complete and 0 interrupted iterations
test   [  48% ] 100 VUs  0m57.8s/2m0s

running (0m58.8s), 100/100 VUs, 3318278 complete and 0 interrupted iterations
test   [  49% ] 100 VUs  0m58.8s/2m0s

running (0m59.8s), 100/100 VUs, 3376081 complete and 0 interrupted iterations
test   [  50% ] 100 VUs  0m59.8s/2m0s

running (1m00.8s), 100/100 VUs, 3432486 complete and 0 interrupted iterations
test   [  51% ] 100 VUs  1m00.8s/2m0s

running (1m01.8s), 100/100 VUs, 3491899 complete and 0 interrupted iterations
test   [  52% ] 100 VUs  1m01.8s/2m0s

running (1m02.8s), 100/100 VUs, 3548524 complete and 0 interrupted iterations
test   [  52% ] 100 VUs  1m02.8s/2m0s

running (1m03.8s), 100/100 VUs, 3605613 complete and 0 interrupted iterations
test   [  53% ] 100 VUs  1m03.8s/2m0s

running (1m04.8s), 100/100 VUs, 3662139 complete and 0 interrupted iterations
test   [  54% ] 100 VUs  1m04.8s/2m0s

running (1m05.8s), 100/100 VUs, 3718160 complete and 0 interrupted iterations
test   [  55% ] 100 VUs  1m05.8s/2m0s

running (1m06.8s), 100/100 VUs, 3774759 complete and 0 interrupted iterations
test   [  56% ] 100 VUs  1m06.8s/2m0s

running (1m07.8s), 100/100 VUs, 3831951 complete and 0 interrupted iterations
test   [  57% ] 100 VUs  1m07.8s/2m0s

running (1m08.8s), 100/100 VUs, 3889254 complete and 0 interrupted iterations
test   [  57% ] 100 VUs  1m08.8s/2m0s

running (1m09.8s), 100/100 VUs, 3944887 complete and 0 interrupted iterations
test   [  58% ] 100 VUs  1m09.8s/2m0s

running (1m10.8s), 100/100 VUs, 4000483 complete and 0 interrupted iterations
test   [  59% ] 100 VUs  1m10.8s/2m0s

running (1m11.8s), 100/100 VUs, 4053098 complete and 0 interrupted iterations
test   [  60% ] 100 VUs  1m11.8s/2m0s

running (1m12.8s), 100/100 VUs, 4106057 complete and 0 interrupted iterations
test   [  61% ] 100 VUs  1m12.8s/2m0s

running (1m13.8s), 100/100 VUs, 4160150 complete and 0 interrupted iterations
test   [  62% ] 100 VUs  1m13.8s/2m0s

running (1m14.8s), 100/100 VUs, 4217456 complete and 0 interrupted iterations
test   [  62% ] 100 VUs  1m14.8s/2m0s

running (1m15.8s), 100/100 VUs, 4269277 complete and 0 interrupted iterations
test   [  63% ] 100 VUs  1m15.8s/2m0s

running (1m16.8s), 100/100 VUs, 4324955 complete and 0 interrupted iterations
test   [  64% ] 100 VUs  1m16.8s/2m0s

running (1m17.8s), 100/100 VUs, 4384006 complete and 0 interrupted iterations
test   [  65% ] 100 VUs  1m17.8s/2m0s

running (1m18.8s), 100/100 VUs, 4443362 complete and 0 interrupted iterations
test   [  66% ] 100 VUs  1m18.8s/2m0s

running (1m19.8s), 100/100 VUs, 4501025 complete and 0 interrupted iterations
test   [  67% ] 100 VUs  1m19.8s/2m0s

running (1m20.8s), 100/100 VUs, 4555615 complete and 0 interrupted iterations
test   [  67% ] 100 VUs  1m20.8s/2m0s

running (1m21.8s), 100/100 VUs, 4611112 complete and 0 interrupted iterations
test   [  68% ] 100 VUs  1m21.8s/2m0s

running (1m22.8s), 100/100 VUs, 4667150 complete and 0 interrupted iterations
test   [  69% ] 100 VUs  1m22.8s/2m0s

running (1m23.8s), 100/100 VUs, 4725275 complete and 0 interrupted iterations
test   [  70% ] 100 VUs  1m23.8s/2m0s

running (1m24.8s), 100/100 VUs, 4783424 complete and 0 interrupted iterations
test   [  71% ] 100 VUs  1m24.8s/2m0s

running (1m25.8s), 100/100 VUs, 4839721 complete and 0 interrupted iterations
test   [  72% ] 100 VUs  1m25.8s/2m0s

running (1m26.8s), 100/100 VUs, 4898322 complete and 0 interrupted iterations
test   [  72% ] 100 VUs  1m26.8s/2m0s

running (1m27.8s), 100/100 VUs, 4956896 complete and 0 interrupted iterations
test   [  73% ] 100 VUs  1m27.8s/2m0s

running (1m28.8s), 100/100 VUs, 5013863 complete and 0 interrupted iterations
test   [  74% ] 100 VUs  1m28.8s/2m0s

running (1m29.8s), 100/100 VUs, 5071304 complete and 0 interrupted iterations
test   [  75% ] 100 VUs  1m29.8s/2m0s

running (1m30.8s), 100/100 VUs, 5130454 complete and 0 interrupted iterations
test   [  76% ] 100 VUs  1m30.8s/2m0s

running (1m31.8s), 100/100 VUs, 5188326 complete and 0 interrupted iterations
test   [  77% ] 100 VUs  1m31.8s/2m0s

running (1m32.8s), 100/100 VUs, 5246542 complete and 0 interrupted iterations
test   [  77% ] 100 VUs  1m32.8s/2m0s

running (1m33.8s), 100/100 VUs, 5304107 complete and 0 interrupted iterations
test   [  78% ] 100 VUs  1m33.8s/2m0s

running (1m34.8s), 100/100 VUs, 5363462 complete and 0 interrupted iterations
test   [  79% ] 100 VUs  1m34.8s/2m0s

running (1m35.8s), 100/100 VUs, 5420919 complete and 0 interrupted iterations
test   [  80% ] 100 VUs  1m35.8s/2m0s

running (1m36.8s), 100/100 VUs, 5479973 complete and 0 interrupted iterations
test   [  81% ] 100 VUs  1m36.8s/2m0s

running (1m37.8s), 100/100 VUs, 5540281 complete and 0 interrupted iterations
test   [  82% ] 100 VUs  1m37.8s/2m0s

running (1m38.8s), 100/100 VUs, 5599580 complete and 0 interrupted iterations
test   [  82% ] 100 VUs  1m38.8s/2m0s

running (1m39.8s), 100/100 VUs, 5657231 complete and 0 interrupted iterations
test   [  83% ] 100 VUs  1m39.8s/2m0s

running (1m40.8s), 100/100 VUs, 5715537 complete and 0 interrupted iterations
test   [  84% ] 100 VUs  1m40.8s/2m0s

running (1m41.8s), 100/100 VUs, 5773032 complete and 0 interrupted iterations
test   [  85% ] 100 VUs  1m41.8s/2m0s

running (1m42.8s), 100/100 VUs, 5831412 complete and 0 interrupted iterations
test   [  86% ] 100 VUs  1m42.8s/2m0s

running (1m43.8s), 100/100 VUs, 5888853 complete and 0 interrupted iterations
test   [  87% ] 100 VUs  1m43.8s/2m0s

running (1m44.8s), 100/100 VUs, 5944412 complete and 0 interrupted iterations
test   [  87% ] 100 VUs  1m44.8s/2m0s

running (1m45.8s), 100/100 VUs, 6002245 complete and 0 interrupted iterations
test   [  88% ] 100 VUs  1m45.8s/2m0s

running (1m46.8s), 100/100 VUs, 6057977 complete and 0 interrupted iterations
test   [  89% ] 100 VUs  1m46.8s/2m0s

running (1m47.8s), 100/100 VUs, 6111656 complete and 0 interrupted iterations
test   [  90% ] 100 VUs  1m47.8s/2m0s

running (1m48.8s), 100/100 VUs, 6166880 complete and 0 interrupted iterations
test   [  91% ] 100 VUs  1m48.8s/2m0s

running (1m49.8s), 100/100 VUs, 6221627 complete and 0 interrupted iterations
test   [  92% ] 100 VUs  1m49.8s/2m0s

running (1m50.8s), 100/100 VUs, 6276235 complete and 0 interrupted iterations
test   [  92% ] 100 VUs  1m50.8s/2m0s

running (1m51.8s), 100/100 VUs, 6333016 complete and 0 interrupted iterations
test   [  93% ] 100 VUs  1m51.8s/2m0s

running (1m52.8s), 100/100 VUs, 6389179 complete and 0 interrupted iterations
test   [  94% ] 100 VUs  1m52.8s/2m0s

running (1m53.8s), 100/100 VUs, 6446767 complete and 0 interrupted iterations
test   [  95% ] 100 VUs  1m53.8s/2m0s

running (1m54.8s), 100/100 VUs, 6501935 complete and 0 interrupted iterations
test   [  96% ] 100 VUs  1m54.8s/2m0s

running (1m55.8s), 100/100 VUs, 6560988 complete and 0 interrupted iterations
test   [  97% ] 100 VUs  1m55.8s/2m0s

running (1m56.8s), 100/100 VUs, 6619358 complete and 0 interrupted iterations
test   [  97% ] 100 VUs  1m56.8s/2m0s

running (1m57.8s), 100/100 VUs, 6678604 complete and 0 interrupted iterations
test   [  98% ] 100 VUs  1m57.8s/2m0s

running (1m58.8s), 100/100 VUs, 6737970 complete and 0 interrupted iterations
test   [  99% ] 100 VUs  1m58.8s/2m0s

running (1m59.8s), 100/100 VUs, 6797779 complete and 0 interrupted iterations
test   [ 100% ] 100 VUs  1m59.8s/2m0s

running (2m00.0s), 000/100 VUs, 6809441 complete and 0 interrupted iterations
test ✓ [ 100% ] 100 VUs  2m0s

     data_received........: 0 B     0 B/s
     data_sent............: 0 B     0 B/s
     iteration_duration...: avg=1.74ms min=209.11µs med=1.59ms max=45.9ms p(90)=2.44ms p(95)=2.95ms
     iterations...........: 6809441 56744.607334/s
     vus..................: 100     min=100        max=100
     vus_max..............: 100     min=100        max=100


running (2m00.0s), 000/100 VUs, 6809441 complete and 0 interrupted iterations
test ✓ [ 100% ] 100 VUs  2m0s
