
          /\      |‾‾| /‾‾/   /‾‾/   
     /\  /  \     |  |/  /   /  /    
    /  \/    \    |     (   /   ‾‾\  
   /          \   |  |\  \ |  (‾)  | 
  / __________ \  |__| \__\ \_____/ .io

     execution: local
        script: tarantool/secondary_index/tnt.js
        output: -

     scenarios: (100.00%) 1 scenario, 100 max VUs, 2m30s max duration (incl. graceful stop):
              * test: 100 looping VUs for 2m0s (exec: set, gracefulStop: 30s)


running (0m00.8s), 100/100 VUs, 42564 complete and 0 interrupted iterations
test   [   1% ] 100 VUs  0m00.8s/2m0s

running (0m01.8s), 100/100 VUs, 102587 complete and 0 interrupted iterations
test   [   2% ] 100 VUs  0m01.8s/2m0s

running (0m02.8s), 100/100 VUs, 159344 complete and 0 interrupted iterations
test   [   2% ] 100 VUs  0m02.8s/2m0s

running (0m03.8s), 100/100 VUs, 216388 complete and 0 interrupted iterations
test   [   3% ] 100 VUs  0m03.8s/2m0s

running (0m04.8s), 100/100 VUs, 274233 complete and 0 interrupted iterations
test   [   4% ] 100 VUs  0m04.8s/2m0s

running (0m05.8s), 100/100 VUs, 332356 complete and 0 interrupted iterations
test   [   5% ] 100 VUs  0m05.8s/2m0s

running (0m06.8s), 100/100 VUs, 392582 complete and 0 interrupted iterations
test   [   6% ] 100 VUs  0m06.8s/2m0s

running (0m07.8s), 100/100 VUs, 449518 complete and 0 interrupted iterations
test   [   7% ] 100 VUs  0m07.8s/2m0s

running (0m08.8s), 100/100 VUs, 507387 complete and 0 interrupted iterations
test   [   7% ] 100 VUs  0m08.8s/2m0s

running (0m09.8s), 100/100 VUs, 565508 complete and 0 interrupted iterations
test   [   8% ] 100 VUs  0m09.8s/2m0s

running (0m10.8s), 100/100 VUs, 624703 complete and 0 interrupted iterations
test   [   9% ] 100 VUs  0m10.8s/2m0s

running (0m11.8s), 100/100 VUs, 684284 complete and 0 interrupted iterations
test   [  10% ] 100 VUs  0m11.8s/2m0s

running (0m12.8s), 100/100 VUs, 743297 complete and 0 interrupted iterations
test   [  11% ] 100 VUs  0m12.8s/2m0s

running (0m13.8s), 100/100 VUs, 801657 complete and 0 interrupted iterations
test   [  12% ] 100 VUs  0m13.8s/2m0s

running (0m14.8s), 100/100 VUs, 860573 complete and 0 interrupted iterations
test   [  12% ] 100 VUs  0m14.8s/2m0s

running (0m15.8s), 100/100 VUs, 919875 complete and 0 interrupted iterations
test   [  13% ] 100 VUs  0m15.8s/2m0s

running (0m16.8s), 100/100 VUs, 979704 complete and 0 interrupted iterations
test   [  14% ] 100 VUs  0m16.8s/2m0s

running (0m17.8s), 100/100 VUs, 1039611 complete and 0 interrupted iterations
test   [  15% ] 100 VUs  0m17.8s/2m0s

running (0m18.8s), 100/100 VUs, 1098785 complete and 0 interrupted iterations
test   [  16% ] 100 VUs  0m18.8s/2m0s

running (0m19.8s), 100/100 VUs, 1158055 complete and 0 interrupted iterations
test   [  17% ] 100 VUs  0m19.8s/2m0s

running (0m20.8s), 100/100 VUs, 1217925 complete and 0 interrupted iterations
test   [  17% ] 100 VUs  0m20.8s/2m0s

running (0m21.8s), 100/100 VUs, 1276914 complete and 0 interrupted iterations
test   [  18% ] 100 VUs  0m21.8s/2m0s

running (0m22.8s), 100/100 VUs, 1337114 complete and 0 interrupted iterations
test   [  19% ] 100 VUs  0m22.8s/2m0s

running (0m23.8s), 100/100 VUs, 1396498 complete and 0 interrupted iterations
test   [  20% ] 100 VUs  0m23.8s/2m0s

running (0m24.8s), 100/100 VUs, 1457773 complete and 0 interrupted iterations
test   [  21% ] 100 VUs  0m24.8s/2m0s

running (0m25.8s), 100/100 VUs, 1516919 complete and 0 interrupted iterations
test   [  22% ] 100 VUs  0m25.8s/2m0s

running (0m26.8s), 100/100 VUs, 1576208 complete and 0 interrupted iterations
test   [  22% ] 100 VUs  0m26.8s/2m0s

running (0m27.8s), 100/100 VUs, 1634265 complete and 0 interrupted iterations
test   [  23% ] 100 VUs  0m27.8s/2m0s

running (0m28.8s), 100/100 VUs, 1691882 complete and 0 interrupted iterations
test   [  24% ] 100 VUs  0m28.8s/2m0s

running (0m29.8s), 100/100 VUs, 1751447 complete and 0 interrupted iterations
test   [  25% ] 100 VUs  0m29.8s/2m0s

running (0m30.8s), 100/100 VUs, 1812097 complete and 0 interrupted iterations
test   [  26% ] 100 VUs  0m30.8s/2m0s

running (0m31.8s), 100/100 VUs, 1870170 complete and 0 interrupted iterations
test   [  27% ] 100 VUs  0m31.8s/2m0s

running (0m32.8s), 100/100 VUs, 1927571 complete and 0 interrupted iterations
test   [  27% ] 100 VUs  0m32.8s/2m0s

running (0m33.8s), 100/100 VUs, 1985007 complete and 0 interrupted iterations
test   [  28% ] 100 VUs  0m33.8s/2m0s

running (0m34.8s), 100/100 VUs, 2042105 complete and 0 interrupted iterations
test   [  29% ] 100 VUs  0m34.8s/2m0s

running (0m35.8s), 100/100 VUs, 2099208 complete and 0 interrupted iterations
test   [  30% ] 100 VUs  0m35.8s/2m0s

running (0m36.8s), 100/100 VUs, 2157072 complete and 0 interrupted iterations
test   [  31% ] 100 VUs  0m36.8s/2m0s

running (0m37.8s), 100/100 VUs, 2212276 complete and 0 interrupted iterations
test   [  32% ] 100 VUs  0m37.8s/2m0s

running (0m38.8s), 100/100 VUs, 2270186 complete and 0 interrupted iterations
test   [  32% ] 100 VUs  0m38.8s/2m0s

running (0m39.8s), 100/100 VUs, 2327814 complete and 0 interrupted iterations
test   [  33% ] 100 VUs  0m39.8s/2m0s

running (0m40.8s), 100/100 VUs, 2383495 complete and 0 interrupted iterations
test   [  34% ] 100 VUs  0m40.8s/2m0s

running (0m41.8s), 100/100 VUs, 2442398 complete and 0 interrupted iterations
test   [  35% ] 100 VUs  0m41.8s/2m0s

running (0m42.8s), 100/100 VUs, 2503421 complete and 0 interrupted iterations
test   [  36% ] 100 VUs  0m42.8s/2m0s

running (0m43.8s), 100/100 VUs, 2563017 complete and 0 interrupted iterations
test   [  37% ] 100 VUs  0m43.8s/2m0s

running (0m44.8s), 100/100 VUs, 2621851 complete and 0 interrupted iterations
test   [  37% ] 100 VUs  0m44.8s/2m0s

running (0m45.8s), 100/100 VUs, 2682064 complete and 0 interrupted iterations
test   [  38% ] 100 VUs  0m45.8s/2m0s

running (0m46.8s), 100/100 VUs, 2741665 complete and 0 interrupted iterations
test   [  39% ] 100 VUs  0m46.8s/2m0s

running (0m47.8s), 100/100 VUs, 2798999 complete and 0 interrupted iterations
test   [  40% ] 100 VUs  0m47.8s/2m0s

running (0m48.8s), 100/100 VUs, 2857411 complete and 0 interrupted iterations
test   [  41% ] 100 VUs  0m48.8s/2m0s

running (0m49.8s), 100/100 VUs, 2916796 complete and 0 interrupted iterations
test   [  42% ] 100 VUs  0m49.8s/2m0s

running (0m50.8s), 100/100 VUs, 2974859 complete and 0 interrupted iterations
test   [  42% ] 100 VUs  0m50.8s/2m0s

running (0m51.8s), 100/100 VUs, 3032993 complete and 0 interrupted iterations
test   [  43% ] 100 VUs  0m51.8s/2m0s

running (0m52.8s), 100/100 VUs, 3093336 complete and 0 interrupted iterations
test   [  44% ] 100 VUs  0m52.8s/2m0s

running (0m53.8s), 100/100 VUs, 3154320 complete and 0 interrupted iterations
test   [  45% ] 100 VUs  0m53.8s/2m0s

running (0m54.8s), 100/100 VUs, 3213664 complete and 0 interrupted iterations
test   [  46% ] 100 VUs  0m54.8s/2m0s

running (0m55.8s), 100/100 VUs, 3272585 complete and 0 interrupted iterations
test   [  47% ] 100 VUs  0m55.8s/2m0s

running (0m56.8s), 100/100 VUs, 3333297 complete and 0 interrupted iterations
test   [  47% ] 100 VUs  0m56.8s/2m0s

running (0m57.8s), 100/100 VUs, 3394453 complete and 0 interrupted iterations
test   [  48% ] 100 VUs  0m57.8s/2m0s

running (0m58.8s), 100/100 VUs, 3452393 complete and 0 interrupted iterations
test   [  49% ] 100 VUs  0m58.8s/2m0s

running (0m59.8s), 100/100 VUs, 3513567 complete and 0 interrupted iterations
test   [  50% ] 100 VUs  0m59.8s/2m0s

running (1m00.8s), 100/100 VUs, 3572120 complete and 0 interrupted iterations
test   [  51% ] 100 VUs  1m00.8s/2m0s

running (1m01.8s), 100/100 VUs, 3634023 complete and 0 interrupted iterations
test   [  52% ] 100 VUs  1m01.8s/2m0s

running (1m02.8s), 100/100 VUs, 3665349 complete and 0 interrupted iterations
test   [  52% ] 100 VUs  1m02.8s/2m0s

running (1m03.8s), 100/100 VUs, 3668193 complete and 0 interrupted iterations
test   [  53% ] 100 VUs  1m03.8s/2m0s

running (1m04.8s), 100/100 VUs, 3728060 complete and 0 interrupted iterations
test   [  54% ] 100 VUs  1m04.8s/2m0s

running (1m05.8s), 100/100 VUs, 3786933 complete and 0 interrupted iterations
test   [  55% ] 100 VUs  1m05.8s/2m0s

running (1m06.8s), 100/100 VUs, 3847572 complete and 0 interrupted iterations
test   [  56% ] 100 VUs  1m06.8s/2m0s

running (1m07.8s), 100/100 VUs, 3904871 complete and 0 interrupted iterations
test   [  57% ] 100 VUs  1m07.8s/2m0s

running (1m08.8s), 100/100 VUs, 3962732 complete and 0 interrupted iterations
test   [  57% ] 100 VUs  1m08.8s/2m0s

running (1m09.8s), 100/100 VUs, 4018417 complete and 0 interrupted iterations
test   [  58% ] 100 VUs  1m09.8s/2m0s

running (1m10.8s), 100/100 VUs, 4076754 complete and 0 interrupted iterations
test   [  59% ] 100 VUs  1m10.8s/2m0s

running (1m11.8s), 100/100 VUs, 4135728 complete and 0 interrupted iterations
test   [  60% ] 100 VUs  1m11.8s/2m0s

running (1m12.8s), 100/100 VUs, 4194068 complete and 0 interrupted iterations
test   [  61% ] 100 VUs  1m12.8s/2m0s

running (1m13.8s), 100/100 VUs, 4252799 complete and 0 interrupted iterations
test   [  62% ] 100 VUs  1m13.8s/2m0s

running (1m14.8s), 100/100 VUs, 4306922 complete and 0 interrupted iterations
test   [  62% ] 100 VUs  1m14.8s/2m0s

running (1m15.8s), 100/100 VUs, 4359691 complete and 0 interrupted iterations
test   [  63% ] 100 VUs  1m15.8s/2m0s

running (1m16.8s), 100/100 VUs, 4416255 complete and 0 interrupted iterations
test   [  64% ] 100 VUs  1m16.8s/2m0s

running (1m17.8s), 100/100 VUs, 4473521 complete and 0 interrupted iterations
test   [  65% ] 100 VUs  1m17.8s/2m0s

running (1m18.8s), 100/100 VUs, 4530483 complete and 0 interrupted iterations
test   [  66% ] 100 VUs  1m18.8s/2m0s

running (1m19.8s), 100/100 VUs, 4591332 complete and 0 interrupted iterations
test   [  67% ] 100 VUs  1m19.8s/2m0s

running (1m20.8s), 100/100 VUs, 4652057 complete and 0 interrupted iterations
test   [  67% ] 100 VUs  1m20.8s/2m0s

running (1m21.8s), 100/100 VUs, 4708199 complete and 0 interrupted iterations
test   [  68% ] 100 VUs  1m21.8s/2m0s

running (1m22.8s), 100/100 VUs, 4767343 complete and 0 interrupted iterations
test   [  69% ] 100 VUs  1m22.8s/2m0s

running (1m23.8s), 100/100 VUs, 4825922 complete and 0 interrupted iterations
test   [  70% ] 100 VUs  1m23.8s/2m0s

running (1m24.8s), 100/100 VUs, 4886537 complete and 0 interrupted iterations
test   [  71% ] 100 VUs  1m24.8s/2m0s

running (1m25.8s), 100/100 VUs, 4946841 complete and 0 interrupted iterations
test   [  72% ] 100 VUs  1m25.8s/2m0s

running (1m26.8s), 100/100 VUs, 5005740 complete and 0 interrupted iterations
test   [  72% ] 100 VUs  1m26.8s/2m0s

running (1m27.8s), 100/100 VUs, 5065494 complete and 0 interrupted iterations
test   [  73% ] 100 VUs  1m27.8s/2m0s

running (1m28.8s), 100/100 VUs, 5122830 complete and 0 interrupted iterations
test   [  74% ] 100 VUs  1m28.8s/2m0s

running (1m29.8s), 100/100 VUs, 5182503 complete and 0 interrupted iterations
test   [  75% ] 100 VUs  1m29.8s/2m0s

running (1m30.8s), 100/100 VUs, 5241661 complete and 0 interrupted iterations
test   [  76% ] 100 VUs  1m30.8s/2m0s

running (1m31.8s), 100/100 VUs, 5301542 complete and 0 interrupted iterations
test   [  77% ] 100 VUs  1m31.8s/2m0s

running (1m32.8s), 100/100 VUs, 5362088 complete and 0 interrupted iterations
test   [  77% ] 100 VUs  1m32.8s/2m0s

running (1m33.8s), 100/100 VUs, 5420674 complete and 0 interrupted iterations
test   [  78% ] 100 VUs  1m33.8s/2m0s

running (1m34.8s), 100/100 VUs, 5479227 complete and 0 interrupted iterations
test   [  79% ] 100 VUs  1m34.8s/2m0s

running (1m35.8s), 100/100 VUs, 5538201 complete and 0 interrupted iterations
test   [  80% ] 100 VUs  1m35.8s/2m0s

running (1m36.8s), 100/100 VUs, 5598087 complete and 0 interrupted iterations
test   [  81% ] 100 VUs  1m36.8s/2m0s

running (1m37.8s), 100/100 VUs, 5653414 complete and 0 interrupted iterations
test   [  82% ] 100 VUs  1m37.8s/2m0s

running (1m38.8s), 100/100 VUs, 5710355 complete and 0 interrupted iterations
test   [  82% ] 100 VUs  1m38.8s/2m0s

running (1m39.8s), 100/100 VUs, 5770885 complete and 0 interrupted iterations
test   [  83% ] 100 VUs  1m39.8s/2m0s

running (1m40.8s), 100/100 VUs, 5830960 complete and 0 interrupted iterations
test   [  84% ] 100 VUs  1m40.8s/2m0s

running (1m41.8s), 100/100 VUs, 5888009 complete and 0 interrupted iterations
test   [  85% ] 100 VUs  1m41.8s/2m0s

running (1m42.8s), 100/100 VUs, 5947191 complete and 0 interrupted iterations
test   [  86% ] 100 VUs  1m42.8s/2m0s

running (1m43.8s), 100/100 VUs, 6007094 complete and 0 interrupted iterations
test   [  87% ] 100 VUs  1m43.8s/2m0s

running (1m44.8s), 100/100 VUs, 6067615 complete and 0 interrupted iterations
test   [  87% ] 100 VUs  1m44.8s/2m0s

running (1m45.8s), 100/100 VUs, 6127182 complete and 0 interrupted iterations
test   [  88% ] 100 VUs  1m45.8s/2m0s

running (1m46.8s), 100/100 VUs, 6187500 complete and 0 interrupted iterations
test   [  89% ] 100 VUs  1m46.8s/2m0s

running (1m47.8s), 100/100 VUs, 6248822 complete and 0 interrupted iterations
test   [  90% ] 100 VUs  1m47.8s/2m0s

running (1m48.8s), 100/100 VUs, 6309433 complete and 0 interrupted iterations
test   [  91% ] 100 VUs  1m48.8s/2m0s

running (1m49.8s), 100/100 VUs, 6368212 complete and 0 interrupted iterations
test   [  92% ] 100 VUs  1m49.8s/2m0s

running (1m50.8s), 100/100 VUs, 6428385 complete and 0 interrupted iterations
test   [  92% ] 100 VUs  1m50.8s/2m0s

running (1m51.8s), 100/100 VUs, 6483590 complete and 0 interrupted iterations
test   [  93% ] 100 VUs  1m51.8s/2m0s

running (1m52.8s), 100/100 VUs, 6539816 complete and 0 interrupted iterations
test   [  94% ] 100 VUs  1m52.8s/2m0s

running (1m53.8s), 100/100 VUs, 6599869 complete and 0 interrupted iterations
test   [  95% ] 100 VUs  1m53.8s/2m0s

running (1m54.8s), 100/100 VUs, 6661002 complete and 0 interrupted iterations
test   [  96% ] 100 VUs  1m54.8s/2m0s

running (1m55.8s), 100/100 VUs, 6720071 complete and 0 interrupted iterations
test   [  97% ] 100 VUs  1m55.8s/2m0s

running (1m56.8s), 100/100 VUs, 6782379 complete and 0 interrupted iterations
test   [  97% ] 100 VUs  1m56.8s/2m0s

running (1m57.8s), 100/100 VUs, 6841671 complete and 0 interrupted iterations
test   [  98% ] 100 VUs  1m57.8s/2m0s

running (1m58.8s), 100/100 VUs, 6898755 complete and 0 interrupted iterations
test   [  99% ] 100 VUs  1m58.8s/2m0s

running (1m59.8s), 100/100 VUs, 6957284 complete and 0 interrupted iterations
test   [ 100% ] 100 VUs  1m59.8s/2m0s

running (2m00.0s), 000/100 VUs, 6968997 complete and 0 interrupted iterations
test ✓ [ 100% ] 100 VUs  2m0s

     data_received........: 0 B     0 B/s
     data_sent............: 0 B     0 B/s
     iteration_duration...: avg=1.7ms min=224.5µs med=1.57ms max=1.43s p(90)=2.29ms p(95)=2.68ms
     iterations...........: 6968997 58074.327853/s
     vus..................: 100     min=100        max=100
     vus_max..............: 100     min=100        max=100


running (2m00.0s), 000/100 VUs, 6968997 complete and 0 interrupted iterations
test ✓ [ 100% ] 100 VUs  2m0s
