
          /\      |‾‾| /‾‾/   /‾‾/   
     /\  /  \     |  |/  /   /  /    
    /  \/    \    |     (   /   ‾‾\  
   /          \   |  |\  \ |  (‾)  | 
  / __________ \  |__| \__\ \_____/ .io

     execution: local
        script: tarantool/sets/tnt.js
        output: -

     scenarios: (100.00%) 1 scenario, 100 max VUs, 2m30s max duration (incl. graceful stop):
              * test: 100 looping VUs for 2m0s (exec: add, gracefulStop: 30s)


running (0m00.8s), 100/100 VUs, 42810 complete and 0 interrupted iterations
test   [   1% ] 100 VUs  0m00.8s/2m0s

running (0m01.8s), 100/100 VUs, 95755 complete and 0 interrupted iterations
test   [   2% ] 100 VUs  0m01.8s/2m0s

running (0m02.8s), 100/100 VUs, 147310 complete and 0 interrupted iterations
test   [   2% ] 100 VUs  0m02.8s/2m0s

running (0m03.8s), 100/100 VUs, 201290 complete and 0 interrupted iterations
test   [   3% ] 100 VUs  0m03.8s/2m0s

running (0m04.8s), 100/100 VUs, 258374 complete and 0 interrupted iterations
test   [   4% ] 100 VUs  0m04.8s/2m0s

running (0m05.8s), 100/100 VUs, 314510 complete and 0 interrupted iterations
test   [   5% ] 100 VUs  0m05.8s/2m0s

running (0m06.8s), 100/100 VUs, 371981 complete and 0 interrupted iterations
test   [   6% ] 100 VUs  0m06.8s/2m0s

running (0m07.8s), 100/100 VUs, 428273 complete and 0 interrupted iterations
test   [   7% ] 100 VUs  0m07.8s/2m0s

running (0m08.8s), 100/100 VUs, 484671 complete and 0 interrupted iterations
test   [   7% ] 100 VUs  0m08.8s/2m0s

running (0m09.8s), 100/100 VUs, 542286 complete and 0 interrupted iterations
test   [   8% ] 100 VUs  0m09.8s/2m0s

running (0m10.8s), 100/100 VUs, 600750 complete and 0 interrupted iterations
test   [   9% ] 100 VUs  0m10.8s/2m0s

running (0m11.8s), 100/100 VUs, 659074 complete and 0 interrupted iterations
test   [  10% ] 100 VUs  0m11.8s/2m0s

running (0m12.8s), 100/100 VUs, 714341 complete and 0 interrupted iterations
test   [  11% ] 100 VUs  0m12.8s/2m0s

running (0m13.8s), 100/100 VUs, 770817 complete and 0 interrupted iterations
test   [  12% ] 100 VUs  0m13.8s/2m0s

running (0m14.8s), 100/100 VUs, 828172 complete and 0 interrupted iterations
test   [  12% ] 100 VUs  0m14.8s/2m0s

running (0m15.8s), 100/100 VUs, 887996 complete and 0 interrupted iterations
test   [  13% ] 100 VUs  0m15.8s/2m0s

running (0m16.8s), 100/100 VUs, 946563 complete and 0 interrupted iterations
test   [  14% ] 100 VUs  0m16.8s/2m0s

running (0m17.8s), 100/100 VUs, 1004650 complete and 0 interrupted iterations
test   [  15% ] 100 VUs  0m17.8s/2m0s

running (0m18.8s), 100/100 VUs, 1059534 complete and 0 interrupted iterations
test   [  16% ] 100 VUs  0m18.8s/2m0s

running (0m19.8s), 100/100 VUs, 1116960 complete and 0 interrupted iterations
test   [  17% ] 100 VUs  0m19.8s/2m0s

running (0m20.8s), 100/100 VUs, 1174983 complete and 0 interrupted iterations
test   [  17% ] 100 VUs  0m20.8s/2m0s

running (0m21.8s), 100/100 VUs, 1233984 complete and 0 interrupted iterations
test   [  18% ] 100 VUs  0m21.8s/2m0s

running (0m22.8s), 100/100 VUs, 1292050 complete and 0 interrupted iterations
test   [  19% ] 100 VUs  0m22.8s/2m0s

running (0m23.8s), 100/100 VUs, 1350912 complete and 0 interrupted iterations
test   [  20% ] 100 VUs  0m23.8s/2m0s

running (0m24.8s), 100/100 VUs, 1409604 complete and 0 interrupted iterations
test   [  21% ] 100 VUs  0m24.8s/2m0s

running (0m25.8s), 100/100 VUs, 1467993 complete and 0 interrupted iterations
test   [  22% ] 100 VUs  0m25.8s/2m0s

running (0m26.8s), 100/100 VUs, 1526117 complete and 0 interrupted iterations
test   [  22% ] 100 VUs  0m26.8s/2m0s

running (0m27.8s), 100/100 VUs, 1584082 complete and 0 interrupted iterations
test   [  23% ] 100 VUs  0m27.8s/2m0s

running (0m28.8s), 100/100 VUs, 1643090 complete and 0 interrupted iterations
test   [  24% ] 100 VUs  0m28.8s/2m0s

running (0m29.8s), 100/100 VUs, 1700704 complete and 0 interrupted iterations
test   [  25% ] 100 VUs  0m29.8s/2m0s

running (0m30.8s), 100/100 VUs, 1756931 complete and 0 interrupted iterations
test   [  26% ] 100 VUs  0m30.8s/2m0s

running (0m31.8s), 100/100 VUs, 1811382 complete and 0 interrupted iterations
test   [  27% ] 100 VUs  0m31.8s/2m0s

running (0m32.8s), 100/100 VUs, 1862655 complete and 0 interrupted iterations
test   [  27% ] 100 VUs  0m32.8s/2m0s

running (0m33.8s), 100/100 VUs, 1916384 complete and 0 interrupted iterations
test   [  28% ] 100 VUs  0m33.8s/2m0s

running (0m34.8s), 100/100 VUs, 1975187 complete and 0 interrupted iterations
test   [  29% ] 100 VUs  0m34.8s/2m0s

running (0m35.8s), 100/100 VUs, 2026796 complete and 0 interrupted iterations
test   [  30% ] 100 VUs  0m35.8s/2m0s

running (0m36.8s), 100/100 VUs, 2081358 complete and 0 interrupted iterations
test   [  31% ] 100 VUs  0m36.8s/2m0s

running (0m37.8s), 100/100 VUs, 2139191 complete and 0 interrupted iterations
test   [  32% ] 100 VUs  0m37.8s/2m0s

running (0m38.8s), 100/100 VUs, 2197853 complete and 0 interrupted iterations
test   [  32% ] 100 VUs  0m38.8s/2m0s

running (0m39.8s), 100/100 VUs, 2253911 complete and 0 interrupted iterations
test   [  33% ] 100 VUs  0m39.8s/2m0s

running (0m40.8s), 100/100 VUs, 2311495 complete and 0 interrupted iterations
test   [  34% ] 100 VUs  0m40.8s/2m0s

running (0m41.8s), 100/100 VUs, 2369851 complete and 0 interrupted iterations
test   [  35% ] 100 VUs  0m41.8s/2m0s

running (0m42.8s), 100/100 VUs, 2428037 complete and 0 interrupted iterations
test   [  36% ] 100 VUs  0m42.8s/2m0s

running (0m43.8s), 100/100 VUs, 2486290 complete and 0 interrupted iterations
test   [  37% ] 100 VUs  0m43.8s/2m0s

running (0m44.8s), 100/100 VUs, 2544845 complete and 0 interrupted iterations
test   [  37% ] 100 VUs  0m44.8s/2m0s

running (0m45.8s), 100/100 VUs, 2602128 complete and 0 interrupted iterations
test   [  38% ] 100 VUs  0m45.8s/2m0s

running (0m46.8s), 100/100 VUs, 2659944 complete and 0 interrupted iterations
test   [  39% ] 100 VUs  0m46.8s/2m0s

running (0m47.8s), 100/100 VUs, 2717777 complete and 0 interrupted iterations
test   [  40% ] 100 VUs  0m47.8s/2m0s

running (0m48.8s), 100/100 VUs, 2774116 complete and 0 interrupted iterations
test   [  41% ] 100 VUs  0m48.8s/2m0s

running (0m49.8s), 100/100 VUs, 2831649 complete and 0 interrupted iterations
test   [  42% ] 100 VUs  0m49.8s/2m0s

running (0m50.8s), 100/100 VUs, 2889316 complete and 0 interrupted iterations
test   [  42% ] 100 VUs  0m50.8s/2m0s

running (0m51.8s), 100/100 VUs, 2948021 complete and 0 interrupted iterations
test   [  43% ] 100 VUs  0m51.8s/2m0s

running (0m52.8s), 100/100 VUs, 3004998 complete and 0 interrupted iterations
test   [  44% ] 100 VUs  0m52.8s/2m0s

running (0m53.8s), 100/100 VUs, 3063649 complete and 0 interrupted iterations
test   [  45% ] 100 VUs  0m53.8s/2m0s

running (0m54.8s), 100/100 VUs, 3122133 complete and 0 interrupted iterations
test   [  46% ] 100 VUs  0m54.8s/2m0s

running (0m55.8s), 100/100 VUs, 3179588 complete and 0 interrupted iterations
test   [  47% ] 100 VUs  0m55.8s/2m0s

running (0m56.8s), 100/100 VUs, 3235332 complete and 0 interrupted iterations
test   [  47% ] 100 VUs  0m56.8s/2m0s

running (0m57.8s), 100/100 VUs, 3286697 complete and 0 interrupted iterations
test   [  48% ] 100 VUs  0m57.8s/2m0s

running (0m58.8s), 100/100 VUs, 3315153 complete and 0 interrupted iterations
test   [  49% ] 100 VUs  0m58.8s/2m0s

running (0m59.8s), 100/100 VUs, 3319561 complete and 0 interrupted iterations
test   [  50% ] 100 VUs  0m59.8s/2m0s

running (1m00.8s), 100/100 VUs, 3324925 complete and 0 interrupted iterations
test   [  51% ] 100 VUs  1m00.8s/2m0s

running (1m01.8s), 100/100 VUs, 3334728 complete and 0 interrupted iterations
test   [  52% ] 100 VUs  1m01.8s/2m0s

running (1m02.8s), 100/100 VUs, 3346809 complete and 0 interrupted iterations
test   [  52% ] 100 VUs  1m02.8s/2m0s

running (1m03.8s), 100/100 VUs, 3359890 complete and 0 interrupted iterations
test   [  53% ] 100 VUs  1m03.8s/2m0s

running (1m04.8s), 100/100 VUs, 3372472 complete and 0 interrupted iterations
test   [  54% ] 100 VUs  1m04.8s/2m0s

running (1m05.8s), 100/100 VUs, 3385401 complete and 0 interrupted iterations
test   [  55% ] 100 VUs  1m05.8s/2m0s

running (1m06.8s), 100/100 VUs, 3397200 complete and 0 interrupted iterations
test   [  56% ] 100 VUs  1m06.8s/2m0s

running (1m07.8s), 100/100 VUs, 3408932 complete and 0 interrupted iterations
test   [  57% ] 100 VUs  1m07.8s/2m0s

running (1m08.8s), 100/100 VUs, 3419856 complete and 0 interrupted iterations
test   [  57% ] 100 VUs  1m08.8s/2m0s

running (1m09.8s), 100/100 VUs, 3428599 complete and 0 interrupted iterations
test   [  58% ] 100 VUs  1m09.8s/2m0s

running (1m10.8s), 100/100 VUs, 3437785 complete and 0 interrupted iterations
test   [  59% ] 100 VUs  1m10.8s/2m0s

running (1m11.8s), 100/100 VUs, 3451386 complete and 0 interrupted iterations
test   [  60% ] 100 VUs  1m11.8s/2m0s

running (1m12.8s), 100/100 VUs, 3468971 complete and 0 interrupted iterations
test   [  61% ] 100 VUs  1m12.8s/2m0s

running (1m13.8s), 100/100 VUs, 3482093 complete and 0 interrupted iterations
test   [  62% ] 100 VUs  1m13.8s/2m0s

running (1m14.8s), 100/100 VUs, 3494093 complete and 0 interrupted iterations
test   [  62% ] 100 VUs  1m14.8s/2m0s

running (1m15.8s), 100/100 VUs, 3508052 complete and 0 interrupted iterations
test   [  63% ] 100 VUs  1m15.8s/2m0s

running (1m16.8s), 100/100 VUs, 3520855 complete and 0 interrupted iterations
test   [  64% ] 100 VUs  1m16.8s/2m0s

running (1m17.8s), 100/100 VUs, 3531496 complete and 0 interrupted iterations
test   [  65% ] 100 VUs  1m17.8s/2m0s

running (1m18.8s), 100/100 VUs, 3537063 complete and 0 interrupted iterations
test   [  66% ] 100 VUs  1m18.8s/2m0s

running (1m19.8s), 100/100 VUs, 3544848 complete and 0 interrupted iterations
test   [  67% ] 100 VUs  1m19.8s/2m0s

running (1m20.8s), 100/100 VUs, 3552920 complete and 0 interrupted iterations
test   [  67% ] 100 VUs  1m20.8s/2m0s

running (1m21.8s), 100/100 VUs, 3562129 complete and 0 interrupted iterations
test   [  68% ] 100 VUs  1m21.8s/2m0s

running (1m22.8s), 100/100 VUs, 3570125 complete and 0 interrupted iterations
test   [  69% ] 100 VUs  1m22.8s/2m0s

running (1m23.8s), 100/100 VUs, 3576277 complete and 0 interrupted iterations
test   [  70% ] 100 VUs  1m23.8s/2m0s

running (1m24.8s), 100/100 VUs, 3584879 complete and 0 interrupted iterations
test   [  71% ] 100 VUs  1m24.8s/2m0s

running (1m25.8s), 100/100 VUs, 3594286 complete and 0 interrupted iterations
test   [  72% ] 100 VUs  1m25.8s/2m0s

running (1m26.8s), 100/100 VUs, 3602991 complete and 0 interrupted iterations
test   [  72% ] 100 VUs  1m26.8s/2m0s

running (1m27.8s), 100/100 VUs, 3611384 complete and 0 interrupted iterations
test   [  73% ] 100 VUs  1m27.8s/2m0s

running (1m28.8s), 100/100 VUs, 3623485 complete and 0 interrupted iterations
test   [  74% ] 100 VUs  1m28.8s/2m0s

running (1m29.8s), 100/100 VUs, 3635763 complete and 0 interrupted iterations
test   [  75% ] 100 VUs  1m29.8s/2m0s

running (1m30.8s), 100/100 VUs, 3643192 complete and 0 interrupted iterations
test   [  76% ] 100 VUs  1m30.8s/2m0s

running (1m31.8s), 100/100 VUs, 3649516 complete and 0 interrupted iterations
test   [  77% ] 100 VUs  1m31.8s/2m0s

running (1m32.8s), 100/100 VUs, 3656736 complete and 0 interrupted iterations
test   [  77% ] 100 VUs  1m32.8s/2m0s

running (1m33.8s), 100/100 VUs, 3663540 complete and 0 interrupted iterations
test   [  78% ] 100 VUs  1m33.8s/2m0s

running (1m34.8s), 100/100 VUs, 3672238 complete and 0 interrupted iterations
test   [  79% ] 100 VUs  1m34.8s/2m0s

running (1m35.8s), 100/100 VUs, 3679351 complete and 0 interrupted iterations
test   [  80% ] 100 VUs  1m35.8s/2m0s

running (1m36.8s), 100/100 VUs, 3688032 complete and 0 interrupted iterations
test   [  81% ] 100 VUs  1m36.8s/2m0s

running (1m37.8s), 100/100 VUs, 3700772 complete and 0 interrupted iterations
test   [  82% ] 100 VUs  1m37.8s/2m0s

running (1m38.8s), 100/100 VUs, 3712998 complete and 0 interrupted iterations
test   [  82% ] 100 VUs  1m38.8s/2m0s

running (1m39.8s), 100/100 VUs, 3726431 complete and 0 interrupted iterations
test   [  83% ] 100 VUs  1m39.8s/2m0s

running (1m40.8s), 100/100 VUs, 3738085 complete and 0 interrupted iterations
test   [  84% ] 100 VUs  1m40.8s/2m0s

running (1m41.8s), 100/100 VUs, 3752840 complete and 0 interrupted iterations
test   [  85% ] 100 VUs  1m41.8s/2m0s

running (1m42.8s), 100/100 VUs, 3763623 complete and 0 interrupted iterations
test   [  86% ] 100 VUs  1m42.8s/2m0s

running (1m43.8s), 100/100 VUs, 3774225 complete and 0 interrupted iterations
test   [  87% ] 100 VUs  1m43.8s/2m0s

running (1m44.8s), 100/100 VUs, 3785429 complete and 0 interrupted iterations
test   [  87% ] 100 VUs  1m44.8s/2m0s

running (1m45.8s), 100/100 VUs, 3800859 complete and 0 interrupted iterations
test   [  88% ] 100 VUs  1m45.8s/2m0s

running (1m46.8s), 100/100 VUs, 3815776 complete and 0 interrupted iterations
test   [  89% ] 100 VUs  1m46.8s/2m0s

running (1m47.8s), 100/100 VUs, 3829984 complete and 0 interrupted iterations
test   [  90% ] 100 VUs  1m47.8s/2m0s

running (1m48.8s), 100/100 VUs, 3842173 complete and 0 interrupted iterations
test   [  91% ] 100 VUs  1m48.8s/2m0s

running (1m49.8s), 100/100 VUs, 3858487 complete and 0 interrupted iterations
test   [  92% ] 100 VUs  1m49.8s/2m0s

running (1m50.8s), 100/100 VUs, 3872013 complete and 0 interrupted iterations
test   [  92% ] 100 VUs  1m50.8s/2m0s

running (1m51.8s), 100/100 VUs, 3885494 complete and 0 interrupted iterations
test   [  93% ] 100 VUs  1m51.8s/2m0s

running (1m52.8s), 100/100 VUs, 3898257 complete and 0 interrupted iterations
test   [  94% ] 100 VUs  1m52.8s/2m0s

running (1m53.8s), 100/100 VUs, 3903467 complete and 0 interrupted iterations
test   [  95% ] 100 VUs  1m53.8s/2m0s

running (1m54.8s), 100/100 VUs, 3910801 complete and 0 interrupted iterations
test   [  96% ] 100 VUs  1m54.8s/2m0s

running (1m55.8s), 100/100 VUs, 3917946 complete and 0 interrupted iterations
test   [  97% ] 100 VUs  1m55.8s/2m0s

running (1m56.8s), 100/100 VUs, 3926521 complete and 0 interrupted iterations
test   [  97% ] 100 VUs  1m56.8s/2m0s

running (1m57.8s), 100/100 VUs, 3934001 complete and 0 interrupted iterations
test   [  98% ] 100 VUs  1m57.8s/2m0s

running (1m58.8s), 100/100 VUs, 3942860 complete and 0 interrupted iterations
test   [  99% ] 100 VUs  1m58.8s/2m0s

running (1m59.8s), 100/100 VUs, 3951230 complete and 0 interrupted iterations
test   [ 100% ] 100 VUs  1m59.8s/2m0s

     data_received........: 0 B     0 B/s
     data_sent............: 0 B     0 B/s
     iteration_duration...: avg=1.53ms min=173.32µs med=1.52ms max=45.12ms p(90)=2.26ms p(95)=2.63ms
     iterations...........: 3953033 32940.427363/s
     vus..................: 100     min=100        max=100
     vus_max..............: 100     min=100        max=100


running (2m00.0s), 000/100 VUs, 3953033 complete and 0 interrupted iterations
test ✓ [ 100% ] 100 VUs  2m0s
