
          /\      |‾‾| /‾‾/   /‾‾/   
     /\  /  \     |  |/  /   /  /    
    /  \/    \    |     (   /   ‾‾\  
   /          \   |  |\  \ |  (‾)  | 
  / __________ \  |__| \__\ \_____/ .io

     execution: local
        script: keydb/key-value/redis.js
        output: -

     scenarios: (100.00%) 1 scenario, 100 max VUs, 2m30s max duration (incl. graceful stop):
              * test: 100 looping VUs for 2m0s (exec: set_keys, gracefulStop: 30s)


running (0m01.0s), 100/100 VUs, 51330 complete and 0 interrupted iterations
test   [   1% ] 100 VUs  0m01.0s/2m0s

running (0m02.0s), 100/100 VUs, 111830 complete and 0 interrupted iterations
test   [   2% ] 100 VUs  0m02.0s/2m0s

running (0m03.0s), 100/100 VUs, 173512 complete and 0 interrupted iterations
test   [   2% ] 100 VUs  0m03.0s/2m0s

running (0m04.0s), 100/100 VUs, 235047 complete and 0 interrupted iterations
test   [   3% ] 100 VUs  0m04.0s/2m0s

running (0m05.0s), 100/100 VUs, 298823 complete and 0 interrupted iterations
test   [   4% ] 100 VUs  0m05.0s/2m0s

running (0m06.0s), 100/100 VUs, 359397 complete and 0 interrupted iterations
test   [   5% ] 100 VUs  0m06.0s/2m0s

running (0m07.0s), 100/100 VUs, 422606 complete and 0 interrupted iterations
test   [   6% ] 100 VUs  0m07.0s/2m0s

running (0m08.0s), 100/100 VUs, 485910 complete and 0 interrupted iterations
test   [   7% ] 100 VUs  0m08.0s/2m0s

running (0m09.0s), 100/100 VUs, 548878 complete and 0 interrupted iterations
test   [   7% ] 100 VUs  0m09.0s/2m0s

running (0m10.0s), 100/100 VUs, 613315 complete and 0 interrupted iterations
test   [   8% ] 100 VUs  0m10.0s/2m0s

running (0m11.0s), 100/100 VUs, 676804 complete and 0 interrupted iterations
test   [   9% ] 100 VUs  0m11.0s/2m0s

running (0m12.0s), 100/100 VUs, 741276 complete and 0 interrupted iterations
test   [  10% ] 100 VUs  0m12.0s/2m0s

running (0m13.0s), 100/100 VUs, 805627 complete and 0 interrupted iterations
test   [  11% ] 100 VUs  0m13.0s/2m0s

running (0m14.0s), 100/100 VUs, 870085 complete and 0 interrupted iterations
test   [  12% ] 100 VUs  0m14.0s/2m0s

running (0m15.0s), 100/100 VUs, 935278 complete and 0 interrupted iterations
test   [  12% ] 100 VUs  0m15.0s/2m0s

running (0m16.0s), 100/100 VUs, 999971 complete and 0 interrupted iterations
test   [  13% ] 100 VUs  0m16.0s/2m0s

running (0m17.0s), 100/100 VUs, 1066197 complete and 0 interrupted iterations
test   [  14% ] 100 VUs  0m17.0s/2m0s

running (0m18.0s), 100/100 VUs, 1132610 complete and 0 interrupted iterations
test   [  15% ] 100 VUs  0m18.0s/2m0s

running (0m19.0s), 100/100 VUs, 1199955 complete and 0 interrupted iterations
test   [  16% ] 100 VUs  0m19.0s/2m0s

running (0m20.0s), 100/100 VUs, 1267501 complete and 0 interrupted iterations
test   [  17% ] 100 VUs  0m20.0s/2m0s

running (0m21.0s), 100/100 VUs, 1332856 complete and 0 interrupted iterations
test   [  17% ] 100 VUs  0m21.0s/2m0s

running (0m22.0s), 100/100 VUs, 1401274 complete and 0 interrupted iterations
test   [  18% ] 100 VUs  0m22.0s/2m0s

running (0m23.0s), 100/100 VUs, 1468004 complete and 0 interrupted iterations
test   [  19% ] 100 VUs  0m23.0s/2m0s

running (0m24.0s), 100/100 VUs, 1535728 complete and 0 interrupted iterations
test   [  20% ] 100 VUs  0m24.0s/2m0s

running (0m25.0s), 100/100 VUs, 1602655 complete and 0 interrupted iterations
test   [  21% ] 100 VUs  0m25.0s/2m0s

running (0m26.0s), 100/100 VUs, 1669590 complete and 0 interrupted iterations
test   [  22% ] 100 VUs  0m26.0s/2m0s

running (0m27.0s), 100/100 VUs, 1736940 complete and 0 interrupted iterations
test   [  22% ] 100 VUs  0m27.0s/2m0s

running (0m28.0s), 100/100 VUs, 1804942 complete and 0 interrupted iterations
test   [  23% ] 100 VUs  0m28.0s/2m0s

running (0m29.0s), 100/100 VUs, 1873671 complete and 0 interrupted iterations
test   [  24% ] 100 VUs  0m29.0s/2m0s

running (0m30.0s), 100/100 VUs, 1942549 complete and 0 interrupted iterations
test   [  25% ] 100 VUs  0m30.0s/2m0s

running (0m31.0s), 100/100 VUs, 2012030 complete and 0 interrupted iterations
test   [  26% ] 100 VUs  0m31.0s/2m0s

running (0m32.0s), 100/100 VUs, 2079794 complete and 0 interrupted iterations
test   [  27% ] 100 VUs  0m32.0s/2m0s

running (0m33.0s), 100/100 VUs, 2147263 complete and 0 interrupted iterations
test   [  27% ] 100 VUs  0m33.0s/2m0s

running (0m34.0s), 100/100 VUs, 2215558 complete and 0 interrupted iterations
test   [  28% ] 100 VUs  0m34.0s/2m0s

running (0m35.0s), 100/100 VUs, 2284731 complete and 0 interrupted iterations
test   [  29% ] 100 VUs  0m35.0s/2m0s

running (0m36.0s), 100/100 VUs, 2352932 complete and 0 interrupted iterations
test   [  30% ] 100 VUs  0m36.0s/2m0s

running (0m37.0s), 100/100 VUs, 2422561 complete and 0 interrupted iterations
test   [  31% ] 100 VUs  0m37.0s/2m0s

running (0m38.0s), 100/100 VUs, 2492376 complete and 0 interrupted iterations
test   [  32% ] 100 VUs  0m38.0s/2m0s

running (0m39.0s), 100/100 VUs, 2562623 complete and 0 interrupted iterations
test   [  32% ] 100 VUs  0m39.0s/2m0s

running (0m40.0s), 100/100 VUs, 2632724 complete and 0 interrupted iterations
test   [  33% ] 100 VUs  0m40.0s/2m0s

running (0m41.0s), 100/100 VUs, 2703229 complete and 0 interrupted iterations
test   [  34% ] 100 VUs  0m41.0s/2m0s

running (0m42.0s), 100/100 VUs, 2775027 complete and 0 interrupted iterations
test   [  35% ] 100 VUs  0m42.0s/2m0s

running (0m43.0s), 100/100 VUs, 2846408 complete and 0 interrupted iterations
test   [  36% ] 100 VUs  0m43.0s/2m0s

running (0m44.0s), 100/100 VUs, 2917681 complete and 0 interrupted iterations
test   [  37% ] 100 VUs  0m44.0s/2m0s

running (0m45.0s), 100/100 VUs, 2987830 complete and 0 interrupted iterations
test   [  37% ] 100 VUs  0m45.0s/2m0s

running (0m46.0s), 100/100 VUs, 3058174 complete and 0 interrupted iterations
test   [  38% ] 100 VUs  0m46.0s/2m0s

running (0m47.0s), 100/100 VUs, 3129599 complete and 0 interrupted iterations
test   [  39% ] 100 VUs  0m47.0s/2m0s

running (0m48.0s), 100/100 VUs, 3202134 complete and 0 interrupted iterations
test   [  40% ] 100 VUs  0m48.0s/2m0s

running (0m49.0s), 100/100 VUs, 3271615 complete and 0 interrupted iterations
test   [  41% ] 100 VUs  0m49.0s/2m0s

running (0m50.0s), 100/100 VUs, 3343665 complete and 0 interrupted iterations
test   [  42% ] 100 VUs  0m50.0s/2m0s

running (0m51.0s), 100/100 VUs, 3416265 complete and 0 interrupted iterations
test   [  42% ] 100 VUs  0m51.0s/2m0s

running (0m52.0s), 100/100 VUs, 3488103 complete and 0 interrupted iterations
test   [  43% ] 100 VUs  0m52.0s/2m0s

running (0m53.0s), 100/100 VUs, 3560483 complete and 0 interrupted iterations
test   [  44% ] 100 VUs  0m53.0s/2m0s

running (0m54.0s), 100/100 VUs, 3632132 complete and 0 interrupted iterations
test   [  45% ] 100 VUs  0m54.0s/2m0s

running (0m55.0s), 100/100 VUs, 3703097 complete and 0 interrupted iterations
test   [  46% ] 100 VUs  0m55.0s/2m0s

running (0m56.0s), 100/100 VUs, 3773858 complete and 0 interrupted iterations
test   [  47% ] 100 VUs  0m56.0s/2m0s

running (0m57.0s), 100/100 VUs, 3846064 complete and 0 interrupted iterations
test   [  47% ] 100 VUs  0m57.0s/2m0s

running (0m58.0s), 100/100 VUs, 3918213 complete and 0 interrupted iterations
test   [  48% ] 100 VUs  0m58.0s/2m0s

running (0m59.0s), 100/100 VUs, 3990112 complete and 0 interrupted iterations
test   [  49% ] 100 VUs  0m59.0s/2m0s

running (1m00.0s), 100/100 VUs, 4060957 complete and 0 interrupted iterations
test   [  50% ] 100 VUs  1m00.0s/2m0s

running (1m01.0s), 100/100 VUs, 4133720 complete and 0 interrupted iterations
test   [  51% ] 100 VUs  1m01.0s/2m0s

running (1m02.0s), 100/100 VUs, 4207319 complete and 0 interrupted iterations
test   [  52% ] 100 VUs  1m02.0s/2m0s

running (1m03.0s), 100/100 VUs, 4281120 complete and 0 interrupted iterations
test   [  52% ] 100 VUs  1m03.0s/2m0s

running (1m04.0s), 100/100 VUs, 4356035 complete and 0 interrupted iterations
test   [  53% ] 100 VUs  1m04.0s/2m0s

running (1m05.0s), 100/100 VUs, 4430217 complete and 0 interrupted iterations
test   [  54% ] 100 VUs  1m05.0s/2m0s

running (1m06.0s), 100/100 VUs, 4504259 complete and 0 interrupted iterations
test   [  55% ] 100 VUs  1m06.0s/2m0s

running (1m07.0s), 100/100 VUs, 4577283 complete and 0 interrupted iterations
test   [  56% ] 100 VUs  1m07.0s/2m0s

running (1m08.0s), 100/100 VUs, 4650938 complete and 0 interrupted iterations
test   [  57% ] 100 VUs  1m08.0s/2m0s

running (1m09.0s), 100/100 VUs, 4724376 complete and 0 interrupted iterations
test   [  57% ] 100 VUs  1m09.0s/2m0s

running (1m10.0s), 100/100 VUs, 4797618 complete and 0 interrupted iterations
test   [  58% ] 100 VUs  1m10.0s/2m0s

running (1m11.0s), 100/100 VUs, 4871586 complete and 0 interrupted iterations
test   [  59% ] 100 VUs  1m11.0s/2m0s

running (1m12.0s), 100/100 VUs, 4944999 complete and 0 interrupted iterations
test   [  60% ] 100 VUs  1m12.0s/2m0s

running (1m13.0s), 100/100 VUs, 5019602 complete and 0 interrupted iterations
test   [  61% ] 100 VUs  1m13.0s/2m0s

running (1m14.0s), 100/100 VUs, 5094449 complete and 0 interrupted iterations
test   [  62% ] 100 VUs  1m14.0s/2m0s

running (1m15.0s), 100/100 VUs, 5169568 complete and 0 interrupted iterations
test   [  62% ] 100 VUs  1m15.0s/2m0s

running (1m16.0s), 100/100 VUs, 5244098 complete and 0 interrupted iterations
test   [  63% ] 100 VUs  1m16.0s/2m0s

running (1m17.0s), 100/100 VUs, 5318683 complete and 0 interrupted iterations
test   [  64% ] 100 VUs  1m17.0s/2m0s

running (1m18.0s), 100/100 VUs, 5394285 complete and 0 interrupted iterations
test   [  65% ] 100 VUs  1m18.0s/2m0s

running (1m19.0s), 100/100 VUs, 5468810 complete and 0 interrupted iterations
test   [  66% ] 100 VUs  1m19.0s/2m0s

running (1m20.0s), 100/100 VUs, 5546040 complete and 0 interrupted iterations
test   [  67% ] 100 VUs  1m20.0s/2m0s

running (1m21.0s), 100/100 VUs, 5621717 complete and 0 interrupted iterations
test   [  67% ] 100 VUs  1m21.0s/2m0s

running (1m22.0s), 100/100 VUs, 5698003 complete and 0 interrupted iterations
test   [  68% ] 100 VUs  1m22.0s/2m0s

running (1m23.0s), 100/100 VUs, 5772679 complete and 0 interrupted iterations
test   [  69% ] 100 VUs  1m23.0s/2m0s

running (1m24.0s), 100/100 VUs, 5847604 complete and 0 interrupted iterations
test   [  70% ] 100 VUs  1m24.0s/2m0s

running (1m25.0s), 100/100 VUs, 5923498 complete and 0 interrupted iterations
test   [  71% ] 100 VUs  1m25.0s/2m0s

running (1m26.0s), 100/100 VUs, 5998215 complete and 0 interrupted iterations
test   [  72% ] 100 VUs  1m26.0s/2m0s

running (1m27.0s), 100/100 VUs, 6073501 complete and 0 interrupted iterations
test   [  72% ] 100 VUs  1m27.0s/2m0s

running (1m28.0s), 100/100 VUs, 6149350 complete and 0 interrupted iterations
test   [  73% ] 100 VUs  1m28.0s/2m0s

running (1m29.0s), 100/100 VUs, 6224552 complete and 0 interrupted iterations
test   [  74% ] 100 VUs  1m29.0s/2m0s

running (1m30.0s), 100/100 VUs, 6299864 complete and 0 interrupted iterations
test   [  75% ] 100 VUs  1m30.0s/2m0s

running (1m31.0s), 100/100 VUs, 6373867 complete and 0 interrupted iterations
test   [  76% ] 100 VUs  1m31.0s/2m0s

running (1m32.0s), 100/100 VUs, 6449636 complete and 0 interrupted iterations
test   [  77% ] 100 VUs  1m32.0s/2m0s

running (1m33.0s), 100/100 VUs, 6527788 complete and 0 interrupted iterations
test   [  77% ] 100 VUs  1m33.0s/2m0s

running (1m34.0s), 100/100 VUs, 6605019 complete and 0 interrupted iterations
test   [  78% ] 100 VUs  1m34.0s/2m0s

running (1m35.0s), 100/100 VUs, 6680709 complete and 0 interrupted iterations
test   [  79% ] 100 VUs  1m35.0s/2m0s

running (1m36.0s), 100/100 VUs, 6758512 complete and 0 interrupted iterations
test   [  80% ] 100 VUs  1m36.0s/2m0s

running (1m37.0s), 100/100 VUs, 6835080 complete and 0 interrupted iterations
test   [  81% ] 100 VUs  1m37.0s/2m0s

running (1m38.0s), 100/100 VUs, 6911698 complete and 0 interrupted iterations
test   [  82% ] 100 VUs  1m38.0s/2m0s

running (1m39.0s), 100/100 VUs, 6989270 complete and 0 interrupted iterations
test   [  82% ] 100 VUs  1m39.0s/2m0s

running (1m40.0s), 100/100 VUs, 7067732 complete and 0 interrupted iterations
test   [  83% ] 100 VUs  1m40.0s/2m0s

running (1m41.0s), 100/100 VUs, 7144242 complete and 0 interrupted iterations
test   [  84% ] 100 VUs  1m41.0s/2m0s

running (1m42.0s), 100/100 VUs, 7222918 complete and 0 interrupted iterations
test   [  85% ] 100 VUs  1m42.0s/2m0s

running (1m43.0s), 100/100 VUs, 7299694 complete and 0 interrupted iterations
test   [  86% ] 100 VUs  1m43.0s/2m0s

running (1m44.0s), 100/100 VUs, 7378226 complete and 0 interrupted iterations
test   [  87% ] 100 VUs  1m44.0s/2m0s

running (1m45.0s), 100/100 VUs, 7455312 complete and 0 interrupted iterations
test   [  87% ] 100 VUs  1m45.0s/2m0s

running (1m46.0s), 100/100 VUs, 7532800 complete and 0 interrupted iterations
test   [  88% ] 100 VUs  1m46.0s/2m0s

running (1m47.0s), 100/100 VUs, 7610253 complete and 0 interrupted iterations
test   [  89% ] 100 VUs  1m47.0s/2m0s

running (1m48.0s), 100/100 VUs, 7689503 complete and 0 interrupted iterations
test   [  90% ] 100 VUs  1m48.0s/2m0s

running (1m49.0s), 100/100 VUs, 7768104 complete and 0 interrupted iterations
test   [  91% ] 100 VUs  1m49.0s/2m0s

running (1m50.0s), 100/100 VUs, 7845922 complete and 0 interrupted iterations
test   [  92% ] 100 VUs  1m50.0s/2m0s

running (1m51.0s), 100/100 VUs, 7920550 complete and 0 interrupted iterations
test   [  92% ] 100 VUs  1m51.0s/2m0s

running (1m52.0s), 100/100 VUs, 8000231 complete and 0 interrupted iterations
test   [  93% ] 100 VUs  1m52.0s/2m0s

running (1m53.0s), 100/100 VUs, 8079693 complete and 0 interrupted iterations
test   [  94% ] 100 VUs  1m53.0s/2m0s

running (1m54.0s), 100/100 VUs, 8159624 complete and 0 interrupted iterations
test   [  95% ] 100 VUs  1m54.0s/2m0s

running (1m55.0s), 100/100 VUs, 8239596 complete and 0 interrupted iterations
test   [  96% ] 100 VUs  1m55.0s/2m0s

running (1m56.0s), 100/100 VUs, 8318670 complete and 0 interrupted iterations
test   [  97% ] 100 VUs  1m56.0s/2m0s

running (1m57.0s), 100/100 VUs, 8397572 complete and 0 interrupted iterations
test   [  97% ] 100 VUs  1m57.0s/2m0s

running (1m58.0s), 100/100 VUs, 8476802 complete and 0 interrupted iterations
test   [  98% ] 100 VUs  1m58.0s/2m0s

running (1m59.0s), 100/100 VUs, 8554546 complete and 0 interrupted iterations
test   [  99% ] 100 VUs  1m59.0s/2m0s

running (2m00.0s), 100/100 VUs, 8634210 complete and 0 interrupted iterations
test   [ 100% ] 100 VUs  2m00.0s/2m0s

running (2m00.0s), 000/100 VUs, 8634634 complete and 0 interrupted iterations
test ✓ [ 100% ] 100 VUs  2m0s

     data_received........: 43 MB   360 kB/s
     data_sent............: 305 MB  2.5 MB/s
     iteration_duration...: avg=1.35ms min=132.97µs med=1.04ms max=190.97ms p(90)=2.63ms p(95)=3.46ms
     iterations...........: 8634634 71954.560639/s
     vus..................: 100     min=100        max=100
     vus_max..............: 100     min=100        max=100


running (2m00.0s), 000/100 VUs, 8634634 complete and 0 interrupted iterations
test ✓ [ 100% ] 100 VUs  2m0s
